11:05:34 [GPU0] INFO     Worker GPU 0 started, CuPy: True
11:05:34 [GPU0] INFO     Processing L5/layer08
11:06:30 [GPU0] INFO       L5/layer08/all: S_T computed (43.8s, N=122223, alpha=5.37e-03)
11:13:01 [GPU0] DEBUG      [a_units] n_sig=9 n_novel=9 merged=18 pc_perm=9 angle=77.9
11:20:19 [GPU0] DEBUG      [a_tens] n_sig=9 n_novel=9 merged=18 pc_perm=9 angle=79.1
11:27:59 [GPU0] DEBUG      [a_hundreds] n_sig=8 n_novel=8 merged=16 pc_perm=8 angle=79.1
11:34:28 [GPU0] DEBUG      [b_units] n_sig=9 n_novel=9 merged=18 pc_perm=9 angle=76.2
11:40:46 [GPU0] DEBUG      [b_tens] n_sig=9 n_novel=9 merged=18 pc_perm=9 angle=79.9
11:47:12 [GPU0] DEBUG      [b_hundreds] n_sig=8 n_novel=8 merged=16 pc_perm=8 angle=80.8
11:55:38 [GPU0] DEBUG      [ans_digit_0_msf] n_sig=8 n_novel=8 merged=12 pc_perm=8 angle=83.5
12:02:53 [GPU0] DEBUG      [ans_digit_1_msf] n_sig=9 n_novel=9 merged=16 pc_perm=4 angle=82.4
12:10:16 [GPU0] DEBUG      [ans_digit_2_msf] n_sig=4 n_novel=4 merged=11 pc_perm=2 angle=84.0
12:15:02 [GPU0] DEBUG      [ans_digit_3_msf] n_sig=2 n_novel=2 merged=10 pc_perm=1 angle=83.6
12:21:57 [GPU0] DEBUG      [ans_digit_4_msf] n_sig=9 n_novel=9 merged=13 pc_perm=9 angle=84.9
12:27:47 [GPU0] DEBUG      [ans_digit_5_msf] n_sig=9 n_novel=9 merged=18 pc_perm=9 angle=80.9
12:33:53 [GPU0] DEBUG      [carry_0] n_sig=8 n_novel=8 merged=16 pc_perm=8 angle=80.3
12:40:45 [GPU0] DEBUG      [carry_1] n_sig=12 n_novel=12 merged=14 pc_perm=12 angle=85.2
12:46:51 [GPU0] DEBUG      [carry_2] n_sig=10 n_novel=10 merged=13 pc_perm=9 angle=85.9
12:52:47 [GPU0] DEBUG      [carry_3] n_sig=9 n_novel=9 merged=12 pc_perm=9 angle=83.8
12:58:33 [GPU0] DEBUG      [carry_4] n_sig=5 n_novel=5 merged=8 pc_perm=5 angle=84.9
13:04:58 [GPU0] DEBUG      [col_sum_0] n_sig=9 n_novel=9 merged=17 pc_perm=9 angle=79.9
13:10:26 [GPU0] DEBUG      [col_sum_1] n_sig=9 n_novel=9 merged=11 pc_perm=9 angle=85.5
13:16:12 [GPU0] DEBUG      [col_sum_2] n_sig=7 n_novel=7 merged=9 pc_perm=9 angle=87.4
13:22:31 [GPU0] DEBUG      [col_sum_3] n_sig=9 n_novel=9 merged=12 pc_perm=9 angle=85.5
13:28:43 [GPU0] DEBUG      [col_sum_4] n_sig=8 n_novel=8 merged=13 pc_perm=9 angle=83.5
13:29:55 [GPU0] DEBUG      [correct] n_sig=1 n_novel=1 merged=2 pc_perm=1 angle=88.6
13:35:25 [GPU0] DEBUG      [n_nonzero_carries] n_sig=5 n_novel=5 merged=8 pc_perm=5 angle=81.4
13:55:57 [GPU0] DEBUG      [total_carry_sum] n_sig=42 n_novel=42 merged=79 pc_perm=37 angle=75.4
14:04:20 [GPU0] DEBUG      [max_carry_value] n_sig=19 n_novel=19 merged=22 pc_perm=22 angle=83.4
14:05:08 [GPU0] DEBUG      [n_answer_digits] n_sig=1 n_novel=1 merged=2 pc_perm=1 angle=87.6
14:09:34 [GPU0] DEBUG      [product_binned] n_sig=9 n_novel=9 merged=11 pc_perm=9 angle=85.5
14:10:10 [GPU0] DEBUG      [digit_correct_pos0] n_sig=1 n_novel=1 merged=2 pc_perm=1 angle=86.9
14:10:42 [GPU0] DEBUG      [digit_correct_pos1] n_sig=1 n_novel=1 merged=2 pc_perm=1 angle=88.2
14:11:14 [GPU0] DEBUG      [digit_correct_pos2] n_sig=1 n_novel=1 merged=2 pc_perm=1 angle=87.8
14:11:45 [GPU0] DEBUG      [digit_correct_pos3] n_sig=1 n_novel=1 merged=2 pc_perm=1 angle=88.7
14:12:18 [GPU0] DEBUG      [digit_correct_pos4] n_sig=1 n_novel=1 merged=2 pc_perm=1 angle=88.3
14:12:57 [GPU0] DEBUG      [digit_correct_pos5] n_sig=1 n_novel=1 merged=2 pc_perm=1 angle=88.3
14:18:19 [GPU0] DEBUG      [pp_a0_x_b0] n_sig=8 n_novel=8 merged=16 pc_perm=8 angle=80.9
14:23:56 [GPU0] DEBUG      [pp_a0_x_b1] n_sig=8 n_novel=8 merged=15 pc_perm=8 angle=84.3
14:29:43 [GPU0] DEBUG      [pp_a0_x_b2] n_sig=8 n_novel=8 merged=15 pc_perm=8 angle=86.3
14:35:09 [GPU0] DEBUG      [pp_a1_x_b0] n_sig=8 n_novel=8 merged=16 pc_perm=8 angle=84.0
14:40:00 [GPU0] DEBUG      [pp_a1_x_b1] n_sig=8 n_novel=8 merged=14 pc_perm=8 angle=83.9
14:45:20 [GPU0] DEBUG      [pp_a1_x_b2] n_sig=8 n_novel=8 merged=12 pc_perm=8 angle=86.6
14:49:43 [GPU0] DEBUG      [pp_a2_x_b0] n_sig=8 n_novel=8 merged=15 pc_perm=8 angle=85.7
14:54:46 [GPU0] DEBUG      [pp_a2_x_b1] n_sig=8 n_novel=8 merged=16 pc_perm=8 angle=81.1
15:00:24 [GPU0] DEBUG      [pp_a2_x_b2] n_sig=7 n_novel=7 merged=11 pc_perm=8 angle=84.5
15:00:40 [GPU0] INFO       L5/layer08/correct: S_T computed (15.1s, N=4197, alpha=1.91e-04)
15:02:19 [GPU0] DEBUG      [a_units] n_sig=9 n_novel=9 merged=15 pc_perm=9 angle=83.9
15:03:42 [GPU0] DEBUG      [a_tens] n_sig=9 n_novel=9 merged=18 pc_perm=9 angle=84.7
15:04:54 [GPU0] DEBUG      [a_hundreds] n_sig=8 n_novel=8 merged=16 pc_perm=8 angle=84.1
15:06:15 [GPU0] DEBUG      [b_units] n_sig=9 n_novel=9 merged=18 pc_perm=9 angle=83.1
15:07:38 [GPU0] DEBUG      [b_tens] n_sig=9 n_novel=9 merged=18 pc_perm=9 angle=85.2
15:08:48 [GPU0] DEBUG      [b_hundreds] n_sig=8 n_novel=8 merged=16 pc_perm=8 angle=84.8
15:09:35 [GPU0] DEBUG      [ans_digit_0_msf] n_sig=8 n_novel=8 merged=16 pc_perm=8 angle=86.0
15:10:27 [GPU0] DEBUG      [ans_digit_1_msf] n_sig=3 n_novel=3 merged=3 pc_perm=0 angle=86.7
15:10:33 [GPU0] DEBUG      [ans_digit_2_msf] n_sig=0 n_novel=0 merged=0 pc_perm=0 
15:11:54 [GPU0] DEBUG      [ans_digit_3_msf] n_sig=4 n_novel=4 merged=11 pc_perm=9 angle=87.7
15:12:45 [GPU0] DEBUG      [ans_digit_4_msf] n_sig=9 n_novel=9 merged=18 pc_perm=9 angle=86.7
15:13:53 [GPU0] DEBUG      [ans_digit_5_msf] n_sig=7 n_novel=7 merged=14 pc_perm=7 angle=86.6
15:15:34 [GPU0] DEBUG      [carry_0] n_sig=8 n_novel=8 merged=12 pc_perm=8 angle=87.7
15:17:16 [GPU0] DEBUG      [carry_1] n_sig=7 n_novel=7 merged=11 pc_perm=11 angle=88.3
15:18:20 [GPU0] DEBUG      [carry_2] n_sig=12 n_novel=12 merged=15 pc_perm=7 angle=88.0
15:19:38 [GPU0] DEBUG      [carry_3] n_sig=9 n_novel=9 merged=14 pc_perm=9 angle=86.9
15:20:45 [GPU0] DEBUG      [carry_4] n_sig=5 n_novel=5 merged=9 pc_perm=5 angle=86.7
15:21:56 [GPU0] DEBUG      [col_sum_0] n_sig=9 n_novel=9 merged=14 pc_perm=9 angle=87.2
15:22:56 [GPU0] DEBUG      [col_sum_1] n_sig=7 n_novel=7 merged=10 pc_perm=9 angle=88.3
15:23:54 [GPU0] DEBUG      [col_sum_2] n_sig=6 n_novel=6 merged=9 pc_perm=5 angle=87.9
15:25:27 [GPU0] DEBUG      [col_sum_3] n_sig=9 n_novel=9 merged=18 pc_perm=9 angle=86.7
15:26:43 [GPU0] DEBUG      [col_sum_4] n_sig=9 n_novel=9 merged=15 pc_perm=9 angle=87.1
15:27:48 [GPU0] DEBUG      [n_nonzero_carries] n_sig=5 n_novel=5 merged=9 pc_perm=5 angle=87.5
15:29:20 [GPU0] DEBUG      [total_carry_sum] n_sig=24 n_novel=24 merged=35 pc_perm=11 angle=87.5
15:30:23 [GPU0] DEBUG      [max_carry_value] n_sig=15 n_novel=15 merged=20 pc_perm=15 angle=87.1
15:30:35 [GPU0] DEBUG      [n_answer_digits] n_sig=1 n_novel=1 merged=2 pc_perm=1 angle=89.2
15:31:45 [GPU0] DEBUG      [product_binned] n_sig=9 n_novel=9 merged=11 pc_perm=9 angle=88.5
15:32:57 [GPU0] DEBUG      [pp_a0_x_b0] n_sig=8 n_novel=8 merged=13 pc_perm=8 angle=88.0
15:34:29 [GPU0] DEBUG      [pp_a0_x_b1] n_sig=8 n_novel=8 merged=16 pc_perm=8 angle=87.3
15:35:56 [GPU0] DEBUG      [pp_a0_x_b2] n_sig=8 n_novel=8 merged=16 pc_perm=8 angle=86.5
15:37:27 [GPU0] DEBUG      [pp_a1_x_b0] n_sig=8 n_novel=8 merged=16 pc_perm=8 angle=87.4
15:38:43 [GPU0] DEBUG      [pp_a1_x_b1] n_sig=8 n_novel=8 merged=16 pc_perm=8 angle=86.9
15:39:41 [GPU0] DEBUG      [pp_a1_x_b2] n_sig=7 n_novel=7 merged=14 pc_perm=7 angle=86.6
15:40:35 [GPU0] DEBUG      [pp_a2_x_b0] n_sig=8 n_novel=8 merged=12 pc_perm=8 angle=87.6
15:41:42 [GPU0] DEBUG      [pp_a2_x_b1] n_sig=7 n_novel=7 merged=11 pc_perm=7 angle=87.3
15:43:04 [GPU0] DEBUG      [pp_a2_x_b2] n_sig=7 n_novel=7 merged=14 pc_perm=7 angle=86.0
15:43:39 [GPU0] INFO       L5/layer08/wrong: S_T computed (34.4s, N=118026, alpha=5.17e-03)
15:49:25 [GPU0] DEBUG      [a_units] n_sig=9 n_novel=9 merged=18 pc_perm=9 angle=77.9
15:55:23 [GPU0] DEBUG      [a_tens] n_sig=9 n_novel=9 merged=18 pc_perm=9 angle=79.1
16:01:56 [GPU0] DEBUG      [a_hundreds] n_sig=8 n_novel=8 merged=16 pc_perm=8 angle=79.1
16:08:39 [GPU0] DEBUG      [b_units] n_sig=9 n_novel=9 merged=18 pc_perm=9 angle=76.2
16:15:46 [GPU0] DEBUG      [b_tens] n_sig=9 n_novel=9 merged=18 pc_perm=9 angle=79.8
16:21:42 [GPU0] DEBUG      [b_hundreds] n_sig=8 n_novel=8 merged=16 pc_perm=8 angle=80.9
16:26:45 [GPU0] DEBUG      [ans_digit_0_msf] n_sig=8 n_novel=8 merged=12 pc_perm=8 angle=83.6
16:31:12 [GPU0] DEBUG      [ans_digit_1_msf] n_sig=9 n_novel=9 merged=16 pc_perm=6 angle=82.6
16:36:04 [GPU0] DEBUG      [ans_digit_2_msf] n_sig=4 n_novel=4 merged=11 pc_perm=2 angle=84.2
16:41:36 [GPU0] DEBUG      [ans_digit_3_msf] n_sig=2 n_novel=2 merged=10 pc_perm=1 angle=83.3
16:47:57 [GPU0] DEBUG      [ans_digit_4_msf] n_sig=9 n_novel=9 merged=13 pc_perm=9 angle=84.9
16:53:18 [GPU0] DEBUG      [ans_digit_5_msf] n_sig=9 n_novel=9 merged=18 pc_perm=9 angle=81.1
17:01:04 [GPU0] DEBUG      [carry_0] n_sig=8 n_novel=8 merged=16 pc_perm=8 angle=80.2
17:08:24 [GPU0] DEBUG      [carry_1] n_sig=12 n_novel=12 merged=14 pc_perm=12 angle=85.3
17:15:53 [GPU0] DEBUG      [carry_2] n_sig=10 n_novel=10 merged=13 pc_perm=9 angle=85.0
17:23:24 [GPU0] DEBUG      [carry_3] n_sig=9 n_novel=9 merged=12 pc_perm=9 angle=83.8
17:29:25 [GPU0] DEBUG      [carry_4] n_sig=5 n_novel=5 merged=8 pc_perm=5 angle=84.9
17:35:03 [GPU0] DEBUG      [col_sum_0] n_sig=9 n_novel=9 merged=17 pc_perm=9 angle=79.9
17:40:22 [GPU0] DEBUG      [col_sum_1] n_sig=9 n_novel=9 merged=11 pc_perm=9 angle=85.5
17:44:58 [GPU0] DEBUG      [col_sum_2] n_sig=7 n_novel=7 merged=9 pc_perm=9 angle=87.4
17:48:50 [GPU0] DEBUG      [col_sum_3] n_sig=9 n_novel=9 merged=12 pc_perm=9 angle=85.7
17:55:03 [GPU0] DEBUG      [col_sum_4] n_sig=8 n_novel=8 merged=13 pc_perm=9 angle=84.0
18:01:00 [GPU0] DEBUG      [n_nonzero_carries] n_sig=5 n_novel=5 merged=8 pc_perm=5 angle=81.8
18:19:47 [GPU0] DEBUG      [total_carry_sum] n_sig=43 n_novel=43 merged=78 pc_perm=35 angle=75.6
18:28:34 [GPU0] DEBUG      [max_carry_value] n_sig=19 n_novel=19 merged=42 pc_perm=23 angle=76.8
18:29:09 [GPU0] DEBUG      [n_answer_digits] n_sig=1 n_novel=1 merged=2 pc_perm=1 angle=87.6
18:37:12 [GPU0] DEBUG      [product_binned] n_sig=9 n_novel=9 merged=11 pc_perm=9 angle=85.5
18:44:05 [GPU0] DEBUG      [pp_a0_x_b0] n_sig=8 n_novel=8 merged=16 pc_perm=8 angle=80.8
18:50:37 [GPU0] DEBUG      [pp_a0_x_b1] n_sig=8 n_novel=8 merged=15 pc_perm=8 angle=84.2
18:55:42 [GPU0] DEBUG      [pp_a0_x_b2] n_sig=8 n_novel=8 merged=15 pc_perm=8 angle=86.3
19:01:13 [GPU0] DEBUG      [pp_a1_x_b0] n_sig=8 n_novel=8 merged=16 pc_perm=8 angle=84.0
19:06:47 [GPU0] DEBUG      [pp_a1_x_b1] n_sig=8 n_novel=8 merged=14 pc_perm=8 angle=83.9
19:12:35 [GPU0] DEBUG      [pp_a1_x_b2] n_sig=8 n_novel=8 merged=12 pc_perm=8 angle=86.7
19:17:58 [GPU0] DEBUG      [pp_a2_x_b0] n_sig=8 n_novel=8 merged=15 pc_perm=8 angle=85.7
19:23:49 [GPU0] DEBUG      [pp_a2_x_b1] n_sig=8 n_novel=8 merged=16 pc_perm=8 angle=81.0
19:30:46 [GPU0] DEBUG      [pp_a2_x_b2] n_sig=8 n_novel=8 merged=12 pc_perm=8 angle=84.5
19:30:46 [GPU0] INFO     Processing L5/layer28
19:31:28 [GPU0] INFO       L5/layer28/all: S_T computed (32.2s, N=122223, alpha=1.46e-01)
19:39:25 [GPU0] DEBUG      [a_units] n_sig=9 n_novel=9 merged=18 pc_perm=9 angle=75.4
19:45:56 [GPU0] DEBUG      [a_tens] n_sig=9 n_novel=9 merged=18 pc_perm=9 angle=77.6
19:53:00 [GPU0] DEBUG      [a_hundreds] n_sig=8 n_novel=8 merged=16 pc_perm=8 angle=78.4
19:59:35 [GPU0] DEBUG      [b_units] n_sig=9 n_novel=9 merged=14 pc_perm=9 angle=76.3
20:06:01 [GPU0] DEBUG      [b_tens] n_sig=9 n_novel=9 merged=18 pc_perm=9 angle=78.0
20:12:54 [GPU0] DEBUG      [b_hundreds] n_sig=8 n_novel=8 merged=16 pc_perm=8 angle=79.3
20:19:58 [GPU0] DEBUG      [ans_digit_0_msf] n_sig=8 n_novel=8 merged=11 pc_perm=8 angle=84.2
20:26:06 [GPU0] DEBUG      [ans_digit_1_msf] n_sig=9 n_novel=9 merged=16 pc_perm=7 angle=81.8
20:31:25 [GPU0] DEBUG      [ans_digit_2_msf] n_sig=4 n_novel=4 merged=4 pc_perm=0 angle=83.9
20:37:10 [GPU0] DEBUG      [ans_digit_3_msf] n_sig=2 n_novel=2 merged=2 pc_perm=0 angle=83.4
20:43:39 [GPU0] DEBUG      [ans_digit_4_msf] n_sig=9 n_novel=9 merged=18 pc_perm=9 angle=81.4
20:47:43 [GPU0] DEBUG      [ans_digit_5_msf] n_sig=9 n_novel=9 merged=18 pc_perm=9 angle=80.3
20:52:55 [GPU0] DEBUG      [carry_0] n_sig=8 n_novel=8 merged=16 pc_perm=8 angle=78.8
20:57:14 [GPU0] DEBUG      [carry_1] n_sig=12 n_novel=12 merged=15 pc_perm=12 angle=84.3
21:02:36 [GPU0] DEBUG      [carry_2] n_sig=9 n_novel=9 merged=13 pc_perm=10 angle=83.4
21:06:46 [GPU0] DEBUG      [carry_3] n_sig=9 n_novel=9 merged=11 pc_perm=9 angle=87.3
21:11:03 [GPU0] DEBUG      [carry_4] n_sig=5 n_novel=5 merged=8 pc_perm=5 angle=84.7
21:16:15 [GPU0] DEBUG      [col_sum_0] n_sig=9 n_novel=9 merged=13 pc_perm=9 angle=81.5
21:20:38 [GPU0] DEBUG      [col_sum_1] n_sig=9 n_novel=9 merged=11 pc_perm=9 angle=84.9
21:24:54 [GPU0] DEBUG      [col_sum_2] n_sig=7 n_novel=7 merged=9 pc_perm=8 angle=87.7
21:29:38 [GPU0] DEBUG      [col_sum_3] n_sig=9 n_novel=9 merged=12 pc_perm=9 angle=85.1
21:34:43 [GPU0] DEBUG      [col_sum_4] n_sig=8 n_novel=8 merged=13 pc_perm=9 angle=83.9
21:35:42 [GPU0] DEBUG      [correct] n_sig=1 n_novel=1 merged=2 pc_perm=1 angle=88.2
21:41:01 [GPU0] DEBUG      [n_nonzero_carries] n_sig=5 n_novel=5 merged=7 pc_perm=5 angle=79.2
21:58:56 [GPU0] DEBUG      [total_carry_sum] n_sig=43 n_novel=43 merged=47 pc_perm=46 angle=81.4
22:05:45 [GPU0] DEBUG      [max_carry_value] n_sig=19 n_novel=19 merged=22 pc_perm=22 angle=82.0
22:06:21 [GPU0] DEBUG      [n_answer_digits] n_sig=1 n_novel=1 merged=2 pc_perm=1 angle=87.4
22:11:00 [GPU0] DEBUG      [product_binned] n_sig=9 n_novel=9 merged=11 pc_perm=9 angle=86.0
22:11:44 [GPU0] DEBUG      [digit_correct_pos0] n_sig=1 n_novel=1 merged=1 pc_perm=0 angle=86.1
22:12:29 [GPU0] DEBUG      [digit_correct_pos1] n_sig=1 n_novel=1 merged=2 pc_perm=1 angle=87.8
22:13:03 [GPU0] DEBUG      [digit_correct_pos2] n_sig=1 n_novel=1 merged=2 pc_perm=1 angle=87.5
22:13:39 [GPU0] DEBUG      [digit_correct_pos3] n_sig=1 n_novel=1 merged=2 pc_perm=1 angle=88.3
22:14:12 [GPU0] DEBUG      [digit_correct_pos4] n_sig=1 n_novel=1 merged=2 pc_perm=1 angle=87.9
22:14:43 [GPU0] DEBUG      [digit_correct_pos5] n_sig=1 n_novel=1 merged=2 pc_perm=1 angle=88.6
22:21:27 [GPU0] DEBUG      [pp_a0_x_b0] n_sig=8 n_novel=8 merged=16 pc_perm=8 angle=79.1
22:27:51 [GPU0] DEBUG      [pp_a0_x_b1] n_sig=8 n_novel=8 merged=16 pc_perm=8 angle=82.6
22:35:10 [GPU0] DEBUG      [pp_a0_x_b2] n_sig=8 n_novel=8 merged=12 pc_perm=8 angle=86.0
22:41:23 [GPU0] DEBUG      [pp_a1_x_b0] n_sig=8 n_novel=8 merged=15 pc_perm=8 angle=83.5
22:47:42 [GPU0] DEBUG      [pp_a1_x_b1] n_sig=8 n_novel=8 merged=16 pc_perm=8 angle=83.3
22:53:53 [GPU0] DEBUG      [pp_a1_x_b2] n_sig=8 n_novel=8 merged=15 pc_perm=8 angle=84.0
23:00:08 [GPU0] DEBUG      [pp_a2_x_b0] n_sig=8 n_novel=8 merged=15 pc_perm=8 angle=85.9
23:06:10 [GPU0] DEBUG      [pp_a2_x_b1] n_sig=8 n_novel=8 merged=15 pc_perm=8 angle=84.2
23:12:09 [GPU0] DEBUG      [pp_a2_x_b2] n_sig=7 n_novel=7 merged=10 pc_perm=8 angle=84.9
23:12:16 [GPU0] INFO       L5/layer28/correct: S_T computed (7.2s, N=4197, alpha=4.97e-03)
23:14:01 [GPU0] DEBUG      [a_units] n_sig=9 n_novel=9 merged=18 pc_perm=9 angle=82.5
23:15:07 [GPU0] DEBUG      [a_tens] n_sig=9 n_novel=9 merged=18 pc_perm=9 angle=83.7
23:16:33 [GPU0] DEBUG      [a_hundreds] n_sig=8 n_novel=8 merged=16 pc_perm=8 angle=83.3
23:18:00 [GPU0] DEBUG      [b_units] n_sig=9 n_novel=9 merged=14 pc_perm=9 angle=84.6
23:19:36 [GPU0] DEBUG      [b_tens] n_sig=9 n_novel=9 merged=18 pc_perm=9 angle=84.0
23:20:56 [GPU0] DEBUG      [b_hundreds] n_sig=8 n_novel=8 merged=16 pc_perm=8 angle=83.2
23:22:08 [GPU0] DEBUG      [ans_digit_0_msf] n_sig=8 n_novel=8 merged=16 pc_perm=8 angle=86.1
23:23:26 [GPU0] DEBUG      [ans_digit_1_msf] n_sig=3 n_novel=3 merged=3 pc_perm=0 angle=87.0
23:23:39 [GPU0] DEBUG      [ans_digit_2_msf] n_sig=0 n_novel=0 merged=0 pc_perm=0 
23:25:01 [GPU0] DEBUG      [ans_digit_3_msf] n_sig=1 n_novel=1 merged=3 pc_perm=2 angle=89.3
23:26:18 [GPU0] DEBUG      [ans_digit_4_msf] n_sig=9 n_novel=9 merged=18 pc_perm=9 angle=86.4
23:27:28 [GPU0] DEBUG      [ans_digit_5_msf] n_sig=7 n_novel=7 merged=14 pc_perm=7 angle=86.9
23:28:48 [GPU0] DEBUG      [carry_0] n_sig=8 n_novel=8 merged=12 pc_perm=8 angle=88.0
23:29:57 [GPU0] DEBUG      [carry_1] n_sig=7 n_novel=7 merged=11 pc_perm=12 angle=88.1
23:31:19 [GPU0] DEBUG      [carry_2] n_sig=12 n_novel=12 merged=15 pc_perm=8 angle=88.0
23:32:29 [GPU0] DEBUG      [carry_3] n_sig=9 n_novel=9 merged=13 pc_perm=9 angle=87.2
23:33:55 [GPU0] DEBUG      [carry_4] n_sig=5 n_novel=5 merged=10 pc_perm=5 angle=86.5
23:35:16 [GPU0] DEBUG      [col_sum_0] n_sig=9 n_novel=9 merged=13 pc_perm=9 angle=87.8
23:36:33 [GPU0] DEBUG      [col_sum_1] n_sig=6 n_novel=6 merged=9 pc_perm=8 angle=88.3
23:37:47 [GPU0] DEBUG      [col_sum_2] n_sig=6 n_novel=6 merged=9 pc_perm=4 angle=87.9
23:39:23 [GPU0] DEBUG      [col_sum_3] n_sig=9 n_novel=9 merged=13 pc_perm=9 angle=87.6
23:40:22 [GPU0] DEBUG      [col_sum_4] n_sig=9 n_novel=9 merged=18 pc_perm=9 angle=86.0
23:41:20 [GPU0] DEBUG      [n_nonzero_carries] n_sig=5 n_novel=5 merged=9 pc_perm=5 angle=87.2
23:42:57 [GPU0] DEBUG      [total_carry_sum] n_sig=33 n_novel=33 merged=44 pc_perm=23 angle=86.6
23:44:09 [GPU0] DEBUG      [max_carry_value] n_sig=16 n_novel=16 merged=31 pc_perm=15 angle=85.4
23:44:25 [GPU0] DEBUG      [n_answer_digits] n_sig=1 n_novel=1 merged=2 pc_perm=1 angle=89.1
23:45:43 [GPU0] DEBUG      [product_binned] n_sig=9 n_novel=9 merged=11 pc_perm=9 angle=88.2
23:46:51 [GPU0] DEBUG      [pp_a0_x_b0] n_sig=8 n_novel=8 merged=12 pc_perm=8 angle=88.2
23:48:12 [GPU0] DEBUG      [pp_a0_x_b1] n_sig=8 n_novel=8 merged=13 pc_perm=8 angle=87.6
23:49:31 [GPU0] DEBUG      [pp_a0_x_b2] n_sig=8 n_novel=8 merged=16 pc_perm=8 angle=86.1
23:50:58 [GPU0] DEBUG      [pp_a1_x_b0] n_sig=8 n_novel=8 merged=16 pc_perm=8 angle=87.0
23:51:42 [GPU0] DEBUG      [pp_a1_x_b1] n_sig=8 n_novel=8 merged=16 pc_perm=8 angle=86.4
23:52:26 [GPU0] DEBUG      [pp_a1_x_b2] n_sig=7 n_novel=7 merged=14 pc_perm=7 angle=86.1
23:53:42 [GPU0] DEBUG      [pp_a2_x_b0] n_sig=8 n_novel=8 merged=16 pc_perm=8 angle=86.6
23:55:32 [GPU0] DEBUG      [pp_a2_x_b1] n_sig=7 n_novel=7 merged=14 pc_perm=7 angle=86.4
23:56:53 [GPU0] DEBUG      [pp_a2_x_b2] n_sig=7 n_novel=7 merged=7 pc_perm=0 angle=86.0
23:57:21 [GPU0] INFO       L5/layer28/wrong: S_T computed (26.9s, N=118026, alpha=1.41e-01)
00:04:19 [GPU0] DEBUG      [a_units] n_sig=9 n_novel=9 merged=18 pc_perm=9 angle=75.4
00:10:35 [GPU0] DEBUG      [a_tens] n_sig=9 n_novel=9 merged=18 pc_perm=9 angle=77.7
00:16:06 [GPU0] DEBUG      [a_hundreds] n_sig=8 n_novel=8 merged=16 pc_perm=8 angle=78.4
00:22:22 [GPU0] DEBUG      [b_units] n_sig=9 n_novel=9 merged=15 pc_perm=9 angle=76.1
00:27:41 [GPU0] DEBUG      [b_tens] n_sig=9 n_novel=9 merged=18 pc_perm=9 angle=78.0
00:33:38 [GPU0] DEBUG      [b_hundreds] n_sig=8 n_novel=8 merged=16 pc_perm=8 angle=79.4
00:37:51 [GPU0] DEBUG      [ans_digit_0_msf] n_sig=8 n_novel=8 merged=11 pc_perm=8 angle=84.4
00:42:30 [GPU0] DEBUG      [ans_digit_1_msf] n_sig=9 n_novel=9 merged=16 pc_perm=7 angle=81.7
00:47:16 [GPU0] DEBUG      [ans_digit_2_msf] n_sig=4 n_novel=4 merged=4 pc_perm=0 angle=83.7
00:53:46 [GPU0] DEBUG      [ans_digit_3_msf] n_sig=2 n_novel=2 merged=2 pc_perm=0 angle=82.6
00:59:45 [GPU0] DEBUG      [ans_digit_4_msf] n_sig=9 n_novel=9 merged=18 pc_perm=9 angle=80.9
01:05:47 [GPU0] DEBUG      [ans_digit_5_msf] n_sig=9 n_novel=9 merged=18 pc_perm=9 angle=80.2
01:12:28 [GPU0] DEBUG      [carry_0] n_sig=8 n_novel=8 merged=16 pc_perm=8 angle=78.3
01:19:59 [GPU0] DEBUG      [carry_1] n_sig=12 n_novel=12 merged=14 pc_perm=12 angle=84.8
01:26:37 [GPU0] DEBUG      [carry_2] n_sig=9 n_novel=9 merged=12 pc_perm=10 angle=83.0
01:34:42 [GPU0] DEBUG      [carry_3] n_sig=9 n_novel=9 merged=11 pc_perm=9 angle=87.3
01:40:09 [GPU0] DEBUG      [carry_4] n_sig=5 n_novel=5 merged=8 pc_perm=5 angle=84.7
01:46:09 [GPU0] DEBUG      [col_sum_0] n_sig=9 n_novel=9 merged=13 pc_perm=9 angle=81.7
01:52:40 [GPU0] DEBUG      [col_sum_1] n_sig=9 n_novel=9 merged=11 pc_perm=9 angle=84.9
02:00:39 [GPU0] DEBUG      [col_sum_2] n_sig=7 n_novel=7 merged=9 pc_perm=9 angle=87.7
02:06:47 [GPU0] DEBUG      [col_sum_3] n_sig=9 n_novel=9 merged=12 pc_perm=9 angle=85.1
02:11:20 [GPU0] DEBUG      [col_sum_4] n_sig=8 n_novel=8 merged=13 pc_perm=9 angle=84.2
02:16:01 [GPU0] DEBUG      [n_nonzero_carries] n_sig=5 n_novel=5 merged=7 pc_perm=5 angle=79.9
02:34:38 [GPU0] DEBUG      [total_carry_sum] n_sig=44 n_novel=44 merged=48 pc_perm=44 angle=80.5
02:41:48 [GPU0] DEBUG      [max_carry_value] n_sig=19 n_novel=19 merged=22 pc_perm=22 angle=80.6
02:43:08 [GPU0] DEBUG      [n_answer_digits] n_sig=1 n_novel=1 merged=2 pc_perm=1 angle=87.4
02:51:31 [GPU0] DEBUG      [product_binned] n_sig=9 n_novel=9 merged=11 pc_perm=9 angle=86.0
03:00:02 [GPU0] DEBUG      [pp_a0_x_b0] n_sig=8 n_novel=8 merged=16 pc_perm=8 angle=78.6
03:07:31 [GPU0] DEBUG      [pp_a0_x_b1] n_sig=8 n_novel=8 merged=16 pc_perm=8 angle=82.7
03:13:46 [GPU0] DEBUG      [pp_a0_x_b2] n_sig=8 n_novel=8 merged=12 pc_perm=8 angle=86.1
03:19:42 [GPU0] DEBUG      [pp_a1_x_b0] n_sig=8 n_novel=8 merged=15 pc_perm=8 angle=83.4
03:25:20 [GPU0] DEBUG      [pp_a1_x_b1] n_sig=8 n_novel=8 merged=16 pc_perm=8 angle=83.1
03:31:59 [GPU0] DEBUG      [pp_a1_x_b2] n_sig=8 n_novel=8 merged=15 pc_perm=8 angle=84.0
03:37:46 [GPU0] DEBUG      [pp_a2_x_b0] n_sig=8 n_novel=8 merged=15 pc_perm=8 angle=85.8
03:42:29 [GPU0] DEBUG      [pp_a2_x_b1] n_sig=8 n_novel=8 merged=15 pc_perm=8 angle=84.2
03:47:13 [GPU0] DEBUG      [pp_a2_x_b2] n_sig=8 n_novel=8 merged=11 pc_perm=8 angle=84.9
03:47:14 [GPU0] INFO     Worker GPU 0 finished
