11:05:34 [GPU3] INFO     Worker GPU 3 started, CuPy: True
11:05:34 [GPU3] INFO     Processing L5/layer04
11:05:52 [GPU3] INFO       L5/layer04/all: S_T computed (14.9s, N=122223, alpha=1.08e-03)
11:06:33 [GPU3] DEBUG      [a_units] cached (n_sig=9)
11:06:33 [GPU3] DEBUG      [a_tens] cached (n_sig=9)
11:06:33 [GPU3] DEBUG      [a_hundreds] cached (n_sig=8)
11:06:33 [GPU3] DEBUG      [b_units] cached (n_sig=9)
11:06:33 [GPU3] DEBUG      [b_tens] cached (n_sig=9)
11:06:33 [GPU3] DEBUG      [b_hundreds] cached (n_sig=8)
11:06:33 [GPU3] DEBUG      [ans_digit_0_msf] cached (n_sig=8)
11:06:33 [GPU3] DEBUG      [ans_digit_1_msf] cached (n_sig=9)
11:06:33 [GPU3] DEBUG      [ans_digit_2_msf] cached (n_sig=2)
11:06:33 [GPU3] DEBUG      [ans_digit_3_msf] cached (n_sig=2)
11:06:33 [GPU3] DEBUG      [ans_digit_4_msf] cached (n_sig=9)
11:06:33 [GPU3] DEBUG      [ans_digit_5_msf] cached (n_sig=9)
11:06:33 [GPU3] DEBUG      [carry_0] cached (n_sig=8)
11:06:33 [GPU3] DEBUG      [carry_1] cached (n_sig=12)
11:06:33 [GPU3] DEBUG      [carry_2] cached (n_sig=9)
11:06:33 [GPU3] DEBUG      [carry_3] cached (n_sig=9)
11:06:33 [GPU3] DEBUG      [carry_4] cached (n_sig=5)
11:06:33 [GPU3] DEBUG      [col_sum_0] cached (n_sig=9)
11:06:33 [GPU3] DEBUG      [col_sum_1] cached (n_sig=9)
11:06:33 [GPU3] DEBUG      [col_sum_2] cached (n_sig=7)
11:06:33 [GPU3] DEBUG      [col_sum_3] cached (n_sig=9)
11:06:33 [GPU3] DEBUG      [col_sum_4] cached (n_sig=8)
11:06:33 [GPU3] DEBUG      [correct] cached (n_sig=1)
11:06:33 [GPU3] DEBUG      [n_nonzero_carries] cached (n_sig=5)
11:21:50 [GPU3] DEBUG      [total_carry_sum] n_sig=40 n_novel=40 merged=45 pc_perm=16 angle=83.9
11:29:36 [GPU3] DEBUG      [max_carry_value] n_sig=18 n_novel=18 merged=21 pc_perm=22 angle=84.1
11:30:22 [GPU3] DEBUG      [n_answer_digits] n_sig=1 n_novel=1 merged=2 pc_perm=1 angle=88.6
11:35:48 [GPU3] DEBUG      [product_binned] n_sig=9 n_novel=9 merged=11 pc_perm=9 angle=86.5
11:36:23 [GPU3] DEBUG      [digit_correct_pos0] n_sig=1 n_novel=1 merged=2 pc_perm=1 angle=87.5
11:37:08 [GPU3] DEBUG      [digit_correct_pos1] n_sig=1 n_novel=1 merged=2 pc_perm=1 angle=88.6
11:38:06 [GPU3] DEBUG      [digit_correct_pos2] n_sig=1 n_novel=1 merged=2 pc_perm=1 angle=88.5
11:39:06 [GPU3] DEBUG      [digit_correct_pos3] n_sig=1 n_novel=1 merged=2 pc_perm=1 angle=88.9
11:39:53 [GPU3] DEBUG      [digit_correct_pos4] n_sig=1 n_novel=1 merged=2 pc_perm=1 angle=88.9
11:40:33 [GPU3] DEBUG      [digit_correct_pos5] n_sig=1 n_novel=1 merged=2 pc_perm=1 angle=88.7
11:46:54 [GPU3] DEBUG      [pp_a0_x_b0] n_sig=8 n_novel=8 merged=14 pc_perm=8 angle=83.8
11:55:27 [GPU3] DEBUG      [pp_a0_x_b1] n_sig=8 n_novel=8 merged=15 pc_perm=8 angle=86.5
12:01:06 [GPU3] DEBUG      [pp_a0_x_b2] n_sig=8 n_novel=8 merged=15 pc_perm=8 angle=88.2
12:07:05 [GPU3] DEBUG      [pp_a1_x_b0] n_sig=8 n_novel=8 merged=16 pc_perm=8 angle=85.3
12:12:41 [GPU3] DEBUG      [pp_a1_x_b1] n_sig=8 n_novel=8 merged=15 pc_perm=8 angle=87.6
12:19:37 [GPU3] DEBUG      [pp_a1_x_b2] n_sig=8 n_novel=8 merged=15 pc_perm=8 angle=87.6
12:26:06 [GPU3] DEBUG      [pp_a2_x_b0] n_sig=8 n_novel=8 merged=16 pc_perm=8 angle=85.9
12:33:00 [GPU3] DEBUG      [pp_a2_x_b1] n_sig=8 n_novel=8 merged=15 pc_perm=8 angle=87.6
12:40:20 [GPU3] DEBUG      [pp_a2_x_b2] n_sig=7 n_novel=7 merged=15 pc_perm=8 angle=84.1
12:40:33 [GPU3] INFO       L5/layer04/correct: S_T computed (13.3s, N=4197, alpha=4.05e-05)
12:42:15 [GPU3] DEBUG      [a_units] n_sig=9 n_novel=9 merged=15 pc_perm=9 angle=81.8
12:43:28 [GPU3] DEBUG      [a_tens] n_sig=9 n_novel=9 merged=18 pc_perm=9 angle=82.9
12:44:12 [GPU3] DEBUG      [a_hundreds] n_sig=8 n_novel=8 merged=14 pc_perm=8 angle=82.9
12:45:53 [GPU3] DEBUG      [b_units] n_sig=9 n_novel=9 merged=18 pc_perm=9 angle=83.8
12:47:47 [GPU3] DEBUG      [b_tens] n_sig=9 n_novel=9 merged=18 pc_perm=9 angle=85.9
12:49:10 [GPU3] DEBUG      [b_hundreds] n_sig=8 n_novel=8 merged=16 pc_perm=8 angle=85.4
12:50:23 [GPU3] DEBUG      [ans_digit_0_msf] n_sig=8 n_novel=8 merged=15 pc_perm=4 angle=86.9
12:51:54 [GPU3] DEBUG      [ans_digit_1_msf] n_sig=3 n_novel=3 merged=3 pc_perm=0 angle=87.4
12:52:13 [GPU3] DEBUG      [ans_digit_2_msf] n_sig=0 n_novel=0 merged=0 pc_perm=0 
12:54:09 [GPU3] DEBUG      [ans_digit_3_msf] n_sig=2 n_novel=2 merged=8 pc_perm=7 angle=89.0
12:55:42 [GPU3] DEBUG      [ans_digit_4_msf] n_sig=9 n_novel=9 merged=18 pc_perm=9 angle=87.2
12:57:26 [GPU3] DEBUG      [ans_digit_5_msf] n_sig=7 n_novel=7 merged=14 pc_perm=7 angle=87.2
12:59:16 [GPU3] DEBUG      [carry_0] n_sig=8 n_novel=8 merged=16 pc_perm=8 angle=87.8
13:00:19 [GPU3] DEBUG      [carry_1] n_sig=8 n_novel=8 merged=20 pc_perm=12 angle=87.3
13:01:14 [GPU3] DEBUG      [carry_2] n_sig=10 n_novel=10 merged=13 pc_perm=8 angle=88.5
13:02:44 [GPU3] DEBUG      [carry_3] n_sig=9 n_novel=9 merged=13 pc_perm=8 angle=87.9
13:04:12 [GPU3] DEBUG      [carry_4] n_sig=5 n_novel=5 merged=9 pc_perm=5 angle=87.4
13:06:04 [GPU3] DEBUG      [col_sum_0] n_sig=9 n_novel=9 merged=18 pc_perm=9 angle=87.3
13:07:32 [GPU3] DEBUG      [col_sum_1] n_sig=7 n_novel=7 merged=16 pc_perm=9 angle=87.4
13:08:47 [GPU3] DEBUG      [col_sum_2] n_sig=5 n_novel=5 merged=8 pc_perm=5 angle=88.6
13:10:23 [GPU3] DEBUG      [col_sum_3] n_sig=9 n_novel=9 merged=13 pc_perm=9 angle=88.2
13:11:26 [GPU3] DEBUG      [col_sum_4] n_sig=9 n_novel=9 merged=14 pc_perm=9 angle=88.0
13:12:45 [GPU3] DEBUG      [n_nonzero_carries] n_sig=5 n_novel=5 merged=8 pc_perm=5 angle=88.1
13:13:56 [GPU3] DEBUG      [total_carry_sum] n_sig=26 n_novel=26 merged=38 pc_perm=22 angle=87.4
13:15:26 [GPU3] DEBUG      [max_carry_value] n_sig=15 n_novel=15 merged=20 pc_perm=16 angle=87.5
13:15:35 [GPU3] DEBUG      [n_answer_digits] n_sig=1 n_novel=1 merged=2 pc_perm=1 angle=89.5
13:16:59 [GPU3] DEBUG      [product_binned] n_sig=9 n_novel=9 merged=11 pc_perm=8 angle=88.6
13:18:20 [GPU3] DEBUG      [pp_a0_x_b0] n_sig=8 n_novel=8 merged=16 pc_perm=8 angle=87.3
13:19:42 [GPU3] DEBUG      [pp_a0_x_b1] n_sig=8 n_novel=8 merged=16 pc_perm=8 angle=87.8
13:20:57 [GPU3] DEBUG      [pp_a0_x_b2] n_sig=8 n_novel=8 merged=15 pc_perm=8 angle=88.4
13:22:13 [GPU3] DEBUG      [pp_a1_x_b0] n_sig=8 n_novel=8 merged=16 pc_perm=8 angle=87.9
13:23:32 [GPU3] DEBUG      [pp_a1_x_b1] n_sig=8 n_novel=8 merged=16 pc_perm=8 angle=87.3
13:24:36 [GPU3] DEBUG      [pp_a1_x_b2] n_sig=7 n_novel=7 merged=14 pc_perm=7 angle=87.4
13:26:10 [GPU3] DEBUG      [pp_a2_x_b0] n_sig=8 n_novel=8 merged=16 pc_perm=8 angle=87.6
13:27:33 [GPU3] DEBUG      [pp_a2_x_b1] n_sig=7 n_novel=7 merged=14 pc_perm=7 angle=87.4
13:28:41 [GPU3] DEBUG      [pp_a2_x_b2] n_sig=7 n_novel=7 merged=14 pc_perm=7 angle=86.5
13:29:16 [GPU3] INFO       L5/layer04/wrong: S_T computed (34.0s, N=118026, alpha=1.04e-03)
13:34:43 [GPU3] DEBUG      [a_units] n_sig=9 n_novel=9 merged=18 pc_perm=9 angle=75.6
13:39:39 [GPU3] DEBUG      [a_tens] n_sig=9 n_novel=9 merged=18 pc_perm=9 angle=77.4
13:45:18 [GPU3] DEBUG      [a_hundreds] n_sig=8 n_novel=8 merged=16 pc_perm=8 angle=77.7
13:50:41 [GPU3] DEBUG      [b_units] n_sig=9 n_novel=9 merged=18 pc_perm=9 angle=79.9
13:57:24 [GPU3] DEBUG      [b_tens] n_sig=9 n_novel=9 merged=18 pc_perm=9 angle=83.3
14:03:11 [GPU3] DEBUG      [b_hundreds] n_sig=8 n_novel=8 merged=16 pc_perm=8 angle=82.5
14:08:08 [GPU3] DEBUG      [ans_digit_0_msf] n_sig=8 n_novel=8 merged=12 pc_perm=8 angle=87.0
14:13:01 [GPU3] DEBUG      [ans_digit_1_msf] n_sig=9 n_novel=9 merged=16 pc_perm=6 angle=85.4
14:18:03 [GPU3] DEBUG      [ans_digit_2_msf] n_sig=2 n_novel=2 merged=10 pc_perm=1 angle=86.4
14:22:59 [GPU3] DEBUG      [ans_digit_3_msf] n_sig=2 n_novel=2 merged=10 pc_perm=2 angle=85.2
14:28:00 [GPU3] DEBUG      [ans_digit_4_msf] n_sig=9 n_novel=9 merged=13 pc_perm=8 angle=87.5
14:32:05 [GPU3] DEBUG      [ans_digit_5_msf] n_sig=9 n_novel=9 merged=17 pc_perm=9 angle=85.4
14:37:29 [GPU3] DEBUG      [carry_0] n_sig=8 n_novel=8 merged=16 pc_perm=8 angle=82.8
14:42:02 [GPU3] DEBUG      [carry_1] n_sig=12 n_novel=12 merged=14 pc_perm=12 angle=86.7
14:47:07 [GPU3] DEBUG      [carry_2] n_sig=9 n_novel=9 merged=12 pc_perm=9 angle=85.9
14:51:43 [GPU3] DEBUG      [carry_3] n_sig=9 n_novel=9 merged=18 pc_perm=9 angle=85.5
14:56:32 [GPU3] DEBUG      [carry_4] n_sig=5 n_novel=5 merged=8 pc_perm=5 angle=87.4
15:01:26 [GPU3] DEBUG      [col_sum_0] n_sig=9 n_novel=9 merged=16 pc_perm=9 angle=83.6
15:06:51 [GPU3] DEBUG      [col_sum_1] n_sig=9 n_novel=9 merged=11 pc_perm=9 angle=87.1
15:11:22 [GPU3] DEBUG      [col_sum_2] n_sig=7 n_novel=7 merged=9 pc_perm=9 angle=88.3
15:16:59 [GPU3] DEBUG      [col_sum_3] n_sig=9 n_novel=9 merged=18 pc_perm=9 angle=85.9
15:21:55 [GPU3] DEBUG      [col_sum_4] n_sig=8 n_novel=8 merged=12 pc_perm=9 angle=87.7
15:26:38 [GPU3] DEBUG      [n_nonzero_carries] n_sig=5 n_novel=5 merged=8 pc_perm=5 angle=82.9
15:37:45 [GPU3] DEBUG      [total_carry_sum] n_sig=41 n_novel=41 merged=58 pc_perm=17 angle=78.5
15:44:40 [GPU3] DEBUG      [max_carry_value] n_sig=18 n_novel=18 merged=21 pc_perm=22 angle=84.1
15:45:32 [GPU3] DEBUG      [n_answer_digits] n_sig=1 n_novel=1 merged=2 pc_perm=1 angle=88.6
15:52:15 [GPU3] DEBUG      [product_binned] n_sig=9 n_novel=9 merged=11 pc_perm=9 angle=86.5
15:57:39 [GPU3] DEBUG      [pp_a0_x_b0] n_sig=8 n_novel=8 merged=14 pc_perm=8 angle=83.4
16:04:59 [GPU3] DEBUG      [pp_a0_x_b1] n_sig=8 n_novel=8 merged=15 pc_perm=8 angle=86.4
16:11:05 [GPU3] DEBUG      [pp_a0_x_b2] n_sig=8 n_novel=8 merged=15 pc_perm=8 angle=88.2
16:17:43 [GPU3] DEBUG      [pp_a1_x_b0] n_sig=8 n_novel=8 merged=16 pc_perm=8 angle=85.3
16:23:21 [GPU3] DEBUG      [pp_a1_x_b1] n_sig=8 n_novel=8 merged=15 pc_perm=8 angle=87.6
16:28:48 [GPU3] DEBUG      [pp_a1_x_b2] n_sig=8 n_novel=8 merged=15 pc_perm=8 angle=87.6
16:34:10 [GPU3] DEBUG      [pp_a2_x_b0] n_sig=8 n_novel=8 merged=16 pc_perm=8 angle=85.8
16:40:06 [GPU3] DEBUG      [pp_a2_x_b1] n_sig=8 n_novel=8 merged=15 pc_perm=8 angle=87.6
16:47:01 [GPU3] DEBUG      [pp_a2_x_b2] n_sig=8 n_novel=8 merged=15 pc_perm=8 angle=86.9
16:47:02 [GPU3] INFO     Processing L5/layer16
16:47:44 [GPU3] INFO       L5/layer16/all: S_T computed (26.1s, N=122223, alpha=1.30e-02)
16:54:43 [GPU3] DEBUG      [a_units] n_sig=9 n_novel=9 merged=18 pc_perm=9 angle=77.0
17:01:34 [GPU3] DEBUG      [a_tens] n_sig=9 n_novel=9 merged=18 pc_perm=9 angle=79.8
17:09:10 [GPU3] DEBUG      [a_hundreds] n_sig=8 n_novel=8 merged=16 pc_perm=8 angle=79.8
17:16:05 [GPU3] DEBUG      [b_units] n_sig=9 n_novel=9 merged=18 pc_perm=9 angle=77.8
17:23:16 [GPU3] DEBUG      [b_tens] n_sig=9 n_novel=9 merged=18 pc_perm=9 angle=79.4
17:30:28 [GPU3] DEBUG      [b_hundreds] n_sig=8 n_novel=8 merged=16 pc_perm=8 angle=81.3
17:36:35 [GPU3] DEBUG      [ans_digit_0_msf] n_sig=8 n_novel=8 merged=12 pc_perm=8 angle=84.1
17:42:59 [GPU3] DEBUG      [ans_digit_1_msf] n_sig=9 n_novel=9 merged=16 pc_perm=7 angle=82.9
17:47:57 [GPU3] DEBUG      [ans_digit_2_msf] n_sig=3 n_novel=3 merged=11 pc_perm=1 angle=84.5
17:54:26 [GPU3] DEBUG      [ans_digit_3_msf] n_sig=2 n_novel=2 merged=2 pc_perm=0 angle=84.2
18:00:46 [GPU3] DEBUG      [ans_digit_4_msf] n_sig=9 n_novel=9 merged=18 pc_perm=9 angle=82.2
18:05:08 [GPU3] DEBUG      [ans_digit_5_msf] n_sig=9 n_novel=9 merged=18 pc_perm=9 angle=81.2
18:10:56 [GPU3] DEBUG      [carry_0] n_sig=8 n_novel=8 merged=16 pc_perm=8 angle=81.2
18:17:36 [GPU3] DEBUG      [carry_1] n_sig=12 n_novel=12 merged=14 pc_perm=12 angle=85.5
18:23:58 [GPU3] DEBUG      [carry_2] n_sig=10 n_novel=10 merged=14 pc_perm=10 angle=84.7
18:30:09 [GPU3] DEBUG      [carry_3] n_sig=9 n_novel=9 merged=12 pc_perm=9 angle=84.8
18:37:30 [GPU3] DEBUG      [carry_4] n_sig=5 n_novel=5 merged=8 pc_perm=5 angle=85.3
18:44:46 [GPU3] DEBUG      [col_sum_0] n_sig=9 n_novel=9 merged=17 pc_perm=9 angle=80.9
18:51:06 [GPU3] DEBUG      [col_sum_1] n_sig=9 n_novel=9 merged=11 pc_perm=9 angle=85.6
18:57:11 [GPU3] DEBUG      [col_sum_2] n_sig=7 n_novel=7 merged=9 pc_perm=8 angle=87.9
19:02:41 [GPU3] DEBUG      [col_sum_3] n_sig=9 n_novel=9 merged=12 pc_perm=9 angle=86.0
19:08:15 [GPU3] DEBUG      [col_sum_4] n_sig=8 n_novel=8 merged=13 pc_perm=9 angle=84.2
19:09:09 [GPU3] DEBUG      [correct] n_sig=1 n_novel=1 merged=2 pc_perm=1 angle=88.6
19:14:28 [GPU3] DEBUG      [n_nonzero_carries] n_sig=5 n_novel=5 merged=7 pc_perm=5 angle=82.3
19:30:17 [GPU3] DEBUG      [total_carry_sum] n_sig=42 n_novel=42 merged=75 pc_perm=33 angle=75.9
19:40:25 [GPU3] DEBUG      [max_carry_value] n_sig=18 n_novel=18 merged=21 pc_perm=22 angle=84.0
19:41:13 [GPU3] DEBUG      [n_answer_digits] n_sig=1 n_novel=1 merged=2 pc_perm=1 angle=87.7
19:47:30 [GPU3] DEBUG      [product_binned] n_sig=9 n_novel=9 merged=11 pc_perm=9 angle=86.4
19:48:24 [GPU3] DEBUG      [digit_correct_pos0] n_sig=1 n_novel=1 merged=2 pc_perm=1 angle=87.0
19:49:10 [GPU3] DEBUG      [digit_correct_pos1] n_sig=1 n_novel=1 merged=2 pc_perm=1 angle=88.2
19:49:59 [GPU3] DEBUG      [digit_correct_pos2] n_sig=1 n_novel=1 merged=2 pc_perm=1 angle=87.9
19:50:40 [GPU3] DEBUG      [digit_correct_pos3] n_sig=1 n_novel=1 merged=2 pc_perm=1 angle=88.7
19:51:38 [GPU3] DEBUG      [digit_correct_pos4] n_sig=1 n_novel=1 merged=2 pc_perm=1 angle=88.3
19:52:25 [GPU3] DEBUG      [digit_correct_pos5] n_sig=1 n_novel=1 merged=2 pc_perm=1 angle=88.7
19:59:26 [GPU3] DEBUG      [pp_a0_x_b0] n_sig=8 n_novel=8 merged=16 pc_perm=8 angle=81.5
20:06:52 [GPU3] DEBUG      [pp_a0_x_b1] n_sig=8 n_novel=8 merged=14 pc_perm=8 angle=84.0
20:14:27 [GPU3] DEBUG      [pp_a0_x_b2] n_sig=8 n_novel=8 merged=15 pc_perm=8 angle=86.1
20:21:28 [GPU3] DEBUG      [pp_a1_x_b0] n_sig=8 n_novel=8 merged=16 pc_perm=8 angle=84.4
20:28:08 [GPU3] DEBUG      [pp_a1_x_b1] n_sig=8 n_novel=8 merged=14 pc_perm=8 angle=84.8
20:35:27 [GPU3] DEBUG      [pp_a1_x_b2] n_sig=8 n_novel=8 merged=15 pc_perm=8 angle=85.0
20:42:32 [GPU3] DEBUG      [pp_a2_x_b0] n_sig=8 n_novel=8 merged=15 pc_perm=8 angle=86.8
20:48:03 [GPU3] DEBUG      [pp_a2_x_b1] n_sig=8 n_novel=8 merged=15 pc_perm=8 angle=84.8
20:53:01 [GPU3] DEBUG      [pp_a2_x_b2] n_sig=7 n_novel=7 merged=10 pc_perm=8 angle=85.0
20:53:14 [GPU3] INFO       L5/layer16/correct: S_T computed (12.4s, N=4197, alpha=4.75e-04)
20:54:24 [GPU3] DEBUG      [a_units] n_sig=9 n_novel=9 merged=18 pc_perm=9 angle=83.9
20:55:28 [GPU3] DEBUG      [a_tens] n_sig=9 n_novel=9 merged=18 pc_perm=9 angle=85.1
20:56:21 [GPU3] DEBUG      [a_hundreds] n_sig=8 n_novel=8 merged=16 pc_perm=8 angle=84.7
20:57:21 [GPU3] DEBUG      [b_units] n_sig=9 n_novel=9 merged=15 pc_perm=9 angle=85.2
20:58:14 [GPU3] DEBUG      [b_tens] n_sig=9 n_novel=9 merged=18 pc_perm=9 angle=85.2
20:59:28 [GPU3] DEBUG      [b_hundreds] n_sig=8 n_novel=8 merged=16 pc_perm=8 angle=85.0
21:00:11 [GPU3] DEBUG      [ans_digit_0_msf] n_sig=8 n_novel=8 merged=16 pc_perm=8 angle=86.1
21:01:07 [GPU3] DEBUG      [ans_digit_1_msf] n_sig=8 n_novel=8 merged=8 pc_perm=0 angle=86.8
21:01:20 [GPU3] DEBUG      [ans_digit_2_msf] n_sig=0 n_novel=0 merged=0 pc_perm=0 
21:02:12 [GPU3] DEBUG      [ans_digit_3_msf] n_sig=2 n_novel=2 merged=8 pc_perm=8 angle=88.5
21:03:05 [GPU3] DEBUG      [ans_digit_4_msf] n_sig=9 n_novel=9 merged=18 pc_perm=9 angle=86.9
21:03:50 [GPU3] DEBUG      [ans_digit_5_msf] n_sig=7 n_novel=7 merged=14 pc_perm=7 angle=87.2
21:04:29 [GPU3] DEBUG      [carry_0] n_sig=8 n_novel=8 merged=12 pc_perm=8 angle=88.1
21:05:22 [GPU3] DEBUG      [carry_1] n_sig=6 n_novel=6 merged=10 pc_perm=12 angle=88.4
21:06:16 [GPU3] DEBUG      [carry_2] n_sig=13 n_novel=13 merged=16 pc_perm=8 angle=88.2
21:07:09 [GPU3] DEBUG      [carry_3] n_sig=9 n_novel=9 merged=13 pc_perm=7 angle=87.4
21:07:48 [GPU3] DEBUG      [carry_4] n_sig=5 n_novel=5 merged=10 pc_perm=5 angle=86.8
21:08:25 [GPU3] DEBUG      [col_sum_0] n_sig=9 n_novel=9 merged=13 pc_perm=9 angle=88.2
21:09:31 [GPU3] DEBUG      [col_sum_1] n_sig=5 n_novel=5 merged=8 pc_perm=8 angle=88.5
21:10:27 [GPU3] DEBUG      [col_sum_2] n_sig=8 n_novel=8 merged=11 pc_perm=4 angle=88.0
21:11:37 [GPU3] DEBUG      [col_sum_3] n_sig=9 n_novel=9 merged=13 pc_perm=7 angle=87.7
21:12:36 [GPU3] DEBUG      [col_sum_4] n_sig=9 n_novel=9 merged=15 pc_perm=9 angle=87.0
21:13:34 [GPU3] DEBUG      [n_nonzero_carries] n_sig=5 n_novel=5 merged=8 pc_perm=5 angle=87.8
21:14:40 [GPU3] DEBUG      [total_carry_sum] n_sig=31 n_novel=31 merged=43 pc_perm=22 angle=86.9
21:15:54 [GPU3] DEBUG      [max_carry_value] n_sig=16 n_novel=16 merged=20 pc_perm=13 angle=88.0
21:16:04 [GPU3] DEBUG      [n_answer_digits] n_sig=1 n_novel=1 merged=2 pc_perm=1 angle=89.2
21:17:06 [GPU3] DEBUG      [product_binned] n_sig=9 n_novel=9 merged=11 pc_perm=9 angle=88.4
21:18:18 [GPU3] DEBUG      [pp_a0_x_b0] n_sig=8 n_novel=8 merged=16 pc_perm=8 angle=86.7
21:19:12 [GPU3] DEBUG      [pp_a0_x_b1] n_sig=8 n_novel=8 merged=13 pc_perm=8 angle=87.9
21:20:25 [GPU3] DEBUG      [pp_a0_x_b2] n_sig=8 n_novel=8 merged=12 pc_perm=8 angle=87.6
21:21:31 [GPU3] DEBUG      [pp_a1_x_b0] n_sig=8 n_novel=8 merged=16 pc_perm=8 angle=87.3
21:22:44 [GPU3] DEBUG      [pp_a1_x_b1] n_sig=8 n_novel=8 merged=16 pc_perm=8 angle=86.6
21:23:47 [GPU3] DEBUG      [pp_a1_x_b2] n_sig=7 n_novel=7 merged=11 pc_perm=7 angle=87.8
21:24:52 [GPU3] DEBUG      [pp_a2_x_b0] n_sig=8 n_novel=8 merged=16 pc_perm=8 angle=87.0
21:25:56 [GPU3] DEBUG      [pp_a2_x_b1] n_sig=7 n_novel=7 merged=14 pc_perm=7 angle=86.7
21:27:04 [GPU3] DEBUG      [pp_a2_x_b2] n_sig=7 n_novel=7 merged=14 pc_perm=7 angle=85.7
21:27:28 [GPU3] INFO       L5/layer16/wrong: S_T computed (23.3s, N=118026, alpha=1.25e-02)
21:32:52 [GPU3] DEBUG      [a_units] n_sig=9 n_novel=9 merged=18 pc_perm=9 angle=76.9
21:38:17 [GPU3] DEBUG      [a_tens] n_sig=9 n_novel=9 merged=18 pc_perm=9 angle=79.9
21:43:41 [GPU3] DEBUG      [a_hundreds] n_sig=8 n_novel=8 merged=16 pc_perm=8 angle=79.8
21:49:11 [GPU3] DEBUG      [b_units] n_sig=9 n_novel=9 merged=18 pc_perm=9 angle=77.7
21:54:41 [GPU3] DEBUG      [b_tens] n_sig=9 n_novel=9 merged=18 pc_perm=9 angle=79.4
22:00:59 [GPU3] DEBUG      [b_hundreds] n_sig=8 n_novel=8 merged=16 pc_perm=8 angle=81.3
22:06:32 [GPU3] DEBUG      [ans_digit_0_msf] n_sig=8 n_novel=8 merged=12 pc_perm=8 angle=84.3
22:11:15 [GPU3] DEBUG      [ans_digit_1_msf] n_sig=9 n_novel=9 merged=16 pc_perm=7 angle=82.8
22:15:45 [GPU3] DEBUG      [ans_digit_2_msf] n_sig=4 n_novel=4 merged=12 pc_perm=1 angle=83.8
22:21:15 [GPU3] DEBUG      [ans_digit_3_msf] n_sig=2 n_novel=2 merged=2 pc_perm=0 angle=83.8
22:27:53 [GPU3] DEBUG      [ans_digit_4_msf] n_sig=9 n_novel=9 merged=17 pc_perm=8 angle=83.0
22:33:28 [GPU3] DEBUG      [ans_digit_5_msf] n_sig=9 n_novel=9 merged=18 pc_perm=9 angle=81.2
22:40:12 [GPU3] DEBUG      [carry_0] n_sig=8 n_novel=8 merged=16 pc_perm=8 angle=80.9
22:46:42 [GPU3] DEBUG      [carry_1] n_sig=12 n_novel=12 merged=14 pc_perm=12 angle=85.5
22:53:22 [GPU3] DEBUG      [carry_2] n_sig=10 n_novel=10 merged=14 pc_perm=10 angle=84.7
22:59:33 [GPU3] DEBUG      [carry_3] n_sig=9 n_novel=9 merged=18 pc_perm=9 angle=83.1
23:05:00 [GPU3] DEBUG      [carry_4] n_sig=5 n_novel=5 merged=8 pc_perm=5 angle=85.3
23:10:45 [GPU3] DEBUG      [col_sum_0] n_sig=9 n_novel=9 merged=17 pc_perm=9 angle=80.8
23:16:59 [GPU3] DEBUG      [col_sum_1] n_sig=9 n_novel=9 merged=11 pc_perm=9 angle=85.6
23:22:20 [GPU3] DEBUG      [col_sum_2] n_sig=7 n_novel=7 merged=9 pc_perm=9 angle=87.8
23:28:23 [GPU3] DEBUG      [col_sum_3] n_sig=9 n_novel=9 merged=12 pc_perm=9 angle=86.1
23:33:36 [GPU3] DEBUG      [col_sum_4] n_sig=8 n_novel=8 merged=13 pc_perm=9 angle=84.8
23:38:42 [GPU3] DEBUG      [n_nonzero_carries] n_sig=5 n_novel=5 merged=8 pc_perm=5 angle=82.1
23:50:30 [GPU3] DEBUG      [total_carry_sum] n_sig=42 n_novel=42 merged=81 pc_perm=39 angle=75.8
23:57:52 [GPU3] DEBUG      [max_carry_value] n_sig=18 n_novel=18 merged=40 pc_perm=22 angle=77.0
23:58:39 [GPU3] DEBUG      [n_answer_digits] n_sig=1 n_novel=1 merged=2 pc_perm=1 angle=87.7
00:04:05 [GPU3] DEBUG      [product_binned] n_sig=9 n_novel=9 merged=11 pc_perm=9 angle=86.4
00:11:24 [GPU3] DEBUG      [pp_a0_x_b0] n_sig=8 n_novel=8 merged=16 pc_perm=8 angle=81.1
00:17:50 [GPU3] DEBUG      [pp_a0_x_b1] n_sig=8 n_novel=8 merged=14 pc_perm=8 angle=84.1
00:23:36 [GPU3] DEBUG      [pp_a0_x_b2] n_sig=8 n_novel=8 merged=16 pc_perm=8 angle=85.0
00:28:39 [GPU3] DEBUG      [pp_a1_x_b0] n_sig=8 n_novel=8 merged=16 pc_perm=8 angle=84.4
00:34:17 [GPU3] DEBUG      [pp_a1_x_b1] n_sig=8 n_novel=8 merged=14 pc_perm=8 angle=84.8
00:39:28 [GPU3] DEBUG      [pp_a1_x_b2] n_sig=8 n_novel=8 merged=12 pc_perm=8 angle=86.6
00:43:59 [GPU3] DEBUG      [pp_a2_x_b0] n_sig=8 n_novel=8 merged=15 pc_perm=8 angle=86.8
00:49:00 [GPU3] DEBUG      [pp_a2_x_b1] n_sig=8 n_novel=8 merged=15 pc_perm=8 angle=84.8
00:55:12 [GPU3] DEBUG      [pp_a2_x_b2] n_sig=8 n_novel=8 merged=11 pc_perm=8 angle=85.0
00:55:12 [GPU3] INFO     Processing L5/layer31
00:56:24 [GPU3] INFO       L5/layer31/all: S_T computed (33.2s, N=122223, alpha=5.82e-01)
01:05:59 [GPU3] DEBUG      [a_units] n_sig=9 n_novel=9 merged=18 pc_perm=9 angle=80.5
01:12:36 [GPU3] DEBUG      [a_tens] n_sig=9 n_novel=9 merged=18 pc_perm=9 angle=81.2
01:19:38 [GPU3] DEBUG      [a_hundreds] n_sig=8 n_novel=8 merged=16 pc_perm=8 angle=81.6
01:25:05 [GPU3] DEBUG      [b_units] n_sig=9 n_novel=9 merged=15 pc_perm=9 angle=80.6
01:31:32 [GPU3] DEBUG      [b_tens] n_sig=9 n_novel=9 merged=18 pc_perm=9 angle=82.3
01:38:31 [GPU3] DEBUG      [b_hundreds] n_sig=8 n_novel=8 merged=16 pc_perm=8 angle=82.1
01:44:44 [GPU3] DEBUG      [ans_digit_0_msf] n_sig=8 n_novel=8 merged=12 pc_perm=8 angle=85.9
01:51:29 [GPU3] DEBUG      [ans_digit_1_msf] n_sig=9 n_novel=9 merged=18 pc_perm=9 angle=83.2
02:00:06 [GPU3] DEBUG      [ans_digit_2_msf] n_sig=4 n_novel=4 merged=12 pc_perm=1 angle=85.4
02:07:35 [GPU3] DEBUG      [ans_digit_3_msf] n_sig=2 n_novel=2 merged=2 pc_perm=0 angle=85.1
02:12:42 [GPU3] DEBUG      [ans_digit_4_msf] n_sig=9 n_novel=9 merged=18 pc_perm=9 angle=83.9
02:17:43 [GPU3] DEBUG      [ans_digit_5_msf] n_sig=9 n_novel=9 merged=13 pc_perm=9 angle=86.7
02:23:44 [GPU3] DEBUG      [carry_0] n_sig=8 n_novel=8 merged=12 pc_perm=8 angle=83.8
02:29:57 [GPU3] DEBUG      [carry_1] n_sig=12 n_novel=12 merged=14 pc_perm=12 angle=86.4
02:37:58 [GPU3] DEBUG      [carry_2] n_sig=9 n_novel=9 merged=11 pc_perm=10 angle=86.4
02:44:55 [GPU3] DEBUG      [carry_3] n_sig=9 n_novel=9 merged=12 pc_perm=9 angle=86.1
02:51:58 [GPU3] DEBUG      [carry_4] n_sig=5 n_novel=5 merged=8 pc_perm=5 angle=86.4
02:59:38 [GPU3] DEBUG      [col_sum_0] n_sig=9 n_novel=9 merged=17 pc_perm=9 angle=82.6
03:06:29 [GPU3] DEBUG      [col_sum_1] n_sig=9 n_novel=9 merged=11 pc_perm=9 angle=86.7
03:12:19 [GPU3] DEBUG      [col_sum_2] n_sig=7 n_novel=7 merged=9 pc_perm=8 angle=88.2
03:19:21 [GPU3] DEBUG      [col_sum_3] n_sig=9 n_novel=9 merged=12 pc_perm=9 angle=86.8
03:26:27 [GPU3] DEBUG      [col_sum_4] n_sig=8 n_novel=8 merged=17 pc_perm=9 angle=84.1
03:27:27 [GPU3] DEBUG      [correct] n_sig=1 n_novel=1 merged=2 pc_perm=1 angle=88.7
03:33:34 [GPU3] DEBUG      [n_nonzero_carries] n_sig=5 n_novel=5 merged=7 pc_perm=5 angle=81.9
03:47:56 [GPU3] DEBUG      [total_carry_sum] n_sig=42 n_novel=42 merged=46 pc_perm=39 angle=82.8
03:50:13 [GPU3] DEBUG      [max_carry_value] n_sig=19 n_novel=19 merged=22 pc_perm=23 angle=83.4
03:50:25 [GPU3] DEBUG      [n_answer_digits] n_sig=1 n_novel=1 merged=2 pc_perm=1 angle=88.0
03:51:37 [GPU3] DEBUG      [product_binned] n_sig=9 n_novel=9 merged=11 pc_perm=9 angle=87.0
03:51:48 [GPU3] DEBUG      [digit_correct_pos0] n_sig=1 n_novel=1 merged=2 pc_perm=1 angle=87.5
03:51:58 [GPU3] DEBUG      [digit_correct_pos1] n_sig=1 n_novel=1 merged=2 pc_perm=1 angle=88.6
03:52:10 [GPU3] DEBUG      [digit_correct_pos2] n_sig=1 n_novel=1 merged=2 pc_perm=1 angle=88.3
03:52:21 [GPU3] DEBUG      [digit_correct_pos3] n_sig=1 n_novel=1 merged=2 pc_perm=1 angle=88.8
03:52:31 [GPU3] DEBUG      [digit_correct_pos4] n_sig=1 n_novel=1 merged=2 pc_perm=1 angle=88.3
03:52:41 [GPU3] DEBUG      [digit_correct_pos5] n_sig=1 n_novel=1 merged=2 pc_perm=1 angle=89.0
03:53:57 [GPU3] DEBUG      [pp_a0_x_b0] n_sig=8 n_novel=8 merged=12 pc_perm=8 angle=84.1
03:55:13 [GPU3] DEBUG      [pp_a0_x_b1] n_sig=8 n_novel=8 merged=16 pc_perm=8 angle=85.3
03:56:28 [GPU3] DEBUG      [pp_a0_x_b2] n_sig=8 n_novel=8 merged=12 pc_perm=8 angle=87.4
03:57:44 [GPU3] DEBUG      [pp_a1_x_b0] n_sig=8 n_novel=8 merged=15 pc_perm=8 angle=85.7
03:59:00 [GPU3] DEBUG      [pp_a1_x_b1] n_sig=8 n_novel=8 merged=16 pc_perm=8 angle=85.2
04:00:15 [GPU3] DEBUG      [pp_a1_x_b2] n_sig=8 n_novel=8 merged=15 pc_perm=8 angle=85.9
04:01:31 [GPU3] DEBUG      [pp_a2_x_b0] n_sig=8 n_novel=8 merged=15 pc_perm=8 angle=87.0
04:02:46 [GPU3] DEBUG      [pp_a2_x_b1] n_sig=8 n_novel=8 merged=15 pc_perm=8 angle=86.2
04:04:02 [GPU3] DEBUG      [pp_a2_x_b2] n_sig=7 n_novel=7 merged=15 pc_perm=8 angle=84.7
04:04:04 [GPU3] INFO       L5/layer31/correct: S_T computed (2.1s, N=4197, alpha=1.99e-02)
04:04:20 [GPU3] DEBUG      [a_units] n_sig=9 n_novel=9 merged=18 pc_perm=9 angle=84.3
04:04:34 [GPU3] DEBUG      [a_tens] n_sig=9 n_novel=9 merged=18 pc_perm=9 angle=85.0
04:04:46 [GPU3] DEBUG      [a_hundreds] n_sig=8 n_novel=8 merged=16 pc_perm=8 angle=84.9
04:04:58 [GPU3] DEBUG      [b_units] n_sig=9 n_novel=9 merged=14 pc_perm=9 angle=85.4
04:05:11 [GPU3] DEBUG      [b_tens] n_sig=9 n_novel=9 merged=18 pc_perm=9 angle=85.3
04:05:23 [GPU3] DEBUG      [b_hundreds] n_sig=8 n_novel=8 merged=16 pc_perm=8 angle=84.6
04:05:37 [GPU3] DEBUG      [ans_digit_0_msf] n_sig=8 n_novel=8 merged=16 pc_perm=8 angle=86.6
04:05:49 [GPU3] DEBUG      [ans_digit_1_msf] n_sig=8 n_novel=8 merged=8 pc_perm=0 angle=86.6
04:05:53 [GPU3] DEBUG      [ans_digit_2_msf] n_sig=0 n_novel=0 merged=0 pc_perm=0 
04:06:07 [GPU3] DEBUG      [ans_digit_3_msf] n_sig=3 n_novel=3 merged=5 pc_perm=2 angle=89.4
04:06:20 [GPU3] DEBUG      [ans_digit_4_msf] n_sig=9 n_novel=9 merged=18 pc_perm=9 angle=87.1
04:06:31 [GPU3] DEBUG      [ans_digit_5_msf] n_sig=7 n_novel=7 merged=14 pc_perm=7 angle=87.5
04:06:44 [GPU3] DEBUG      [carry_0] n_sig=8 n_novel=8 merged=12 pc_perm=8 angle=88.3
04:06:57 [GPU3] DEBUG      [carry_1] n_sig=9 n_novel=9 merged=13 pc_perm=12 angle=88.5
04:07:10 [GPU3] DEBUG      [carry_2] n_sig=11 n_novel=11 merged=14 pc_perm=10 angle=88.5
04:07:24 [GPU3] DEBUG      [carry_3] n_sig=9 n_novel=9 merged=14 pc_perm=9 angle=87.1
04:07:36 [GPU3] DEBUG      [carry_4] n_sig=5 n_novel=5 merged=10 pc_perm=5 angle=87.2
04:07:49 [GPU3] DEBUG      [col_sum_0] n_sig=9 n_novel=9 merged=13 pc_perm=9 angle=88.3
04:08:01 [GPU3] DEBUG      [col_sum_1] n_sig=8 n_novel=8 merged=11 pc_perm=8 angle=88.7
04:08:14 [GPU3] DEBUG      [col_sum_2] n_sig=7 n_novel=7 merged=10 pc_perm=4 angle=88.3
04:08:27 [GPU3] DEBUG      [col_sum_3] n_sig=9 n_novel=9 merged=14 pc_perm=9 angle=87.9
04:08:39 [GPU3] DEBUG      [col_sum_4] n_sig=9 n_novel=9 merged=18 pc_perm=9 angle=86.5
04:08:52 [GPU3] DEBUG      [n_nonzero_carries] n_sig=5 n_novel=5 merged=8 pc_perm=5 angle=87.4
04:09:11 [GPU3] DEBUG      [total_carry_sum] n_sig=34 n_novel=34 merged=45 pc_perm=12 angle=87.2
04:09:24 [GPU3] DEBUG      [max_carry_value] n_sig=16 n_novel=16 merged=31 pc_perm=15 angle=85.9
04:09:28 [GPU3] DEBUG      [n_answer_digits] n_sig=1 n_novel=1 merged=2 pc_perm=1 angle=89.2
04:09:41 [GPU3] DEBUG      [product_binned] n_sig=9 n_novel=9 merged=11 pc_perm=9 angle=88.7
04:09:54 [GPU3] DEBUG      [pp_a0_x_b0] n_sig=8 n_novel=8 merged=12 pc_perm=8 angle=88.7
04:10:06 [GPU3] DEBUG      [pp_a0_x_b1] n_sig=8 n_novel=8 merged=13 pc_perm=8 angle=88.2
04:10:18 [GPU3] DEBUG      [pp_a0_x_b2] n_sig=8 n_novel=8 merged=16 pc_perm=8 angle=86.7
04:10:30 [GPU3] DEBUG      [pp_a1_x_b0] n_sig=8 n_novel=8 merged=16 pc_perm=8 angle=87.6
04:10:42 [GPU3] DEBUG      [pp_a1_x_b1] n_sig=8 n_novel=8 merged=16 pc_perm=8 angle=87.2
04:10:56 [GPU3] DEBUG      [pp_a1_x_b2] n_sig=7 n_novel=7 merged=14 pc_perm=7 angle=86.6
04:11:09 [GPU3] DEBUG      [pp_a2_x_b0] n_sig=8 n_novel=8 merged=16 pc_perm=8 angle=87.3
04:11:22 [GPU3] DEBUG      [pp_a2_x_b1] n_sig=7 n_novel=7 merged=14 pc_perm=7 angle=87.1
04:11:34 [GPU3] DEBUG      [pp_a2_x_b2] n_sig=7 n_novel=7 merged=14 pc_perm=7 angle=86.5
04:11:45 [GPU3] INFO       L5/layer31/wrong: S_T computed (10.0s, N=118026, alpha=5.61e-01)
04:13:04 [GPU3] DEBUG      [a_units] n_sig=9 n_novel=9 merged=18 pc_perm=9 angle=80.5
04:14:13 [GPU3] DEBUG      [a_tens] n_sig=9 n_novel=9 merged=18 pc_perm=9 angle=81.2
04:15:26 [GPU3] DEBUG      [a_hundreds] n_sig=8 n_novel=8 merged=16 pc_perm=8 angle=81.7
04:16:35 [GPU3] DEBUG      [b_units] n_sig=9 n_novel=9 merged=15 pc_perm=9 angle=80.5
04:17:45 [GPU3] DEBUG      [b_tens] n_sig=9 n_novel=9 merged=18 pc_perm=9 angle=82.3
04:18:58 [GPU3] DEBUG      [b_hundreds] n_sig=8 n_novel=8 merged=16 pc_perm=8 angle=82.2
04:20:11 [GPU3] DEBUG      [ans_digit_0_msf] n_sig=8 n_novel=8 merged=12 pc_perm=8 angle=85.9
04:21:20 [GPU3] DEBUG      [ans_digit_1_msf] n_sig=9 n_novel=9 merged=18 pc_perm=9 angle=83.5
04:22:28 [GPU3] DEBUG      [ans_digit_2_msf] n_sig=4 n_novel=4 merged=12 pc_perm=1 angle=85.2
04:23:37 [GPU3] DEBUG      [ans_digit_3_msf] n_sig=2 n_novel=2 merged=2 pc_perm=0 angle=85.0
04:24:46 [GPU3] DEBUG      [ans_digit_4_msf] n_sig=9 n_novel=9 merged=18 pc_perm=9 angle=83.6
04:25:45 [GPU3] DEBUG      [ans_digit_5_msf] n_sig=9 n_novel=9 merged=13 pc_perm=9 angle=86.7
04:26:57 [GPU3] DEBUG      [carry_0] n_sig=8 n_novel=8 merged=12 pc_perm=8 angle=83.3
04:28:13 [GPU3] DEBUG      [carry_1] n_sig=12 n_novel=12 merged=14 pc_perm=12 angle=86.4
04:29:27 [GPU3] DEBUG      [carry_2] n_sig=10 n_novel=10 merged=13 pc_perm=11 angle=84.7
04:30:35 [GPU3] DEBUG      [carry_3] n_sig=9 n_novel=9 merged=12 pc_perm=9 angle=86.2
04:31:36 [GPU3] DEBUG      [carry_4] n_sig=5 n_novel=5 merged=8 pc_perm=5 angle=86.3
04:32:45 [GPU3] DEBUG      [col_sum_0] n_sig=9 n_novel=9 merged=17 pc_perm=9 angle=82.5
04:33:54 [GPU3] DEBUG      [col_sum_1] n_sig=9 n_novel=9 merged=11 pc_perm=9 angle=86.7
04:35:02 [GPU3] DEBUG      [col_sum_2] n_sig=8 n_novel=8 merged=10 pc_perm=9 angle=88.3
04:36:10 [GPU3] DEBUG      [col_sum_3] n_sig=9 n_novel=9 merged=12 pc_perm=9 angle=86.9
04:37:20 [GPU3] DEBUG      [col_sum_4] n_sig=8 n_novel=8 merged=17 pc_perm=9 angle=82.1
04:38:20 [GPU3] DEBUG      [n_nonzero_carries] n_sig=5 n_novel=5 merged=8 pc_perm=5 angle=81.8
04:43:05 [GPU3] DEBUG      [total_carry_sum] n_sig=43 n_novel=43 merged=47 pc_perm=47 angle=82.2
04:44:44 [GPU3] DEBUG      [max_carry_value] n_sig=19 n_novel=19 merged=22 pc_perm=22 angle=82.9
04:44:57 [GPU3] DEBUG      [n_answer_digits] n_sig=1 n_novel=1 merged=2 pc_perm=1 angle=88.0
04:46:06 [GPU3] DEBUG      [product_binned] n_sig=9 n_novel=9 merged=11 pc_perm=9 angle=87.0
04:47:19 [GPU3] DEBUG      [pp_a0_x_b0] n_sig=8 n_novel=8 merged=13 pc_perm=8 angle=83.2
04:48:32 [GPU3] DEBUG      [pp_a0_x_b1] n_sig=8 n_novel=8 merged=16 pc_perm=8 angle=85.3
04:49:45 [GPU3] DEBUG      [pp_a0_x_b2] n_sig=8 n_novel=8 merged=12 pc_perm=8 angle=87.4
04:50:59 [GPU3] DEBUG      [pp_a1_x_b0] n_sig=8 n_novel=8 merged=15 pc_perm=8 angle=85.7
04:52:13 [GPU3] DEBUG      [pp_a1_x_b1] n_sig=8 n_novel=8 merged=16 pc_perm=8 angle=85.0
04:53:26 [GPU3] DEBUG      [pp_a1_x_b2] n_sig=8 n_novel=8 merged=15 pc_perm=8 angle=85.8
04:54:38 [GPU3] DEBUG      [pp_a2_x_b0] n_sig=8 n_novel=8 merged=15 pc_perm=8 angle=86.9
04:55:51 [GPU3] DEBUG      [pp_a2_x_b1] n_sig=8 n_novel=8 merged=15 pc_perm=8 angle=86.2
04:57:04 [GPU3] DEBUG      [pp_a2_x_b2] n_sig=8 n_novel=8 merged=16 pc_perm=8 angle=84.6
04:57:04 [GPU3] INFO     Worker GPU 3 finished
