22:47:51 INFO     ======================================================================
22:47:51 INFO     Phase C — Concept Subspace Identification
22:47:51 INFO     ======================================================================
22:47:51 INFO     Levels: [1, 2, 3, 4, 5]
22:47:51 INFO     Layers: [4, 6, 8, 12, 16, 20, 24, 28, 31]
22:47:51 INFO     Max tier: all
22:47:51 INFO     Permutations: 1000 
22:47:51 INFO     Jobs: 12
22:47:51 INFO     
22:47:51 INFO     Step 1: Subspace identification
22:47:51 INFO     ----------------------------------------
22:47:51 INFO     Processing 45 (level, layer) pairs across 5 levels, 9 layers
22:47:51 INFO     Parallel mode: 12 jobs
23:41:58 INFO     Step 1 complete: 2835 concept subspaces (3247.1s)
23:41:58 INFO     
23:41:58 INFO     Step 2: Cross-layer alignment
23:41:58 INFO     ----------------------------------------
23:41:58 INFO     Computing cross-layer alignment...
23:42:01 INFO     Step 2 complete: 2520 alignment entries (2.1s)
23:42:01 INFO     
23:42:01 INFO     Step 3: Correct/wrong divergence
23:42:01 INFO     ----------------------------------------
23:42:01 INFO     Computing correct/wrong divergence...
23:42:01 INFO     Step 3 complete: 774 divergence entries (0.6s)
23:42:01 INFO     
23:42:01 INFO     Step 4: Plot generation
23:42:01 INFO     ----------------------------------------
23:42:01 INFO     Generating eigenvalue spectrum plots...
23:44:37 INFO     Generating dimensionality heatmaps...
23:44:45 INFO     Generating cross-layer trajectory plots...
23:45:38 INFO     Generating correct/wrong comparison plots...
23:45:53 INFO     Generated 955 plots
23:45:53 INFO     Step 4 complete (231.6s)
23:45:53 INFO     
23:45:53 INFO     Step 5: Summary tables
23:45:53 INFO     ----------------------------------------
23:45:53 INFO     Saved phase_c_results.csv (2835 rows)
23:45:53 INFO     Saved correct_wrong_divergence.csv (774 rows)
23:45:53 INFO     Saved alignment_results.csv (2520 rows)
23:45:53 INFO     
23:45:53 INFO     ======================================================================
23:45:53 INFO     Phase C complete: 2835 subspaces, 3482s (58.0 min)
23:45:53 INFO     ======================================================================
23:45:53 INFO     Significant subspaces (perm null): 2513 / 2835
23:45:53 INFO     Strong correct/wrong divergence (<60°): 760 entries
