11:05:34 [GPU1] INFO     Worker GPU 1 started, CuPy: True
11:05:34 [GPU1] INFO     Processing L5/layer06
11:06:20 [GPU1] INFO       L5/layer06/all: S_T computed (34.8s, N=122223, alpha=2.38e-03)
11:12:48 [GPU1] DEBUG      [a_units] n_sig=9 n_novel=9 merged=18 pc_perm=9 angle=77.7
11:19:34 [GPU1] DEBUG      [a_tens] n_sig=9 n_novel=9 merged=18 pc_perm=9 angle=78.6
11:26:04 [GPU1] DEBUG      [a_hundreds] n_sig=8 n_novel=8 merged=16 pc_perm=8 angle=79.0
11:32:28 [GPU1] DEBUG      [b_units] n_sig=9 n_novel=9 merged=18 pc_perm=9 angle=75.7
11:37:45 [GPU1] DEBUG      [b_tens] n_sig=9 n_novel=9 merged=18 pc_perm=9 angle=78.0
11:43:41 [GPU1] DEBUG      [b_hundreds] n_sig=8 n_novel=8 merged=16 pc_perm=8 angle=79.4
11:50:05 [GPU1] DEBUG      [ans_digit_0_msf] n_sig=8 n_novel=8 merged=12 pc_perm=8 angle=83.6
11:55:51 [GPU1] DEBUG      [ans_digit_1_msf] n_sig=9 n_novel=9 merged=16 pc_perm=3 angle=83.3
12:02:36 [GPU1] DEBUG      [ans_digit_2_msf] n_sig=4 n_novel=4 merged=5 pc_perm=1 angle=88.2
12:09:17 [GPU1] DEBUG      [ans_digit_3_msf] n_sig=2 n_novel=2 merged=9 pc_perm=1 angle=85.1
12:14:54 [GPU1] DEBUG      [ans_digit_4_msf] n_sig=9 n_novel=9 merged=12 pc_perm=9 angle=87.1
12:21:14 [GPU1] DEBUG      [ans_digit_5_msf] n_sig=9 n_novel=9 merged=18 pc_perm=9 angle=79.8
12:29:11 [GPU1] DEBUG      [carry_0] n_sig=8 n_novel=8 merged=16 pc_perm=8 angle=80.7
12:35:58 [GPU1] DEBUG      [carry_1] n_sig=12 n_novel=12 merged=14 pc_perm=12 angle=85.8
12:42:42 [GPU1] DEBUG      [carry_2] n_sig=9 n_novel=9 merged=12 pc_perm=9 angle=86.1
12:49:35 [GPU1] DEBUG      [carry_3] n_sig=9 n_novel=9 merged=11 pc_perm=9 angle=87.2
12:54:32 [GPU1] DEBUG      [carry_4] n_sig=5 n_novel=5 merged=7 pc_perm=5 angle=85.2
13:01:14 [GPU1] DEBUG      [col_sum_0] n_sig=9 n_novel=9 merged=17 pc_perm=9 angle=80.6
13:07:43 [GPU1] DEBUG      [col_sum_1] n_sig=9 n_novel=9 merged=11 pc_perm=9 angle=86.1
13:12:50 [GPU1] DEBUG      [col_sum_2] n_sig=7 n_novel=7 merged=9 pc_perm=8 angle=87.5
13:18:56 [GPU1] DEBUG      [col_sum_3] n_sig=9 n_novel=9 merged=12 pc_perm=9 angle=85.4
13:24:29 [GPU1] DEBUG      [col_sum_4] n_sig=8 n_novel=8 merged=12 pc_perm=9 angle=84.5
13:25:18 [GPU1] DEBUG      [correct] n_sig=1 n_novel=1 merged=2 pc_perm=1 angle=88.8
13:31:15 [GPU1] DEBUG      [n_nonzero_carries] n_sig=5 n_novel=5 merged=8 pc_perm=5 angle=82.1
13:48:23 [GPU1] DEBUG      [total_carry_sum] n_sig=43 n_novel=43 merged=62 pc_perm=19 angle=77.1
13:57:25 [GPU1] DEBUG      [max_carry_value] n_sig=19 n_novel=19 merged=22 pc_perm=22 angle=83.9
13:58:36 [GPU1] DEBUG      [n_answer_digits] n_sig=1 n_novel=1 merged=2 pc_perm=1 angle=88.0
14:03:53 [GPU1] DEBUG      [product_binned] n_sig=9 n_novel=9 merged=11 pc_perm=9 angle=85.7
14:04:33 [GPU1] DEBUG      [digit_correct_pos0] n_sig=1 n_novel=1 merged=2 pc_perm=1 angle=87.1
14:05:12 [GPU1] DEBUG      [digit_correct_pos1] n_sig=1 n_novel=1 merged=2 pc_perm=1 angle=88.4
14:05:59 [GPU1] DEBUG      [digit_correct_pos2] n_sig=1 n_novel=1 merged=2 pc_perm=1 angle=88.1
14:06:39 [GPU1] DEBUG      [digit_correct_pos3] n_sig=1 n_novel=1 merged=2 pc_perm=1 angle=88.8
14:07:20 [GPU1] DEBUG      [digit_correct_pos4] n_sig=1 n_novel=1 merged=2 pc_perm=1 angle=88.5
14:07:52 [GPU1] DEBUG      [digit_correct_pos5] n_sig=1 n_novel=1 merged=2 pc_perm=1 angle=88.2
14:12:47 [GPU1] DEBUG      [pp_a0_x_b0] n_sig=8 n_novel=8 merged=16 pc_perm=8 angle=80.9
14:18:15 [GPU1] DEBUG      [pp_a0_x_b1] n_sig=8 n_novel=8 merged=16 pc_perm=8 angle=84.4
14:24:08 [GPU1] DEBUG      [pp_a0_x_b2] n_sig=8 n_novel=8 merged=15 pc_perm=8 angle=86.8
14:29:57 [GPU1] DEBUG      [pp_a1_x_b0] n_sig=8 n_novel=8 merged=15 pc_perm=8 angle=84.5
14:35:24 [GPU1] DEBUG      [pp_a1_x_b1] n_sig=8 n_novel=8 merged=14 pc_perm=8 angle=84.6
14:40:19 [GPU1] DEBUG      [pp_a1_x_b2] n_sig=8 n_novel=8 merged=12 pc_perm=8 angle=87.0
14:46:21 [GPU1] DEBUG      [pp_a2_x_b0] n_sig=8 n_novel=8 merged=15 pc_perm=8 angle=86.2
14:51:29 [GPU1] DEBUG      [pp_a2_x_b1] n_sig=8 n_novel=8 merged=15 pc_perm=8 angle=85.0
14:56:44 [GPU1] DEBUG      [pp_a2_x_b2] n_sig=7 n_novel=7 merged=11 pc_perm=8 angle=84.3
14:56:57 [GPU1] INFO       L5/layer06/correct: S_T computed (12.9s, N=4197, alpha=8.66e-05)
14:58:01 [GPU1] DEBUG      [a_units] n_sig=9 n_novel=9 merged=15 pc_perm=9 angle=82.9
14:59:37 [GPU1] DEBUG      [a_tens] n_sig=9 n_novel=9 merged=18 pc_perm=9 angle=83.9
15:00:55 [GPU1] DEBUG      [a_hundreds] n_sig=8 n_novel=8 merged=16 pc_perm=8 angle=83.7
15:02:13 [GPU1] DEBUG      [b_units] n_sig=9 n_novel=9 merged=18 pc_perm=9 angle=82.2
15:03:23 [GPU1] DEBUG      [b_tens] n_sig=9 n_novel=9 merged=18 pc_perm=9 angle=84.2
15:04:40 [GPU1] DEBUG      [b_hundreds] n_sig=8 n_novel=8 merged=16 pc_perm=8 angle=84.3
15:06:03 [GPU1] DEBUG      [ans_digit_0_msf] n_sig=8 n_novel=8 merged=15 pc_perm=5 angle=86.3
15:06:58 [GPU1] DEBUG      [ans_digit_1_msf] n_sig=9 n_novel=9 merged=9 pc_perm=0 angle=86.9
15:07:07 [GPU1] DEBUG      [ans_digit_2_msf] n_sig=0 n_novel=0 merged=0 pc_perm=0 
15:08:07 [GPU1] DEBUG      [ans_digit_3_msf] n_sig=1 n_novel=1 merged=7 pc_perm=8 angle=89.4
15:09:14 [GPU1] DEBUG      [ans_digit_4_msf] n_sig=9 n_novel=9 merged=18 pc_perm=9 angle=86.9
15:10:07 [GPU1] DEBUG      [ans_digit_5_msf] n_sig=7 n_novel=7 merged=14 pc_perm=7 angle=86.8
15:11:17 [GPU1] DEBUG      [carry_0] n_sig=8 n_novel=8 merged=12 pc_perm=8 angle=87.0
15:12:23 [GPU1] DEBUG      [carry_1] n_sig=7 n_novel=7 merged=11 pc_perm=10 angle=88.4
15:13:52 [GPU1] DEBUG      [carry_2] n_sig=13 n_novel=13 merged=16 pc_perm=7 angle=87.8
15:15:23 [GPU1] DEBUG      [carry_3] n_sig=9 n_novel=9 merged=13 pc_perm=6 angle=87.2
15:16:24 [GPU1] DEBUG      [carry_4] n_sig=5 n_novel=5 merged=9 pc_perm=5 angle=86.5
15:17:40 [GPU1] DEBUG      [col_sum_0] n_sig=9 n_novel=9 merged=14 pc_perm=9 angle=87.1
15:18:59 [GPU1] DEBUG      [col_sum_1] n_sig=8 n_novel=8 merged=11 pc_perm=9 angle=88.4
15:20:11 [GPU1] DEBUG      [col_sum_2] n_sig=6 n_novel=6 merged=9 pc_perm=5 angle=87.7
15:21:25 [GPU1] DEBUG      [col_sum_3] n_sig=9 n_novel=9 merged=13 pc_perm=9 angle=87.6
15:22:25 [GPU1] DEBUG      [col_sum_4] n_sig=9 n_novel=9 merged=14 pc_perm=9 angle=87.1
15:23:39 [GPU1] DEBUG      [n_nonzero_carries] n_sig=5 n_novel=5 merged=8 pc_perm=5 angle=88.1
15:25:17 [GPU1] DEBUG      [total_carry_sum] n_sig=28 n_novel=28 merged=41 pc_perm=22 angle=87.1
15:26:37 [GPU1] DEBUG      [max_carry_value] n_sig=16 n_novel=16 merged=21 pc_perm=15 angle=87.5
15:26:51 [GPU1] DEBUG      [n_answer_digits] n_sig=1 n_novel=1 merged=2 pc_perm=1 angle=89.3
15:27:58 [GPU1] DEBUG      [product_binned] n_sig=9 n_novel=9 merged=11 pc_perm=9 angle=88.4
15:28:58 [GPU1] DEBUG      [pp_a0_x_b0] n_sig=8 n_novel=8 merged=13 pc_perm=8 angle=87.7
15:29:43 [GPU1] DEBUG      [pp_a0_x_b1] n_sig=8 n_novel=8 merged=16 pc_perm=8 angle=87.5
15:30:37 [GPU1] DEBUG      [pp_a0_x_b2] n_sig=8 n_novel=8 merged=13 pc_perm=8 angle=87.7
15:31:46 [GPU1] DEBUG      [pp_a1_x_b0] n_sig=8 n_novel=8 merged=16 pc_perm=8 angle=87.6
15:32:56 [GPU1] DEBUG      [pp_a1_x_b1] n_sig=8 n_novel=8 merged=16 pc_perm=8 angle=87.0
15:34:32 [GPU1] DEBUG      [pp_a1_x_b2] n_sig=7 n_novel=7 merged=14 pc_perm=7 angle=86.7
15:35:57 [GPU1] DEBUG      [pp_a2_x_b0] n_sig=8 n_novel=8 merged=16 pc_perm=8 angle=87.1
15:37:18 [GPU1] DEBUG      [pp_a2_x_b1] n_sig=7 n_novel=7 merged=14 pc_perm=7 angle=86.8
15:38:35 [GPU1] DEBUG      [pp_a2_x_b2] n_sig=7 n_novel=7 merged=14 pc_perm=7 angle=85.8
15:39:03 [GPU1] INFO       L5/layer06/wrong: S_T computed (27.7s, N=118026, alpha=2.29e-03)
15:44:53 [GPU1] DEBUG      [a_units] n_sig=9 n_novel=9 merged=18 pc_perm=9 angle=77.6
15:50:50 [GPU1] DEBUG      [a_tens] n_sig=9 n_novel=9 merged=18 pc_perm=9 angle=78.6
15:55:55 [GPU1] DEBUG      [a_hundreds] n_sig=8 n_novel=8 merged=16 pc_perm=8 angle=79.0
16:02:27 [GPU1] DEBUG      [b_units] n_sig=9 n_novel=9 merged=18 pc_perm=9 angle=75.7
16:08:40 [GPU1] DEBUG      [b_tens] n_sig=9 n_novel=9 merged=18 pc_perm=9 angle=78.0
16:15:21 [GPU1] DEBUG      [b_hundreds] n_sig=8 n_novel=8 merged=16 pc_perm=8 angle=79.5
16:20:30 [GPU1] DEBUG      [ans_digit_0_msf] n_sig=8 n_novel=8 merged=12 pc_perm=8 angle=83.7
16:26:01 [GPU1] DEBUG      [ans_digit_1_msf] n_sig=9 n_novel=9 merged=16 pc_perm=6 angle=83.1
16:30:35 [GPU1] DEBUG      [ans_digit_2_msf] n_sig=4 n_novel=4 merged=5 pc_perm=1 angle=88.2
16:35:17 [GPU1] DEBUG      [ans_digit_3_msf] n_sig=2 n_novel=2 merged=10 pc_perm=1 angle=84.6
16:41:05 [GPU1] DEBUG      [ans_digit_4_msf] n_sig=9 n_novel=9 merged=13 pc_perm=8 angle=85.2
16:47:04 [GPU1] DEBUG      [ans_digit_5_msf] n_sig=9 n_novel=9 merged=18 pc_perm=9 angle=80.0
16:53:07 [GPU1] DEBUG      [carry_0] n_sig=8 n_novel=8 merged=16 pc_perm=8 angle=80.6
16:59:58 [GPU1] DEBUG      [carry_1] n_sig=12 n_novel=12 merged=14 pc_perm=12 angle=85.8
17:08:52 [GPU1] DEBUG      [carry_2] n_sig=9 n_novel=9 merged=12 pc_perm=9 angle=85.2
17:15:53 [GPU1] DEBUG      [carry_3] n_sig=9 n_novel=9 merged=11 pc_perm=9 angle=87.2
17:22:47 [GPU1] DEBUG      [carry_4] n_sig=5 n_novel=5 merged=7 pc_perm=5 angle=85.3
17:27:17 [GPU1] DEBUG      [col_sum_0] n_sig=9 n_novel=9 merged=17 pc_perm=9 angle=80.5
17:32:53 [GPU1] DEBUG      [col_sum_1] n_sig=9 n_novel=9 merged=11 pc_perm=9 angle=86.1
17:38:17 [GPU1] DEBUG      [col_sum_2] n_sig=7 n_novel=7 merged=9 pc_perm=9 angle=87.5
17:43:27 [GPU1] DEBUG      [col_sum_3] n_sig=9 n_novel=9 merged=12 pc_perm=9 angle=85.5
17:47:56 [GPU1] DEBUG      [col_sum_4] n_sig=8 n_novel=8 merged=12 pc_perm=9 angle=84.5
17:53:19 [GPU1] DEBUG      [n_nonzero_carries] n_sig=5 n_novel=5 merged=8 pc_perm=5 angle=82.3
18:07:49 [GPU1] DEBUG      [total_carry_sum] n_sig=43 n_novel=43 merged=68 pc_perm=25 angle=76.4
18:16:07 [GPU1] DEBUG      [max_carry_value] n_sig=19 n_novel=19 merged=42 pc_perm=23 angle=76.6
18:17:06 [GPU1] DEBUG      [n_answer_digits] n_sig=1 n_novel=1 merged=2 pc_perm=1 angle=88.0
18:22:43 [GPU1] DEBUG      [product_binned] n_sig=9 n_novel=9 merged=11 pc_perm=9 angle=85.7
18:29:01 [GPU1] DEBUG      [pp_a0_x_b0] n_sig=8 n_novel=8 merged=16 pc_perm=8 angle=80.7
18:36:12 [GPU1] DEBUG      [pp_a0_x_b1] n_sig=8 n_novel=8 merged=15 pc_perm=8 angle=84.5
18:43:18 [GPU1] DEBUG      [pp_a0_x_b2] n_sig=8 n_novel=8 merged=15 pc_perm=8 angle=86.8
18:49:18 [GPU1] DEBUG      [pp_a1_x_b0] n_sig=8 n_novel=8 merged=15 pc_perm=8 angle=84.5
18:54:33 [GPU1] DEBUG      [pp_a1_x_b1] n_sig=8 n_novel=8 merged=14 pc_perm=8 angle=84.6
18:59:53 [GPU1] DEBUG      [pp_a1_x_b2] n_sig=8 n_novel=8 merged=12 pc_perm=8 angle=87.0
19:05:07 [GPU1] DEBUG      [pp_a2_x_b0] n_sig=8 n_novel=8 merged=15 pc_perm=8 angle=86.2
19:10:57 [GPU1] DEBUG      [pp_a2_x_b1] n_sig=8 n_novel=8 merged=15 pc_perm=8 angle=85.0
19:17:54 [GPU1] DEBUG      [pp_a2_x_b2] n_sig=8 n_novel=8 merged=12 pc_perm=8 angle=84.4
19:17:55 [GPU1] INFO     Processing L5/layer20
19:18:43 [GPU1] INFO       L5/layer20/all: S_T computed (38.7s, N=122223, alpha=3.12e-02)
19:24:50 [GPU1] DEBUG      [a_units] n_sig=9 n_novel=9 merged=18 pc_perm=9 angle=76.8
19:30:58 [GPU1] DEBUG      [a_tens] n_sig=9 n_novel=9 merged=18 pc_perm=9 angle=79.8
19:38:42 [GPU1] DEBUG      [a_hundreds] n_sig=8 n_novel=8 merged=16 pc_perm=8 angle=78.9
19:45:34 [GPU1] DEBUG      [b_units] n_sig=9 n_novel=9 merged=18 pc_perm=9 angle=77.2
19:51:08 [GPU1] DEBUG      [b_tens] n_sig=9 n_novel=9 merged=18 pc_perm=9 angle=79.8
19:57:50 [GPU1] DEBUG      [b_hundreds] n_sig=8 n_novel=8 merged=16 pc_perm=8 angle=81.1
20:03:40 [GPU1] DEBUG      [ans_digit_0_msf] n_sig=8 n_novel=8 merged=11 pc_perm=8 angle=85.0
20:09:39 [GPU1] DEBUG      [ans_digit_1_msf] n_sig=9 n_novel=9 merged=16 pc_perm=7 angle=82.6
20:15:32 [GPU1] DEBUG      [ans_digit_2_msf] n_sig=4 n_novel=4 merged=4 pc_perm=0 angle=84.4
20:21:51 [GPU1] DEBUG      [ans_digit_3_msf] n_sig=2 n_novel=2 merged=2 pc_perm=0 angle=85.1
20:28:17 [GPU1] DEBUG      [ans_digit_4_msf] n_sig=9 n_novel=9 merged=18 pc_perm=9 angle=82.4
20:34:46 [GPU1] DEBUG      [ans_digit_5_msf] n_sig=9 n_novel=9 merged=18 pc_perm=9 angle=81.3
20:40:11 [GPU1] DEBUG      [carry_0] n_sig=8 n_novel=8 merged=16 pc_perm=8 angle=80.9
20:45:49 [GPU1] DEBUG      [carry_1] n_sig=12 n_novel=12 merged=15 pc_perm=12 angle=84.9
20:50:16 [GPU1] DEBUG      [carry_2] n_sig=10 n_novel=10 merged=12 pc_perm=10 angle=86.4
20:54:38 [GPU1] DEBUG      [carry_3] n_sig=9 n_novel=9 merged=11 pc_perm=9 angle=88.0
20:59:02 [GPU1] DEBUG      [carry_4] n_sig=5 n_novel=5 merged=8 pc_perm=5 angle=85.2
21:03:29 [GPU1] DEBUG      [col_sum_0] n_sig=9 n_novel=9 merged=14 pc_perm=9 angle=82.9
21:07:38 [GPU1] DEBUG      [col_sum_1] n_sig=9 n_novel=9 merged=11 pc_perm=9 angle=85.6
21:12:06 [GPU1] DEBUG      [col_sum_2] n_sig=7 n_novel=7 merged=9 pc_perm=8 angle=88.0
21:17:31 [GPU1] DEBUG      [col_sum_3] n_sig=9 n_novel=9 merged=12 pc_perm=9 angle=85.8
21:22:42 [GPU1] DEBUG      [col_sum_4] n_sig=8 n_novel=8 merged=13 pc_perm=9 angle=84.4
21:23:12 [GPU1] DEBUG      [correct] n_sig=1 n_novel=1 merged=2 pc_perm=1 angle=88.5
21:28:14 [GPU1] DEBUG      [n_nonzero_carries] n_sig=5 n_novel=5 merged=7 pc_perm=5 angle=82.0
21:43:40 [GPU1] DEBUG      [total_carry_sum] n_sig=43 n_novel=43 merged=47 pc_perm=42 angle=83.2
21:52:49 [GPU1] DEBUG      [max_carry_value] n_sig=19 n_novel=19 merged=41 pc_perm=22 angle=76.8
21:53:36 [GPU1] DEBUG      [n_answer_digits] n_sig=1 n_novel=1 merged=2 pc_perm=1 angle=88.0
21:58:57 [GPU1] DEBUG      [product_binned] n_sig=9 n_novel=9 merged=11 pc_perm=9 angle=86.5
22:00:11 [GPU1] DEBUG      [digit_correct_pos0] n_sig=1 n_novel=1 merged=1 pc_perm=0 angle=86.7
22:00:55 [GPU1] DEBUG      [digit_correct_pos1] n_sig=1 n_novel=1 merged=2 pc_perm=1 angle=88.2
22:01:37 [GPU1] DEBUG      [digit_correct_pos2] n_sig=1 n_novel=1 merged=2 pc_perm=1 angle=88.1
22:02:18 [GPU1] DEBUG      [digit_correct_pos3] n_sig=1 n_novel=1 merged=2 pc_perm=1 angle=88.7
22:03:01 [GPU1] DEBUG      [digit_correct_pos4] n_sig=1 n_novel=1 merged=2 pc_perm=1 angle=88.4
22:03:37 [GPU1] DEBUG      [digit_correct_pos5] n_sig=1 n_novel=1 merged=2 pc_perm=1 angle=88.9
22:09:46 [GPU1] DEBUG      [pp_a0_x_b0] n_sig=8 n_novel=8 merged=16 pc_perm=8 angle=81.0
22:14:40 [GPU1] DEBUG      [pp_a0_x_b1] n_sig=8 n_novel=8 merged=14 pc_perm=8 angle=84.0
22:20:52 [GPU1] DEBUG      [pp_a0_x_b2] n_sig=8 n_novel=8 merged=15 pc_perm=8 angle=85.8
22:27:32 [GPU1] DEBUG      [pp_a1_x_b0] n_sig=8 n_novel=8 merged=16 pc_perm=8 angle=84.5
22:34:03 [GPU1] DEBUG      [pp_a1_x_b1] n_sig=8 n_novel=8 merged=14 pc_perm=8 angle=85.0
22:39:51 [GPU1] DEBUG      [pp_a1_x_b2] n_sig=8 n_novel=8 merged=12 pc_perm=8 angle=86.3
22:46:32 [GPU1] DEBUG      [pp_a2_x_b0] n_sig=8 n_novel=8 merged=15 pc_perm=8 angle=86.5
22:53:07 [GPU1] DEBUG      [pp_a2_x_b1] n_sig=8 n_novel=8 merged=15 pc_perm=8 angle=84.8
22:59:42 [GPU1] DEBUG      [pp_a2_x_b2] n_sig=7 n_novel=7 merged=10 pc_perm=8 angle=85.1
23:00:00 [GPU1] INFO       L5/layer20/correct: S_T computed (18.2s, N=4197, alpha=1.11e-03)
23:01:36 [GPU1] DEBUG      [a_units] n_sig=9 n_novel=9 merged=18 pc_perm=9 angle=83.4
23:03:12 [GPU1] DEBUG      [a_tens] n_sig=9 n_novel=9 merged=18 pc_perm=9 angle=84.6
23:04:30 [GPU1] DEBUG      [a_hundreds] n_sig=8 n_novel=8 merged=16 pc_perm=8 angle=84.1
23:05:53 [GPU1] DEBUG      [b_units] n_sig=9 n_novel=9 merged=14 pc_perm=9 angle=85.2
23:07:06 [GPU1] DEBUG      [b_tens] n_sig=9 n_novel=9 merged=18 pc_perm=9 angle=84.8
23:08:53 [GPU1] DEBUG      [b_hundreds] n_sig=8 n_novel=8 merged=16 pc_perm=8 angle=84.1
23:10:06 [GPU1] DEBUG      [ans_digit_0_msf] n_sig=8 n_novel=8 merged=16 pc_perm=8 angle=86.3
23:11:33 [GPU1] DEBUG      [ans_digit_1_msf] n_sig=8 n_novel=8 merged=8 pc_perm=0 angle=86.6
23:11:48 [GPU1] DEBUG      [ans_digit_2_msf] n_sig=0 n_novel=0 merged=0 pc_perm=0 
23:12:59 [GPU1] DEBUG      [ans_digit_3_msf] n_sig=2 n_novel=2 merged=4 pc_perm=2 angle=89.4
23:14:13 [GPU1] DEBUG      [ans_digit_4_msf] n_sig=9 n_novel=9 merged=18 pc_perm=9 angle=86.8
23:15:45 [GPU1] DEBUG      [ans_digit_5_msf] n_sig=7 n_novel=7 merged=14 pc_perm=7 angle=87.0
23:16:51 [GPU1] DEBUG      [carry_0] n_sig=8 n_novel=8 merged=16 pc_perm=8 angle=87.0
23:18:05 [GPU1] DEBUG      [carry_1] n_sig=6 n_novel=6 merged=18 pc_perm=12 angle=86.7
23:19:43 [GPU1] DEBUG      [carry_2] n_sig=13 n_novel=13 merged=16 pc_perm=8 angle=88.1
23:21:03 [GPU1] DEBUG      [carry_3] n_sig=9 n_novel=9 merged=13 pc_perm=9 angle=87.3
23:22:26 [GPU1] DEBUG      [carry_4] n_sig=5 n_novel=5 merged=10 pc_perm=5 angle=86.9
23:23:34 [GPU1] DEBUG      [col_sum_0] n_sig=9 n_novel=9 merged=18 pc_perm=9 angle=86.9
23:25:02 [GPU1] DEBUG      [col_sum_1] n_sig=6 n_novel=6 merged=9 pc_perm=8 angle=88.4
23:26:25 [GPU1] DEBUG      [col_sum_2] n_sig=8 n_novel=8 merged=11 pc_perm=4 angle=87.9
23:27:42 [GPU1] DEBUG      [col_sum_3] n_sig=9 n_novel=9 merged=13 pc_perm=9 angle=87.7
23:29:04 [GPU1] DEBUG      [col_sum_4] n_sig=9 n_novel=9 merged=15 pc_perm=9 angle=86.9
23:30:22 [GPU1] DEBUG      [n_nonzero_carries] n_sig=5 n_novel=5 merged=9 pc_perm=5 angle=87.6
23:32:05 [GPU1] DEBUG      [total_carry_sum] n_sig=33 n_novel=33 merged=43 pc_perm=26 angle=86.9
23:33:18 [GPU1] DEBUG      [max_carry_value] n_sig=16 n_novel=16 merged=32 pc_perm=16 angle=85.5
23:33:30 [GPU1] DEBUG      [n_answer_digits] n_sig=1 n_novel=1 merged=2 pc_perm=1 angle=89.3
23:34:39 [GPU1] DEBUG      [product_binned] n_sig=9 n_novel=9 merged=11 pc_perm=9 angle=88.3
23:35:58 [GPU1] DEBUG      [pp_a0_x_b0] n_sig=8 n_novel=8 merged=16 pc_perm=8 angle=86.5
23:37:18 [GPU1] DEBUG      [pp_a0_x_b1] n_sig=8 n_novel=8 merged=13 pc_perm=8 angle=87.8
23:38:34 [GPU1] DEBUG      [pp_a0_x_b2] n_sig=8 n_novel=8 merged=16 pc_perm=8 angle=86.5
23:39:40 [GPU1] DEBUG      [pp_a1_x_b0] n_sig=8 n_novel=8 merged=16 pc_perm=8 angle=87.1
23:40:35 [GPU1] DEBUG      [pp_a1_x_b1] n_sig=8 n_novel=8 merged=16 pc_perm=8 angle=86.4
23:41:33 [GPU1] DEBUG      [pp_a1_x_b2] n_sig=7 n_novel=7 merged=11 pc_perm=7 angle=87.7
23:42:52 [GPU1] DEBUG      [pp_a2_x_b0] n_sig=8 n_novel=8 merged=12 pc_perm=8 angle=88.0
23:44:06 [GPU1] DEBUG      [pp_a2_x_b1] n_sig=7 n_novel=7 merged=14 pc_perm=7 angle=86.8
23:44:49 [GPU1] DEBUG      [pp_a2_x_b2] n_sig=7 n_novel=7 merged=7 pc_perm=0 angle=86.3
23:45:19 [GPU1] INFO       L5/layer20/wrong: S_T computed (26.6s, N=118026, alpha=3.01e-02)
23:50:54 [GPU1] DEBUG      [a_units] n_sig=9 n_novel=9 merged=18 pc_perm=9 angle=76.7
23:55:45 [GPU1] DEBUG      [a_tens] n_sig=9 n_novel=9 merged=18 pc_perm=9 angle=79.9
00:02:30 [GPU1] DEBUG      [a_hundreds] n_sig=8 n_novel=8 merged=16 pc_perm=8 angle=79.0
00:07:48 [GPU1] DEBUG      [b_units] n_sig=9 n_novel=9 merged=18 pc_perm=9 angle=77.4
00:13:51 [GPU1] DEBUG      [b_tens] n_sig=9 n_novel=9 merged=18 pc_perm=9 angle=79.7
00:19:46 [GPU1] DEBUG      [b_hundreds] n_sig=8 n_novel=8 merged=16 pc_perm=8 angle=81.1
00:26:01 [GPU1] DEBUG      [ans_digit_0_msf] n_sig=8 n_novel=8 merged=11 pc_perm=8 angle=85.0
00:31:40 [GPU1] DEBUG      [ans_digit_1_msf] n_sig=9 n_novel=9 merged=16 pc_perm=7 angle=82.4
00:36:58 [GPU1] DEBUG      [ans_digit_2_msf] n_sig=4 n_novel=4 merged=11 pc_perm=1 angle=84.7
00:42:00 [GPU1] DEBUG      [ans_digit_3_msf] n_sig=2 n_novel=2 merged=2 pc_perm=0 angle=84.1
00:47:00 [GPU1] DEBUG      [ans_digit_4_msf] n_sig=9 n_novel=9 merged=18 pc_perm=9 angle=81.9
00:51:39 [GPU1] DEBUG      [ans_digit_5_msf] n_sig=9 n_novel=9 merged=18 pc_perm=9 angle=81.3
00:56:43 [GPU1] DEBUG      [carry_0] n_sig=8 n_novel=8 merged=16 pc_perm=8 angle=80.6
01:05:48 [GPU1] DEBUG      [carry_1] n_sig=12 n_novel=12 merged=15 pc_perm=12 angle=84.9
01:12:48 [GPU1] DEBUG      [carry_2] n_sig=10 n_novel=10 merged=14 pc_perm=10 angle=84.8
01:18:49 [GPU1] DEBUG      [carry_3] n_sig=9 n_novel=9 merged=11 pc_perm=9 angle=87.9
01:24:31 [GPU1] DEBUG      [carry_4] n_sig=5 n_novel=5 merged=8 pc_perm=5 angle=85.2
01:30:07 [GPU1] DEBUG      [col_sum_0] n_sig=9 n_novel=9 merged=13 pc_perm=9 angle=83.9
01:37:28 [GPU1] DEBUG      [col_sum_1] n_sig=9 n_novel=9 merged=11 pc_perm=9 angle=85.6
01:43:20 [GPU1] DEBUG      [col_sum_2] n_sig=8 n_novel=8 merged=10 pc_perm=8 angle=87.9
01:50:13 [GPU1] DEBUG      [col_sum_3] n_sig=9 n_novel=9 merged=12 pc_perm=9 angle=85.9
01:57:52 [GPU1] DEBUG      [col_sum_4] n_sig=8 n_novel=8 merged=13 pc_perm=9 angle=84.9
02:04:39 [GPU1] DEBUG      [n_nonzero_carries] n_sig=5 n_novel=5 merged=8 pc_perm=5 angle=82.3
02:20:49 [GPU1] DEBUG      [total_carry_sum] n_sig=43 n_novel=43 merged=85 pc_perm=42 angle=75.0
02:29:03 [GPU1] DEBUG      [max_carry_value] n_sig=19 n_novel=19 merged=22 pc_perm=22 angle=83.7
02:29:50 [GPU1] DEBUG      [n_answer_digits] n_sig=1 n_novel=1 merged=2 pc_perm=1 angle=88.0
02:36:41 [GPU1] DEBUG      [product_binned] n_sig=9 n_novel=9 merged=11 pc_perm=9 angle=86.5
02:42:29 [GPU1] DEBUG      [pp_a0_x_b0] n_sig=8 n_novel=8 merged=16 pc_perm=8 angle=80.7
02:51:29 [GPU1] DEBUG      [pp_a0_x_b1] n_sig=8 n_novel=8 merged=14 pc_perm=8 angle=84.1
02:59:27 [GPU1] DEBUG      [pp_a0_x_b2] n_sig=8 n_novel=8 merged=15 pc_perm=8 angle=85.9
03:05:35 [GPU1] DEBUG      [pp_a1_x_b0] n_sig=8 n_novel=8 merged=16 pc_perm=8 angle=84.4
03:11:13 [GPU1] DEBUG      [pp_a1_x_b1] n_sig=8 n_novel=8 merged=14 pc_perm=8 angle=85.0
03:18:03 [GPU1] DEBUG      [pp_a1_x_b2] n_sig=8 n_novel=8 merged=12 pc_perm=8 angle=86.3
03:24:59 [GPU1] DEBUG      [pp_a2_x_b0] n_sig=8 n_novel=8 merged=15 pc_perm=8 angle=86.5
03:31:59 [GPU1] DEBUG      [pp_a2_x_b1] n_sig=8 n_novel=8 merged=15 pc_perm=8 angle=84.8
03:38:01 [GPU1] DEBUG      [pp_a2_x_b2] n_sig=8 n_novel=8 merged=11 pc_perm=8 angle=85.1
03:38:01 [GPU1] INFO     Worker GPU 1 finished
