11:05:34 [GPU2] INFO     Worker GPU 2 started, CuPy: True
11:05:34 [GPU2] INFO     Processing L5/layer12
11:06:32 [GPU2] INFO       L5/layer12/all: S_T computed (45.2s, N=122223, alpha=8.78e-03)
11:13:30 [GPU2] DEBUG      [a_units] n_sig=9 n_novel=9 merged=18 pc_perm=9 angle=78.8
11:20:30 [GPU2] DEBUG      [a_tens] n_sig=9 n_novel=9 merged=18 pc_perm=9 angle=79.1
11:28:08 [GPU2] DEBUG      [a_hundreds] n_sig=8 n_novel=8 merged=16 pc_perm=8 angle=78.8
11:34:59 [GPU2] DEBUG      [b_units] n_sig=9 n_novel=9 merged=18 pc_perm=9 angle=77.7
11:41:16 [GPU2] DEBUG      [b_tens] n_sig=9 n_novel=9 merged=18 pc_perm=9 angle=79.9
11:47:22 [GPU2] DEBUG      [b_hundreds] n_sig=8 n_novel=8 merged=16 pc_perm=8 angle=80.7
11:55:54 [GPU2] DEBUG      [ans_digit_0_msf] n_sig=8 n_novel=8 merged=12 pc_perm=8 angle=83.3
12:03:00 [GPU2] DEBUG      [ans_digit_1_msf] n_sig=9 n_novel=9 merged=16 pc_perm=7 angle=82.4
12:10:43 [GPU2] DEBUG      [ans_digit_2_msf] n_sig=3 n_novel=3 merged=11 pc_perm=1 angle=83.5
12:16:23 [GPU2] DEBUG      [ans_digit_3_msf] n_sig=2 n_novel=2 merged=10 pc_perm=1 angle=82.6
12:22:21 [GPU2] DEBUG      [ans_digit_4_msf] n_sig=9 n_novel=9 merged=13 pc_perm=9 angle=84.9
12:28:25 [GPU2] DEBUG      [ans_digit_5_msf] n_sig=9 n_novel=9 merged=18 pc_perm=9 angle=80.3
12:34:56 [GPU2] DEBUG      [carry_0] n_sig=8 n_novel=8 merged=16 pc_perm=8 angle=80.7
12:41:27 [GPU2] DEBUG      [carry_1] n_sig=12 n_novel=12 merged=14 pc_perm=12 angle=85.1
12:48:12 [GPU2] DEBUG      [carry_2] n_sig=10 n_novel=10 merged=14 pc_perm=9 angle=83.7
12:54:09 [GPU2] DEBUG      [carry_3] n_sig=9 n_novel=9 merged=12 pc_perm=9 angle=83.8
12:59:52 [GPU2] DEBUG      [carry_4] n_sig=5 n_novel=5 merged=8 pc_perm=5 angle=84.4
13:06:48 [GPU2] DEBUG      [col_sum_0] n_sig=9 n_novel=9 merged=17 pc_perm=9 angle=79.7
13:12:19 [GPU2] DEBUG      [col_sum_1] n_sig=9 n_novel=9 merged=11 pc_perm=9 angle=85.2
13:17:31 [GPU2] DEBUG      [col_sum_2] n_sig=7 n_novel=7 merged=9 pc_perm=8 angle=87.4
13:23:30 [GPU2] DEBUG      [col_sum_3] n_sig=9 n_novel=9 merged=12 pc_perm=9 angle=85.4
13:28:44 [GPU2] DEBUG      [col_sum_4] n_sig=8 n_novel=8 merged=13 pc_perm=9 angle=83.2
13:29:54 [GPU2] DEBUG      [correct] n_sig=1 n_novel=1 merged=2 pc_perm=1 angle=88.4
13:35:05 [GPU2] DEBUG      [n_nonzero_carries] n_sig=5 n_novel=5 merged=8 pc_perm=5 angle=81.0
13:55:38 [GPU2] DEBUG      [total_carry_sum] n_sig=42 n_novel=42 merged=78 pc_perm=36 angle=74.5
14:02:44 [GPU2] DEBUG      [max_carry_value] n_sig=18 n_novel=18 merged=21 pc_perm=22 angle=83.2
14:03:29 [GPU2] DEBUG      [n_answer_digits] n_sig=1 n_novel=1 merged=2 pc_perm=1 angle=87.3
14:08:32 [GPU2] DEBUG      [product_binned] n_sig=9 n_novel=9 merged=11 pc_perm=9 angle=85.2
14:09:11 [GPU2] DEBUG      [digit_correct_pos0] n_sig=1 n_novel=1 merged=2 pc_perm=1 angle=86.7
14:09:52 [GPU2] DEBUG      [digit_correct_pos1] n_sig=1 n_novel=1 merged=2 pc_perm=1 angle=88.1
14:10:19 [GPU2] DEBUG      [digit_correct_pos2] n_sig=1 n_novel=1 merged=2 pc_perm=1 angle=87.6
14:10:53 [GPU2] DEBUG      [digit_correct_pos3] n_sig=1 n_novel=1 merged=2 pc_perm=1 angle=88.5
14:11:28 [GPU2] DEBUG      [digit_correct_pos4] n_sig=1 n_novel=1 merged=2 pc_perm=1 angle=88.0
14:11:54 [GPU2] DEBUG      [digit_correct_pos5] n_sig=1 n_novel=1 merged=2 pc_perm=1 angle=88.4
14:17:12 [GPU2] DEBUG      [pp_a0_x_b0] n_sig=8 n_novel=8 merged=16 pc_perm=8 angle=80.5
14:22:32 [GPU2] DEBUG      [pp_a0_x_b1] n_sig=8 n_novel=8 merged=14 pc_perm=8 angle=84.2
14:28:50 [GPU2] DEBUG      [pp_a0_x_b2] n_sig=8 n_novel=8 merged=15 pc_perm=8 angle=85.6
14:33:43 [GPU2] DEBUG      [pp_a1_x_b0] n_sig=8 n_novel=8 merged=16 pc_perm=8 angle=83.5
14:38:36 [GPU2] DEBUG      [pp_a1_x_b1] n_sig=8 n_novel=8 merged=14 pc_perm=8 angle=83.5
14:43:42 [GPU2] DEBUG      [pp_a1_x_b2] n_sig=8 n_novel=8 merged=15 pc_perm=8 angle=84.3
14:48:46 [GPU2] DEBUG      [pp_a2_x_b0] n_sig=8 n_novel=8 merged=15 pc_perm=8 angle=85.8
14:53:45 [GPU2] DEBUG      [pp_a2_x_b1] n_sig=8 n_novel=8 merged=15 pc_perm=8 angle=83.4
14:59:35 [GPU2] DEBUG      [pp_a2_x_b2] n_sig=7 n_novel=7 merged=10 pc_perm=8 angle=84.0
14:59:44 [GPU2] INFO       L5/layer12/correct: S_T computed (8.9s, N=4197, alpha=3.12e-04)
15:01:20 [GPU2] DEBUG      [a_units] n_sig=9 n_novel=9 merged=18 pc_perm=9 angle=84.7
15:02:22 [GPU2] DEBUG      [a_tens] n_sig=9 n_novel=9 merged=18 pc_perm=9 angle=84.5
15:03:47 [GPU2] DEBUG      [a_hundreds] n_sig=8 n_novel=8 merged=16 pc_perm=8 angle=84.0
15:05:05 [GPU2] DEBUG      [b_units] n_sig=9 n_novel=9 merged=18 pc_perm=9 angle=84.7
15:06:27 [GPU2] DEBUG      [b_tens] n_sig=9 n_novel=9 merged=18 pc_perm=9 angle=85.5
15:07:48 [GPU2] DEBUG      [b_hundreds] n_sig=8 n_novel=8 merged=16 pc_perm=8 angle=85.1
15:09:07 [GPU2] DEBUG      [ans_digit_0_msf] n_sig=8 n_novel=8 merged=16 pc_perm=8 angle=86.2
15:09:58 [GPU2] DEBUG      [ans_digit_1_msf] n_sig=4 n_novel=4 merged=4 pc_perm=0 angle=86.9
15:10:04 [GPU2] DEBUG      [ans_digit_2_msf] n_sig=0 n_novel=0 merged=0 pc_perm=0 
15:11:10 [GPU2] DEBUG      [ans_digit_3_msf] n_sig=1 n_novel=1 merged=10 pc_perm=9 angle=88.7
15:12:20 [GPU2] DEBUG      [ans_digit_4_msf] n_sig=9 n_novel=9 merged=18 pc_perm=9 angle=86.8
15:13:45 [GPU2] DEBUG      [ans_digit_5_msf] n_sig=7 n_novel=7 merged=14 pc_perm=7 angle=86.4
15:14:58 [GPU2] DEBUG      [carry_0] n_sig=8 n_novel=8 merged=16 pc_perm=8 angle=86.9
15:16:13 [GPU2] DEBUG      [carry_1] n_sig=7 n_novel=7 merged=19 pc_perm=12 angle=86.9
15:17:38 [GPU2] DEBUG      [carry_2] n_sig=11 n_novel=11 merged=14 pc_perm=8 angle=88.0
15:18:49 [GPU2] DEBUG      [carry_3] n_sig=9 n_novel=9 merged=14 pc_perm=9 angle=87.1
15:19:50 [GPU2] DEBUG      [carry_4] n_sig=5 n_novel=5 merged=10 pc_perm=5 angle=86.8
15:20:56 [GPU2] DEBUG      [col_sum_0] n_sig=9 n_novel=9 merged=13 pc_perm=9 angle=87.9
15:22:01 [GPU2] DEBUG      [col_sum_1] n_sig=7 n_novel=7 merged=10 pc_perm=8 angle=88.2
15:23:06 [GPU2] DEBUG      [col_sum_2] n_sig=8 n_novel=8 merged=11 pc_perm=5 angle=87.9
15:24:06 [GPU2] DEBUG      [col_sum_3] n_sig=9 n_novel=9 merged=18 pc_perm=9 angle=86.4
15:25:31 [GPU2] DEBUG      [col_sum_4] n_sig=9 n_novel=9 merged=18 pc_perm=9 angle=86.3
15:26:47 [GPU2] DEBUG      [n_nonzero_carries] n_sig=5 n_novel=5 merged=8 pc_perm=5 angle=87.9
15:28:03 [GPU2] DEBUG      [total_carry_sum] n_sig=23 n_novel=23 merged=40 pc_perm=17 angle=86.8
15:29:15 [GPU2] DEBUG      [max_carry_value] n_sig=16 n_novel=16 merged=21 pc_perm=12 angle=87.2
15:29:28 [GPU2] DEBUG      [n_answer_digits] n_sig=1 n_novel=1 merged=2 pc_perm=1 angle=89.1
15:30:28 [GPU2] DEBUG      [product_binned] n_sig=9 n_novel=9 merged=12 pc_perm=9 angle=87.8
15:31:29 [GPU2] DEBUG      [pp_a0_x_b0] n_sig=8 n_novel=8 merged=16 pc_perm=8 angle=86.5
15:32:16 [GPU2] DEBUG      [pp_a0_x_b1] n_sig=8 n_novel=8 merged=16 pc_perm=8 angle=87.2
15:33:38 [GPU2] DEBUG      [pp_a0_x_b2] n_sig=8 n_novel=8 merged=16 pc_perm=8 angle=86.4
15:34:54 [GPU2] DEBUG      [pp_a1_x_b0] n_sig=8 n_novel=8 merged=16 pc_perm=8 angle=87.3
15:36:24 [GPU2] DEBUG      [pp_a1_x_b1] n_sig=8 n_novel=8 merged=16 pc_perm=8 angle=86.5
15:38:02 [GPU2] DEBUG      [pp_a1_x_b2] n_sig=7 n_novel=7 merged=11 pc_perm=7 angle=87.6
15:38:56 [GPU2] DEBUG      [pp_a2_x_b0] n_sig=8 n_novel=8 merged=16 pc_perm=8 angle=86.9
15:39:56 [GPU2] DEBUG      [pp_a2_x_b1] n_sig=7 n_novel=7 merged=14 pc_perm=7 angle=86.2
15:41:05 [GPU2] DEBUG      [pp_a2_x_b2] n_sig=7 n_novel=7 merged=14 pc_perm=7 angle=85.9
15:41:33 [GPU2] INFO       L5/layer12/wrong: S_T computed (27.0s, N=118026, alpha=8.45e-03)
15:47:54 [GPU2] DEBUG      [a_units] n_sig=9 n_novel=9 merged=18 pc_perm=9 angle=78.7
15:53:56 [GPU2] DEBUG      [a_tens] n_sig=9 n_novel=9 merged=18 pc_perm=9 angle=79.2
16:00:10 [GPU2] DEBUG      [a_hundreds] n_sig=8 n_novel=8 merged=16 pc_perm=8 angle=78.8
16:06:45 [GPU2] DEBUG      [b_units] n_sig=9 n_novel=9 merged=18 pc_perm=9 angle=77.7
16:12:55 [GPU2] DEBUG      [b_tens] n_sig=9 n_novel=9 merged=18 pc_perm=9 angle=79.9
16:18:16 [GPU2] DEBUG      [b_hundreds] n_sig=8 n_novel=8 merged=16 pc_perm=8 angle=80.8
16:24:26 [GPU2] DEBUG      [ans_digit_0_msf] n_sig=8 n_novel=8 merged=12 pc_perm=8 angle=83.5
16:28:59 [GPU2] DEBUG      [ans_digit_1_msf] n_sig=9 n_novel=9 merged=16 pc_perm=7 angle=82.4
16:34:09 [GPU2] DEBUG      [ans_digit_2_msf] n_sig=3 n_novel=3 merged=11 pc_perm=1 angle=83.8
16:39:41 [GPU2] DEBUG      [ans_digit_3_msf] n_sig=2 n_novel=2 merged=10 pc_perm=1 angle=81.9
16:45:52 [GPU2] DEBUG      [ans_digit_4_msf] n_sig=9 n_novel=9 merged=14 pc_perm=9 angle=84.0
16:51:04 [GPU2] DEBUG      [ans_digit_5_msf] n_sig=9 n_novel=9 merged=18 pc_perm=9 angle=80.4
16:57:23 [GPU2] DEBUG      [carry_0] n_sig=8 n_novel=8 merged=16 pc_perm=8 angle=80.6
17:03:21 [GPU2] DEBUG      [carry_1] n_sig=12 n_novel=12 merged=14 pc_perm=12 angle=85.1
17:10:13 [GPU2] DEBUG      [carry_2] n_sig=10 n_novel=10 merged=20 pc_perm=10 angle=80.8
17:17:21 [GPU2] DEBUG      [carry_3] n_sig=9 n_novel=9 merged=12 pc_perm=9 angle=83.7
17:23:20 [GPU2] DEBUG      [carry_4] n_sig=5 n_novel=5 merged=8 pc_perm=5 angle=84.5
17:30:02 [GPU2] DEBUG      [col_sum_0] n_sig=9 n_novel=9 merged=17 pc_perm=9 angle=79.7
17:36:18 [GPU2] DEBUG      [col_sum_1] n_sig=9 n_novel=9 merged=11 pc_perm=9 angle=85.2
17:42:49 [GPU2] DEBUG      [col_sum_2] n_sig=7 n_novel=7 merged=9 pc_perm=9 angle=87.3
17:47:53 [GPU2] DEBUG      [col_sum_3] n_sig=9 n_novel=9 merged=12 pc_perm=9 angle=85.5
17:53:50 [GPU2] DEBUG      [col_sum_4] n_sig=8 n_novel=8 merged=13 pc_perm=9 angle=84.1
17:59:26 [GPU2] DEBUG      [n_nonzero_carries] n_sig=5 n_novel=5 merged=8 pc_perm=5 angle=81.6
18:19:29 [GPU2] DEBUG      [total_carry_sum] n_sig=44 n_novel=44 merged=80 pc_perm=36 angle=74.5
18:26:33 [GPU2] DEBUG      [max_carry_value] n_sig=19 n_novel=19 merged=41 pc_perm=22 angle=75.8
18:27:41 [GPU2] DEBUG      [n_answer_digits] n_sig=1 n_novel=1 merged=2 pc_perm=1 angle=87.3
18:33:15 [GPU2] DEBUG      [product_binned] n_sig=9 n_novel=9 merged=11 pc_perm=9 angle=85.3
18:39:10 [GPU2] DEBUG      [pp_a0_x_b0] n_sig=8 n_novel=8 merged=16 pc_perm=8 angle=80.4
18:45:11 [GPU2] DEBUG      [pp_a0_x_b1] n_sig=8 n_novel=8 merged=14 pc_perm=8 angle=84.2
18:51:51 [GPU2] DEBUG      [pp_a0_x_b2] n_sig=8 n_novel=8 merged=15 pc_perm=8 angle=85.7
18:58:03 [GPU2] DEBUG      [pp_a1_x_b0] n_sig=8 n_novel=8 merged=16 pc_perm=8 angle=83.5
19:04:13 [GPU2] DEBUG      [pp_a1_x_b1] n_sig=8 n_novel=8 merged=14 pc_perm=8 angle=83.5
19:10:41 [GPU2] DEBUG      [pp_a1_x_b2] n_sig=8 n_novel=8 merged=15 pc_perm=8 angle=84.3
19:17:44 [GPU2] DEBUG      [pp_a2_x_b0] n_sig=8 n_novel=8 merged=15 pc_perm=8 angle=85.7
19:23:38 [GPU2] DEBUG      [pp_a2_x_b1] n_sig=8 n_novel=8 merged=15 pc_perm=8 angle=83.4
19:30:20 [GPU2] DEBUG      [pp_a2_x_b2] n_sig=8 n_novel=8 merged=12 pc_perm=8 angle=84.0
19:30:20 [GPU2] INFO     Processing L5/layer24
19:30:58 [GPU2] INFO       L5/layer24/all: S_T computed (29.5s, N=122223, alpha=7.31e-02)
19:38:42 [GPU2] DEBUG      [a_units] n_sig=9 n_novel=9 merged=18 pc_perm=9 angle=76.1
19:45:55 [GPU2] DEBUG      [a_tens] n_sig=9 n_novel=9 merged=18 pc_perm=9 angle=78.7
19:53:57 [GPU2] DEBUG      [a_hundreds] n_sig=8 n_novel=8 merged=16 pc_perm=8 angle=79.4
20:00:14 [GPU2] DEBUG      [b_units] n_sig=9 n_novel=9 merged=14 pc_perm=9 angle=78.4
20:06:35 [GPU2] DEBUG      [b_tens] n_sig=9 n_novel=9 merged=18 pc_perm=9 angle=79.1
20:14:10 [GPU2] DEBUG      [b_hundreds] n_sig=8 n_novel=8 merged=16 pc_perm=8 angle=80.1
20:21:33 [GPU2] DEBUG      [ans_digit_0_msf] n_sig=8 n_novel=8 merged=11 pc_perm=8 angle=84.5
20:28:26 [GPU2] DEBUG      [ans_digit_1_msf] n_sig=9 n_novel=9 merged=16 pc_perm=7 angle=82.2
20:36:05 [GPU2] DEBUG      [ans_digit_2_msf] n_sig=4 n_novel=4 merged=4 pc_perm=0 angle=84.1
20:41:51 [GPU2] DEBUG      [ans_digit_3_msf] n_sig=2 n_novel=2 merged=2 pc_perm=0 angle=84.1
20:46:45 [GPU2] DEBUG      [ans_digit_4_msf] n_sig=9 n_novel=9 merged=18 pc_perm=9 angle=81.9
20:51:12 [GPU2] DEBUG      [ans_digit_5_msf] n_sig=9 n_novel=9 merged=18 pc_perm=9 angle=80.9
20:55:40 [GPU2] DEBUG      [carry_0] n_sig=8 n_novel=8 merged=16 pc_perm=8 angle=80.0
21:00:41 [GPU2] DEBUG      [carry_1] n_sig=12 n_novel=12 merged=15 pc_perm=12 angle=84.6
21:04:54 [GPU2] DEBUG      [carry_2] n_sig=10 n_novel=10 merged=12 pc_perm=10 angle=86.1
21:09:10 [GPU2] DEBUG      [carry_3] n_sig=9 n_novel=9 merged=11 pc_perm=9 angle=87.7
21:13:46 [GPU2] DEBUG      [carry_4] n_sig=5 n_novel=5 merged=8 pc_perm=5 angle=85.0
21:18:16 [GPU2] DEBUG      [col_sum_0] n_sig=9 n_novel=9 merged=13 pc_perm=9 angle=83.8
21:23:08 [GPU2] DEBUG      [col_sum_1] n_sig=9 n_novel=9 merged=11 pc_perm=9 angle=85.3
21:28:33 [GPU2] DEBUG      [col_sum_2] n_sig=7 n_novel=7 merged=9 pc_perm=8 angle=88.0
21:33:48 [GPU2] DEBUG      [col_sum_3] n_sig=9 n_novel=9 merged=12 pc_perm=9 angle=85.5
21:38:36 [GPU2] DEBUG      [col_sum_4] n_sig=8 n_novel=8 merged=13 pc_perm=9 angle=84.3
21:39:33 [GPU2] DEBUG      [correct] n_sig=1 n_novel=1 merged=2 pc_perm=1 angle=88.4
21:44:09 [GPU2] DEBUG      [n_nonzero_carries] n_sig=5 n_novel=5 merged=7 pc_perm=5 angle=80.5
22:01:51 [GPU2] DEBUG      [total_carry_sum] n_sig=42 n_novel=42 merged=46 pc_perm=34 angle=82.5
22:10:06 [GPU2] DEBUG      [max_carry_value] n_sig=19 n_novel=19 merged=22 pc_perm=22 angle=83.0
22:10:58 [GPU2] DEBUG      [n_answer_digits] n_sig=1 n_novel=1 merged=2 pc_perm=1 angle=87.7
22:15:34 [GPU2] DEBUG      [product_binned] n_sig=9 n_novel=9 merged=11 pc_perm=9 angle=86.3
22:16:20 [GPU2] DEBUG      [digit_correct_pos0] n_sig=1 n_novel=1 merged=1 pc_perm=0 angle=86.2
22:17:03 [GPU2] DEBUG      [digit_correct_pos1] n_sig=1 n_novel=1 merged=2 pc_perm=1 angle=88.0
22:17:40 [GPU2] DEBUG      [digit_correct_pos2] n_sig=1 n_novel=1 merged=2 pc_perm=1 angle=87.8
22:18:37 [GPU2] DEBUG      [digit_correct_pos3] n_sig=1 n_novel=1 merged=2 pc_perm=1 angle=88.6
22:19:21 [GPU2] DEBUG      [digit_correct_pos4] n_sig=1 n_novel=1 merged=2 pc_perm=1 angle=88.2
22:20:03 [GPU2] DEBUG      [digit_correct_pos5] n_sig=1 n_novel=1 merged=2 pc_perm=1 angle=88.9
22:26:41 [GPU2] DEBUG      [pp_a0_x_b0] n_sig=8 n_novel=8 merged=16 pc_perm=8 angle=80.1
22:32:51 [GPU2] DEBUG      [pp_a0_x_b1] n_sig=8 n_novel=8 merged=16 pc_perm=8 angle=83.2
22:39:26 [GPU2] DEBUG      [pp_a0_x_b2] n_sig=8 n_novel=8 merged=12 pc_perm=8 angle=86.6
22:45:10 [GPU2] DEBUG      [pp_a1_x_b0] n_sig=8 n_novel=8 merged=15 pc_perm=8 angle=84.1
22:51:03 [GPU2] DEBUG      [pp_a1_x_b1] n_sig=8 n_novel=8 merged=12 pc_perm=8 angle=85.0
22:56:33 [GPU2] DEBUG      [pp_a1_x_b2] n_sig=8 n_novel=8 merged=12 pc_perm=8 angle=86.0
23:02:15 [GPU2] DEBUG      [pp_a2_x_b0] n_sig=8 n_novel=8 merged=15 pc_perm=8 angle=86.3
23:07:57 [GPU2] DEBUG      [pp_a2_x_b1] n_sig=8 n_novel=8 merged=15 pc_perm=8 angle=84.7
23:14:32 [GPU2] DEBUG      [pp_a2_x_b2] n_sig=7 n_novel=7 merged=10 pc_perm=8 angle=85.2
23:14:53 [GPU2] INFO       L5/layer24/correct: S_T computed (21.4s, N=4197, alpha=2.57e-03)
23:16:31 [GPU2] DEBUG      [a_units] n_sig=9 n_novel=9 merged=18 pc_perm=9 angle=82.7
23:17:58 [GPU2] DEBUG      [a_tens] n_sig=9 n_novel=9 merged=18 pc_perm=9 angle=84.2
23:19:26 [GPU2] DEBUG      [a_hundreds] n_sig=8 n_novel=8 merged=16 pc_perm=8 angle=83.8
23:20:32 [GPU2] DEBUG      [b_units] n_sig=9 n_novel=9 merged=14 pc_perm=9 angle=85.2
23:21:52 [GPU2] DEBUG      [b_tens] n_sig=9 n_novel=9 merged=18 pc_perm=9 angle=84.4
23:23:11 [GPU2] DEBUG      [b_hundreds] n_sig=8 n_novel=8 merged=16 pc_perm=8 angle=83.9
23:23:54 [GPU2] DEBUG      [ans_digit_0_msf] n_sig=8 n_novel=8 merged=16 pc_perm=8 angle=86.1
23:25:18 [GPU2] DEBUG      [ans_digit_1_msf] n_sig=3 n_novel=3 merged=3 pc_perm=0 angle=87.4
23:25:30 [GPU2] DEBUG      [ans_digit_2_msf] n_sig=0 n_novel=0 merged=0 pc_perm=0 
23:26:45 [GPU2] DEBUG      [ans_digit_3_msf] n_sig=1 n_novel=1 merged=3 pc_perm=2 angle=89.4
23:28:14 [GPU2] DEBUG      [ans_digit_4_msf] n_sig=9 n_novel=9 merged=18 pc_perm=9 angle=86.4
23:29:20 [GPU2] DEBUG      [ans_digit_5_msf] n_sig=7 n_novel=7 merged=14 pc_perm=7 angle=86.8
23:30:38 [GPU2] DEBUG      [carry_0] n_sig=8 n_novel=8 merged=12 pc_perm=8 angle=88.1
23:32:18 [GPU2] DEBUG      [carry_1] n_sig=6 n_novel=6 merged=10 pc_perm=12 angle=88.2
23:33:32 [GPU2] DEBUG      [carry_2] n_sig=12 n_novel=12 merged=15 pc_perm=8 angle=87.9
23:34:46 [GPU2] DEBUG      [carry_3] n_sig=9 n_novel=9 merged=13 pc_perm=9 angle=87.3
23:36:12 [GPU2] DEBUG      [carry_4] n_sig=5 n_novel=5 merged=10 pc_perm=5 angle=86.7
23:37:33 [GPU2] DEBUG      [col_sum_0] n_sig=9 n_novel=9 merged=18 pc_perm=9 angle=86.6
23:39:11 [GPU2] DEBUG      [col_sum_1] n_sig=6 n_novel=6 merged=9 pc_perm=8 angle=88.4
23:40:27 [GPU2] DEBUG      [col_sum_2] n_sig=7 n_novel=7 merged=10 pc_perm=7 angle=87.8
23:41:31 [GPU2] DEBUG      [col_sum_3] n_sig=9 n_novel=9 merged=13 pc_perm=9 angle=87.6
23:42:54 [GPU2] DEBUG      [col_sum_4] n_sig=9 n_novel=9 merged=18 pc_perm=9 angle=85.9
23:44:08 [GPU2] DEBUG      [n_nonzero_carries] n_sig=5 n_novel=5 merged=9 pc_perm=5 angle=87.4
23:46:02 [GPU2] DEBUG      [total_carry_sum] n_sig=34 n_novel=34 merged=43 pc_perm=27 angle=87.0
23:47:15 [GPU2] DEBUG      [max_carry_value] n_sig=16 n_novel=16 merged=20 pc_perm=16 angle=87.7
23:47:31 [GPU2] DEBUG      [n_answer_digits] n_sig=1 n_novel=1 merged=2 pc_perm=1 angle=89.2
23:49:06 [GPU2] DEBUG      [product_binned] n_sig=9 n_novel=9 merged=11 pc_perm=9 angle=88.2
23:50:49 [GPU2] DEBUG      [pp_a0_x_b0] n_sig=8 n_novel=8 merged=16 pc_perm=8 angle=86.4
23:51:34 [GPU2] DEBUG      [pp_a0_x_b1] n_sig=8 n_novel=8 merged=13 pc_perm=8 angle=88.1
23:52:18 [GPU2] DEBUG      [pp_a0_x_b2] n_sig=8 n_novel=8 merged=16 pc_perm=8 angle=86.3
23:53:33 [GPU2] DEBUG      [pp_a1_x_b0] n_sig=8 n_novel=8 merged=16 pc_perm=8 angle=87.0
23:55:07 [GPU2] DEBUG      [pp_a1_x_b1] n_sig=8 n_novel=8 merged=16 pc_perm=8 angle=86.3
23:56:44 [GPU2] DEBUG      [pp_a1_x_b2] n_sig=7 n_novel=7 merged=14 pc_perm=7 angle=86.1
23:57:35 [GPU2] DEBUG      [pp_a2_x_b0] n_sig=8 n_novel=8 merged=12 pc_perm=8 angle=87.8
23:59:13 [GPU2] DEBUG      [pp_a2_x_b1] n_sig=7 n_novel=7 merged=14 pc_perm=7 angle=86.4
00:00:39 [GPU2] DEBUG      [pp_a2_x_b2] n_sig=7 n_novel=7 merged=7 pc_perm=0 angle=86.1
00:01:06 [GPU2] INFO       L5/layer24/wrong: S_T computed (26.5s, N=118026, alpha=7.04e-02)
00:06:35 [GPU2] DEBUG      [a_units] n_sig=9 n_novel=9 merged=18 pc_perm=9 angle=76.1
00:11:41 [GPU2] DEBUG      [a_tens] n_sig=9 n_novel=9 merged=18 pc_perm=9 angle=78.8
00:18:31 [GPU2] DEBUG      [a_hundreds] n_sig=8 n_novel=8 merged=16 pc_perm=8 angle=79.5
00:24:49 [GPU2] DEBUG      [b_units] n_sig=9 n_novel=9 merged=14 pc_perm=9 angle=78.3
00:30:38 [GPU2] DEBUG      [b_tens] n_sig=9 n_novel=9 merged=18 pc_perm=9 angle=79.2
00:36:22 [GPU2] DEBUG      [b_hundreds] n_sig=8 n_novel=8 merged=16 pc_perm=8 angle=80.2
00:41:32 [GPU2] DEBUG      [ans_digit_0_msf] n_sig=8 n_novel=8 merged=11 pc_perm=8 angle=84.6
00:46:01 [GPU2] DEBUG      [ans_digit_1_msf] n_sig=9 n_novel=9 merged=16 pc_perm=7 angle=82.0
00:52:09 [GPU2] DEBUG      [ans_digit_2_msf] n_sig=4 n_novel=4 merged=4 pc_perm=0 angle=83.8
00:58:27 [GPU2] DEBUG      [ans_digit_3_msf] n_sig=2 n_novel=2 merged=2 pc_perm=0 angle=83.1
01:04:14 [GPU2] DEBUG      [ans_digit_4_msf] n_sig=9 n_novel=9 merged=18 pc_perm=9 angle=81.7
01:09:24 [GPU2] DEBUG      [ans_digit_5_msf] n_sig=9 n_novel=9 merged=18 pc_perm=9 angle=80.7
01:15:14 [GPU2] DEBUG      [carry_0] n_sig=8 n_novel=8 merged=16 pc_perm=8 angle=79.6
01:21:07 [GPU2] DEBUG      [carry_1] n_sig=12 n_novel=12 merged=14 pc_perm=12 angle=85.2
01:27:54 [GPU2] DEBUG      [carry_2] n_sig=10 n_novel=10 merged=13 pc_perm=10 angle=84.0
01:34:17 [GPU2] DEBUG      [carry_3] n_sig=9 n_novel=9 merged=11 pc_perm=9 angle=87.6
01:40:00 [GPU2] DEBUG      [carry_4] n_sig=5 n_novel=5 merged=8 pc_perm=5 angle=85.0
01:47:29 [GPU2] DEBUG      [col_sum_0] n_sig=9 n_novel=9 merged=12 pc_perm=9 angle=83.8
01:54:16 [GPU2] DEBUG      [col_sum_1] n_sig=9 n_novel=9 merged=11 pc_perm=9 angle=85.3
02:01:58 [GPU2] DEBUG      [col_sum_2] n_sig=7 n_novel=7 merged=9 pc_perm=9 angle=87.9
02:08:37 [GPU2] DEBUG      [col_sum_3] n_sig=9 n_novel=9 merged=12 pc_perm=9 angle=85.5
02:13:49 [GPU2] DEBUG      [col_sum_4] n_sig=8 n_novel=8 merged=13 pc_perm=9 angle=84.5
02:19:10 [GPU2] DEBUG      [n_nonzero_carries] n_sig=5 n_novel=5 merged=7 pc_perm=5 angle=81.6
02:38:42 [GPU2] DEBUG      [total_carry_sum] n_sig=42 n_novel=42 merged=46 pc_perm=45 angle=82.2
02:48:23 [GPU2] DEBUG      [max_carry_value] n_sig=19 n_novel=19 merged=22 pc_perm=22 angle=82.5
02:49:28 [GPU2] DEBUG      [n_answer_digits] n_sig=1 n_novel=1 merged=2 pc_perm=1 angle=87.7
02:57:05 [GPU2] DEBUG      [product_binned] n_sig=9 n_novel=9 merged=11 pc_perm=9 angle=86.4
03:03:34 [GPU2] DEBUG      [pp_a0_x_b0] n_sig=8 n_novel=8 merged=16 pc_perm=8 angle=79.8
03:09:43 [GPU2] DEBUG      [pp_a0_x_b1] n_sig=8 n_novel=8 merged=16 pc_perm=8 angle=83.2
03:17:32 [GPU2] DEBUG      [pp_a0_x_b2] n_sig=8 n_novel=8 merged=12 pc_perm=8 angle=86.6
03:23:32 [GPU2] DEBUG      [pp_a1_x_b0] n_sig=8 n_novel=8 merged=15 pc_perm=8 angle=84.1
03:30:07 [GPU2] DEBUG      [pp_a1_x_b1] n_sig=8 n_novel=8 merged=12 pc_perm=8 angle=85.1
03:35:12 [GPU2] DEBUG      [pp_a1_x_b2] n_sig=8 n_novel=8 merged=12 pc_perm=8 angle=86.0
03:40:10 [GPU2] DEBUG      [pp_a2_x_b0] n_sig=8 n_novel=8 merged=15 pc_perm=8 angle=86.3
03:45:38 [GPU2] DEBUG      [pp_a2_x_b1] n_sig=8 n_novel=8 merged=15 pc_perm=8 angle=84.7
03:49:15 [GPU2] DEBUG      [pp_a2_x_b2] n_sig=8 n_novel=8 merged=11 pc_perm=8 angle=85.2
03:49:15 [GPU2] INFO     Worker GPU 2 finished
