14:02:10 INFO     ======================================================================
14:02:10 INFO     Phase A — Embeddings pipeline starting
14:02:10 INFO       Embedding backend: cuML GPU
14:02:10 INFO     ======================================================================
14:02:10 INFO     Step 1: Building coloring DataFrames...
14:02:10 INFO       L1: built and cached (64 rows, 20 cols)
14:02:10 INFO       L2: built and cached (4000 rows, 33 cols)
14:02:10 INFO       L3: built and cached (4000 rows, 40 cols)
14:02:11 INFO       L4: built and cached (4000 rows, 47 cols)
14:02:11 INFO       L5: built and cached (4000 rows, 55 cols)
14:02:11 INFO     Step 1 done: 16064 total problems
14:02:11 INFO     Steps 2-3: Computing embeddings and building CSVs...
14:02:11 DEBUG        umap_2d: 0.5s
14:02:11 DEBUG        umap_3d: 0.0s
14:02:12 DEBUG        tsne_2d: 0.3s
14:02:12 INFO       L1 layer 04 all: 64 points, 0.9s
14:02:12 DEBUG        umap_2d: 0.0s
14:02:12 DEBUG        umap_3d: 0.0s
14:02:12 DEBUG        tsne_2d: 0.0s
14:02:12 INFO       L1 layer 04 correct: 64 points, 0.1s
14:02:12 DEBUG        umap_2d: 0.0s
14:02:12 DEBUG        umap_3d: 0.0s
14:02:12 DEBUG        tsne_2d: 0.0s
14:02:12 INFO       L1 layer 06 all: 64 points, 0.1s
14:02:12 DEBUG        umap_2d: 0.0s
14:02:12 DEBUG        umap_3d: 0.0s
14:02:12 DEBUG        tsne_2d: 0.0s
14:02:12 INFO       L1 layer 06 correct: 64 points, 0.1s
14:02:12 DEBUG        umap_2d: 0.0s
14:02:12 DEBUG        umap_3d: 0.0s
14:02:12 DEBUG        tsne_2d: 0.0s
14:02:12 INFO       L1 layer 08 all: 64 points, 0.1s
14:02:12 DEBUG        umap_2d: 0.0s
14:02:12 DEBUG        umap_3d: 0.0s
14:02:12 DEBUG        tsne_2d: 0.0s
14:02:12 INFO       L1 layer 08 correct: 64 points, 0.1s
14:02:12 DEBUG        umap_2d: 0.0s
14:02:12 DEBUG        umap_3d: 0.0s
14:02:12 DEBUG        tsne_2d: 0.0s
14:02:12 INFO       L1 layer 12 all: 64 points, 0.1s
14:02:12 DEBUG        umap_2d: 0.0s
14:02:12 DEBUG        umap_3d: 0.0s
14:02:12 DEBUG        tsne_2d: 0.0s
14:02:12 INFO       L1 layer 12 correct: 64 points, 0.1s
14:02:12 DEBUG        umap_2d: 0.0s
14:02:12 DEBUG        umap_3d: 0.0s
14:02:12 DEBUG        tsne_2d: 0.0s
14:02:12 INFO       L1 layer 16 all: 64 points, 0.1s
14:02:12 DEBUG        umap_2d: 0.0s
14:02:12 DEBUG        umap_3d: 0.0s
14:02:12 DEBUG        tsne_2d: 0.0s
14:02:12 INFO       L1 layer 16 correct: 64 points, 0.1s
14:02:13 DEBUG        umap_2d: 0.0s
14:02:13 DEBUG        umap_3d: 0.0s
14:02:13 DEBUG        tsne_2d: 0.0s
14:02:13 INFO       L1 layer 20 all: 64 points, 0.1s
14:02:13 DEBUG        umap_2d: 0.0s
14:02:13 DEBUG        umap_3d: 0.0s
14:02:13 DEBUG        tsne_2d: 0.0s
14:02:13 INFO       L1 layer 20 correct: 64 points, 0.1s
14:02:13 DEBUG        umap_2d: 0.0s
14:02:13 DEBUG        umap_3d: 0.0s
14:02:13 DEBUG        tsne_2d: 0.0s
14:02:13 INFO       L1 layer 24 all: 64 points, 0.1s
14:02:13 DEBUG        umap_2d: 0.0s
14:02:13 DEBUG        umap_3d: 0.0s
14:02:13 DEBUG        tsne_2d: 0.0s
14:02:13 INFO       L1 layer 24 correct: 64 points, 0.1s
14:02:13 DEBUG        umap_2d: 0.0s
14:02:13 DEBUG        umap_3d: 0.0s
14:02:13 DEBUG        tsne_2d: 0.0s
14:02:13 INFO       L1 layer 28 all: 64 points, 0.1s
14:02:13 DEBUG        umap_2d: 0.0s
14:02:13 DEBUG        umap_3d: 0.0s
14:02:13 DEBUG        tsne_2d: 0.0s
14:02:13 INFO       L1 layer 28 correct: 64 points, 0.1s
14:02:13 DEBUG        umap_2d: 0.0s
14:02:13 DEBUG        umap_3d: 0.0s
14:02:13 DEBUG        tsne_2d: 0.0s
14:02:13 INFO       L1 layer 31 all: 64 points, 0.1s
14:02:13 DEBUG        umap_2d: 0.0s
14:02:13 DEBUG        umap_3d: 0.0s
14:02:13 DEBUG        tsne_2d: 0.0s
14:02:13 INFO       L1 layer 31 correct: 64 points, 0.1s
14:02:16 DEBUG        umap_2d: 2.4s
14:02:17 DEBUG        umap_3d: 1.6s
14:02:18 DEBUG        tsne_2d: 0.7s
14:02:18 INFO       L2 layer 04 all: 4000 points, 4.8s
14:02:19 DEBUG        umap_2d: 0.7s
14:02:20 DEBUG        umap_3d: 1.2s
14:02:21 DEBUG        tsne_2d: 0.7s
14:02:21 INFO       L2 layer 04 correct: 3977 points, 2.7s
14:02:21 DEBUG        umap_2d: 0.7s
14:02:22 DEBUG        umap_3d: 0.6s
14:02:23 DEBUG        tsne_2d: 0.8s
14:02:23 INFO       L2 layer 06 all: 4000 points, 2.1s
14:02:23 DEBUG        umap_2d: 0.6s
14:02:24 DEBUG        umap_3d: 0.7s
14:02:25 DEBUG        tsne_2d: 0.7s
14:02:25 INFO       L2 layer 06 correct: 3977 points, 2.1s
14:02:27 DEBUG        umap_2d: 2.5s
14:02:28 DEBUG        umap_3d: 0.8s
14:02:29 DEBUG        tsne_2d: 0.7s
14:02:29 INFO       L2 layer 08 all: 4000 points, 4.0s
14:02:30 DEBUG        umap_2d: 0.7s
14:02:31 DEBUG        umap_3d: 0.9s
14:02:31 DEBUG        tsne_2d: 0.8s
14:02:32 INFO       L2 layer 08 correct: 3977 points, 2.5s
14:02:33 DEBUG        umap_2d: 1.1s
14:02:33 DEBUG        umap_3d: 0.6s
14:02:34 DEBUG        tsne_2d: 0.7s
14:02:34 INFO       L2 layer 12 all: 4000 points, 2.4s
14:02:35 DEBUG        umap_2d: 0.9s
14:02:35 DEBUG        umap_3d: 0.6s
14:02:36 DEBUG        tsne_2d: 0.7s
14:02:36 INFO       L2 layer 12 correct: 3977 points, 2.2s
14:02:36 DEBUG        umap_2d: 0.3s
14:02:37 DEBUG        umap_3d: 0.3s
14:02:37 DEBUG        tsne_2d: 0.7s
14:02:38 INFO       L2 layer 16 all: 4000 points, 1.4s
14:02:38 DEBUG        umap_2d: 0.5s
14:02:38 DEBUG        umap_3d: 0.4s
14:02:39 DEBUG        tsne_2d: 0.8s
14:02:39 INFO       L2 layer 16 correct: 3977 points, 1.8s
14:02:40 DEBUG        umap_2d: 0.7s
14:02:40 DEBUG        umap_3d: 0.4s
14:02:41 DEBUG        tsne_2d: 0.7s
14:02:41 INFO       L2 layer 20 all: 4000 points, 1.9s
14:02:41 DEBUG        umap_2d: 0.2s
14:02:42 DEBUG        umap_3d: 0.2s
14:02:42 DEBUG        tsne_2d: 0.7s
14:02:42 INFO       L2 layer 20 correct: 3977 points, 1.2s
14:02:43 DEBUG        umap_2d: 0.6s
14:02:44 DEBUG        umap_3d: 0.6s
14:02:44 DEBUG        tsne_2d: 0.7s
14:02:44 INFO       L2 layer 24 all: 4000 points, 1.9s
14:02:45 DEBUG        umap_2d: 0.3s
14:02:45 DEBUG        umap_3d: 0.5s
14:02:46 DEBUG        tsne_2d: 0.9s
14:02:46 INFO       L2 layer 24 correct: 3977 points, 1.7s
14:02:47 DEBUG        umap_2d: 0.7s
14:02:47 DEBUG        umap_3d: 0.3s
14:02:48 DEBUG        tsne_2d: 0.7s
14:02:48 INFO       L2 layer 28 all: 4000 points, 1.8s
14:02:48 DEBUG        umap_2d: 0.2s
14:02:48 DEBUG        umap_3d: 0.2s
14:02:49 DEBUG        tsne_2d: 0.7s
14:02:49 INFO       L2 layer 28 correct: 3977 points, 1.2s
14:02:49 DEBUG        umap_2d: 0.2s
14:02:50 DEBUG        umap_3d: 0.3s
14:02:50 DEBUG        tsne_2d: 0.7s
14:02:50 INFO       L2 layer 31 all: 4000 points, 1.2s
14:02:51 DEBUG        umap_2d: 0.2s
14:02:51 DEBUG        umap_3d: 0.3s
14:02:51 DEBUG        tsne_2d: 0.7s
14:02:52 INFO       L2 layer 31 correct: 3977 points, 1.2s
14:02:52 DEBUG        umap_2d: 0.1s
14:02:52 DEBUG        umap_3d: 0.2s
14:02:53 DEBUG        tsne_2d: 0.9s
14:02:53 INFO       L3 layer 04 all: 4000 points, 1.3s
14:02:53 DEBUG        umap_2d: 0.2s
14:02:53 DEBUG        umap_3d: 0.4s
14:02:54 DEBUG        tsne_2d: 0.8s
14:02:54 INFO       L3 layer 04 correct: 2638 points, 1.4s
14:02:55 DEBUG        umap_2d: 0.3s
14:02:55 DEBUG        umap_3d: 0.3s
14:02:55 DEBUG        tsne_2d: 0.5s
14:02:55 INFO       L3 layer 04 wrong: 1362 points, 1.2s
14:02:56 DEBUG        umap_2d: 0.1s
14:02:56 DEBUG        umap_3d: 0.2s
14:02:56 DEBUG        tsne_2d: 0.1s
14:02:56 INFO       L3 layer 06 all: 4000 points, 0.5s
14:02:56 DEBUG        umap_2d: 0.1s
14:02:56 DEBUG        umap_3d: 0.2s
14:02:56 DEBUG        tsne_2d: 0.1s
14:02:56 INFO       L3 layer 06 correct: 2638 points, 0.4s
14:02:56 DEBUG        umap_2d: 0.1s
14:02:57 DEBUG        umap_3d: 0.1s
14:02:57 DEBUG        tsne_2d: 0.4s
14:02:57 INFO       L3 layer 06 wrong: 1362 points, 0.6s
14:02:57 DEBUG        umap_2d: 0.1s
14:02:57 DEBUG        umap_3d: 0.2s
14:02:58 DEBUG        tsne_2d: 0.1s
14:02:58 INFO       L3 layer 08 all: 4000 points, 0.5s
14:02:58 DEBUG        umap_2d: 0.1s
14:02:58 DEBUG        umap_3d: 0.2s
14:02:58 DEBUG        tsne_2d: 0.1s
14:02:58 INFO       L3 layer 08 correct: 2638 points, 0.4s
14:02:58 DEBUG        umap_2d: 0.1s
14:02:58 DEBUG        umap_3d: 0.1s
14:02:59 DEBUG        tsne_2d: 0.4s
14:02:59 INFO       L3 layer 08 wrong: 1362 points, 0.6s
14:02:59 DEBUG        umap_2d: 0.2s
14:02:59 DEBUG        umap_3d: 0.2s
14:02:59 DEBUG        tsne_2d: 0.1s
14:02:59 INFO       L3 layer 12 all: 4000 points, 0.5s
14:02:59 DEBUG        umap_2d: 0.1s
14:02:59 DEBUG        umap_3d: 0.2s
14:03:00 DEBUG        tsne_2d: 0.1s
14:03:00 INFO       L3 layer 12 correct: 2638 points, 0.4s
14:03:00 DEBUG        umap_2d: 0.1s
14:03:00 DEBUG        umap_3d: 0.1s
14:03:01 DEBUG        tsne_2d: 1.0s
14:03:01 INFO       L3 layer 12 wrong: 1362 points, 1.3s
14:03:01 DEBUG        umap_2d: 0.3s
14:03:02 DEBUG        umap_3d: 0.4s
14:03:02 DEBUG        tsne_2d: 0.1s
14:03:02 INFO       L3 layer 16 all: 4000 points, 0.9s
14:03:02 DEBUG        umap_2d: 0.2s
14:03:03 DEBUG        umap_3d: 0.6s
14:03:03 DEBUG        tsne_2d: 0.1s
14:03:03 INFO       L3 layer 16 correct: 2638 points, 1.0s
14:03:03 DEBUG        umap_2d: 0.1s
14:03:03 DEBUG        umap_3d: 0.1s
14:03:03 DEBUG        tsne_2d: 0.4s
14:03:03 INFO       L3 layer 16 wrong: 1362 points, 0.6s
14:03:04 DEBUG        umap_2d: 0.1s
14:03:04 DEBUG        umap_3d: 0.2s
14:03:04 DEBUG        tsne_2d: 0.1s
14:03:04 INFO       L3 layer 20 all: 4000 points, 0.5s
14:03:04 DEBUG        umap_2d: 0.1s
14:03:04 DEBUG        umap_3d: 0.2s
14:03:04 DEBUG        tsne_2d: 0.1s
14:03:04 INFO       L3 layer 20 correct: 2638 points, 0.4s
14:03:04 DEBUG        umap_2d: 0.1s
14:03:04 DEBUG        umap_3d: 0.1s
14:03:05 DEBUG        tsne_2d: 0.1s
14:03:05 INFO       L3 layer 20 wrong: 1362 points, 0.3s
14:03:05 DEBUG        umap_2d: 0.1s
14:03:05 DEBUG        umap_3d: 0.2s
14:03:05 DEBUG        tsne_2d: 0.1s
14:03:05 INFO       L3 layer 24 all: 4000 points, 0.5s
14:03:05 DEBUG        umap_2d: 0.1s
14:03:05 DEBUG        umap_3d: 0.1s
14:03:05 DEBUG        tsne_2d: 0.1s
14:03:05 INFO       L3 layer 24 correct: 2638 points, 0.4s
14:03:06 DEBUG        umap_2d: 0.1s
14:03:06 DEBUG        umap_3d: 0.1s
14:03:06 DEBUG        tsne_2d: 0.0s
14:03:06 INFO       L3 layer 24 wrong: 1362 points, 0.3s
14:03:06 DEBUG        umap_2d: 0.1s
14:03:06 DEBUG        umap_3d: 0.2s
14:03:06 DEBUG        tsne_2d: 0.1s
14:03:06 INFO       L3 layer 28 all: 4000 points, 0.5s
14:03:06 DEBUG        umap_2d: 0.1s
14:03:06 DEBUG        umap_3d: 0.1s
14:03:07 DEBUG        tsne_2d: 0.1s
14:03:07 INFO       L3 layer 28 correct: 2638 points, 0.4s
14:03:07 DEBUG        umap_2d: 0.1s
14:03:07 DEBUG        umap_3d: 0.1s
14:03:07 DEBUG        tsne_2d: 0.0s
14:03:07 INFO       L3 layer 28 wrong: 1362 points, 0.3s
14:03:07 DEBUG        umap_2d: 0.1s
14:03:07 DEBUG        umap_3d: 0.2s
14:03:07 DEBUG        tsne_2d: 0.1s
14:03:07 INFO       L3 layer 31 all: 4000 points, 0.5s
14:03:07 DEBUG        umap_2d: 0.1s
14:03:08 DEBUG        umap_3d: 0.3s
14:03:08 DEBUG        tsne_2d: 0.1s
14:03:08 INFO       L3 layer 31 correct: 2638 points, 0.6s
14:03:08 DEBUG        umap_2d: 0.2s
14:03:08 DEBUG        umap_3d: 0.3s
14:03:09 DEBUG        tsne_2d: 0.1s
14:03:09 INFO       L3 layer 31 wrong: 1362 points, 0.6s
14:03:09 DEBUG        umap_2d: 0.7s
14:03:09 DEBUG        umap_3d: 0.3s
14:03:10 DEBUG        tsne_2d: 0.8s
14:03:10 INFO       L4 layer 04 all: 4000 points, 1.8s
14:03:10 DEBUG        umap_2d: 0.1s
14:03:11 DEBUG        umap_3d: 0.1s
14:03:11 DEBUG        tsne_2d: 0.0s
14:03:11 INFO       L4 layer 04 correct: 1147 points, 0.3s
14:03:11 DEBUG        umap_2d: 0.1s
14:03:11 DEBUG        umap_3d: 0.2s
14:03:11 DEBUG        tsne_2d: 0.5s
14:03:12 INFO       L4 layer 04 wrong: 2853 points, 0.9s
14:03:12 DEBUG        umap_2d: 0.1s
14:03:12 DEBUG        umap_3d: 0.2s
14:03:12 DEBUG        tsne_2d: 0.1s
14:03:12 INFO       L4 layer 06 all: 4000 points, 0.5s
14:03:12 DEBUG        umap_2d: 0.1s
14:03:12 DEBUG        umap_3d: 0.1s
14:03:12 DEBUG        tsne_2d: 0.0s
14:03:12 INFO       L4 layer 06 correct: 1147 points, 0.3s
14:03:12 DEBUG        umap_2d: 0.1s
14:03:13 DEBUG        umap_3d: 0.2s
14:03:13 DEBUG        tsne_2d: 0.1s
14:03:13 INFO       L4 layer 06 wrong: 2853 points, 0.4s
14:03:13 DEBUG        umap_2d: 0.1s
14:03:13 DEBUG        umap_3d: 0.2s
14:03:13 DEBUG        tsne_2d: 0.1s
14:03:13 INFO       L4 layer 08 all: 4000 points, 0.5s
14:03:13 DEBUG        umap_2d: 0.1s
14:03:13 DEBUG        umap_3d: 0.1s
14:03:14 DEBUG        tsne_2d: 0.1s
14:03:14 INFO       L4 layer 08 correct: 1147 points, 0.3s
14:03:14 DEBUG        umap_2d: 0.1s
14:03:14 DEBUG        umap_3d: 0.2s
14:03:14 DEBUG        tsne_2d: 0.1s
14:03:14 INFO       L4 layer 08 wrong: 2853 points, 0.4s
14:03:14 DEBUG        umap_2d: 0.1s
14:03:14 DEBUG        umap_3d: 0.2s
14:03:14 DEBUG        tsne_2d: 0.1s
14:03:14 INFO       L4 layer 12 all: 4000 points, 0.5s
14:03:15 DEBUG        umap_2d: 0.1s
14:03:15 DEBUG        umap_3d: 0.1s
14:03:15 DEBUG        tsne_2d: 0.3s
14:03:15 INFO       L4 layer 12 correct: 1147 points, 0.5s
14:03:15 DEBUG        umap_2d: 0.2s
14:03:16 DEBUG        umap_3d: 0.4s
14:03:16 DEBUG        tsne_2d: 0.1s
14:03:16 INFO       L4 layer 12 wrong: 2853 points, 0.7s
14:03:16 DEBUG        umap_2d: 0.6s
14:03:17 DEBUG        umap_3d: 0.2s
14:03:17 DEBUG        tsne_2d: 0.1s
14:03:17 INFO       L4 layer 16 all: 4000 points, 1.1s
14:03:17 DEBUG        umap_2d: 0.2s
14:03:17 DEBUG        umap_3d: 0.2s
14:03:18 DEBUG        tsne_2d: 0.4s
14:03:18 INFO       L4 layer 16 correct: 1147 points, 0.9s
14:03:18 DEBUG        umap_2d: 0.1s
14:03:18 DEBUG        umap_3d: 0.2s
14:03:18 DEBUG        tsne_2d: 0.1s
14:03:18 INFO       L4 layer 16 wrong: 2853 points, 0.4s
14:03:18 DEBUG        umap_2d: 0.1s
14:03:18 DEBUG        umap_3d: 0.2s
14:03:19 DEBUG        tsne_2d: 0.1s
14:03:19 INFO       L4 layer 20 all: 4000 points, 0.5s
14:03:19 DEBUG        umap_2d: 0.1s
14:03:19 DEBUG        umap_3d: 0.1s
14:03:19 DEBUG        tsne_2d: 0.0s
14:03:19 INFO       L4 layer 20 correct: 1147 points, 0.2s
14:03:19 DEBUG        umap_2d: 0.1s
14:03:19 DEBUG        umap_3d: 0.2s
14:03:19 DEBUG        tsne_2d: 0.1s
14:03:19 INFO       L4 layer 20 wrong: 2853 points, 0.4s
14:03:19 DEBUG        umap_2d: 0.1s
14:03:20 DEBUG        umap_3d: 0.2s
14:03:20 DEBUG        tsne_2d: 0.1s
14:03:20 INFO       L4 layer 24 all: 4000 points, 0.5s
14:03:20 DEBUG        umap_2d: 0.1s
14:03:20 DEBUG        umap_3d: 0.1s
14:03:20 DEBUG        tsne_2d: 0.0s
14:03:20 INFO       L4 layer 24 correct: 1147 points, 0.2s
14:03:20 DEBUG        umap_2d: 0.1s
14:03:20 DEBUG        umap_3d: 0.2s
14:03:20 DEBUG        tsne_2d: 0.1s
14:03:21 INFO       L4 layer 24 wrong: 2853 points, 0.4s
14:03:21 DEBUG        umap_2d: 0.1s
14:03:21 DEBUG        umap_3d: 0.2s
14:03:21 DEBUG        tsne_2d: 0.1s
14:03:21 INFO       L4 layer 28 all: 4000 points, 0.5s
14:03:21 DEBUG        umap_2d: 0.1s
14:03:21 DEBUG        umap_3d: 0.1s
14:03:21 DEBUG        tsne_2d: 0.0s
14:03:21 INFO       L4 layer 28 correct: 1147 points, 0.2s
14:03:21 DEBUG        umap_2d: 0.1s
14:03:22 DEBUG        umap_3d: 0.2s
14:03:22 DEBUG        tsne_2d: 0.6s
14:03:22 INFO       L4 layer 28 wrong: 2853 points, 0.9s
14:03:22 DEBUG        umap_2d: 0.1s
14:03:23 DEBUG        umap_3d: 0.4s
14:03:23 DEBUG        tsne_2d: 0.3s
14:03:23 INFO       L4 layer 31 all: 4000 points, 0.9s
14:03:23 DEBUG        umap_2d: 0.3s
14:03:24 DEBUG        umap_3d: 0.1s
14:03:24 DEBUG        tsne_2d: 0.4s
14:03:24 INFO       L4 layer 31 correct: 1147 points, 0.8s
14:03:24 DEBUG        umap_2d: 0.4s
14:03:25 DEBUG        umap_3d: 0.6s
14:03:25 DEBUG        tsne_2d: 0.1s
14:03:25 INFO       L4 layer 31 wrong: 2853 points, 1.1s
14:03:26 DEBUG        umap_2d: 0.4s
14:03:26 DEBUG        umap_3d: 0.2s
14:03:26 DEBUG        tsne_2d: 0.7s
14:03:26 INFO       L5 layer 04 all: 4000 points, 1.4s
14:03:27 DEBUG        umap_2d: 0.1s
14:03:27 DEBUG        umap_3d: 0.1s
14:03:27 DEBUG        tsne_2d: 0.0s
14:03:27 INFO       L5 layer 04 correct: 239 points, 0.1s
14:03:27 DEBUG        umap_2d: 0.1s
14:03:27 DEBUG        umap_3d: 0.2s
14:03:27 DEBUG        tsne_2d: 0.1s
14:03:27 INFO       L5 layer 04 wrong: 3761 points, 0.5s
14:03:27 DEBUG        umap_2d: 0.1s
14:03:27 DEBUG        umap_3d: 0.2s
14:03:28 DEBUG        tsne_2d: 0.1s
14:03:28 INFO       L5 layer 06 all: 4000 points, 0.5s
14:03:28 DEBUG        umap_2d: 0.1s
14:03:28 DEBUG        umap_3d: 0.1s
14:03:28 DEBUG        tsne_2d: 0.0s
14:03:28 INFO       L5 layer 06 correct: 239 points, 0.1s
14:03:28 DEBUG        umap_2d: 0.1s
14:03:28 DEBUG        umap_3d: 0.2s
14:03:28 DEBUG        tsne_2d: 0.1s
14:03:28 INFO       L5 layer 06 wrong: 3761 points, 0.5s
14:03:28 DEBUG        umap_2d: 0.1s
14:03:29 DEBUG        umap_3d: 0.2s
14:03:29 DEBUG        tsne_2d: 0.1s
14:03:29 INFO       L5 layer 08 all: 4000 points, 0.5s
14:03:29 DEBUG        umap_2d: 0.1s
14:03:29 DEBUG        umap_3d: 0.1s
14:03:29 DEBUG        tsne_2d: 0.0s
14:03:29 INFO       L5 layer 08 correct: 239 points, 0.1s
14:03:29 DEBUG        umap_2d: 0.1s
14:03:29 DEBUG        umap_3d: 0.2s
14:03:29 DEBUG        tsne_2d: 0.1s
14:03:29 INFO       L5 layer 08 wrong: 3761 points, 0.5s
14:03:30 DEBUG        umap_2d: 0.1s
14:03:30 DEBUG        umap_3d: 0.3s
14:03:31 DEBUG        tsne_2d: 0.7s
14:03:31 INFO       L5 layer 12 all: 4000 points, 1.3s
14:03:31 DEBUG        umap_2d: 0.3s
14:03:31 DEBUG        umap_3d: 0.1s
14:03:31 DEBUG        tsne_2d: 0.0s
14:03:31 INFO       L5 layer 12 correct: 239 points, 0.4s
14:03:32 DEBUG        umap_2d: 0.5s
14:03:32 DEBUG        umap_3d: 0.3s
14:03:33 DEBUG        tsne_2d: 0.7s
14:03:33 INFO       L5 layer 12 wrong: 3761 points, 1.6s
14:03:33 DEBUG        umap_2d: 0.1s
14:03:33 DEBUG        umap_3d: 0.2s
14:03:33 DEBUG        tsne_2d: 0.1s
14:03:33 INFO       L5 layer 16 all: 4000 points, 0.5s
14:03:33 DEBUG        umap_2d: 0.1s
14:03:33 DEBUG        umap_3d: 0.1s
14:03:33 DEBUG        tsne_2d: 0.0s
14:03:33 INFO       L5 layer 16 correct: 239 points, 0.1s
14:03:34 DEBUG        umap_2d: 0.1s
14:03:34 DEBUG        umap_3d: 0.2s
14:03:34 DEBUG        tsne_2d: 0.1s
14:03:34 INFO       L5 layer 16 wrong: 3761 points, 0.5s
14:03:34 DEBUG        umap_2d: 0.1s
14:03:34 DEBUG        umap_3d: 0.2s
14:03:34 DEBUG        tsne_2d: 0.1s
14:03:34 INFO       L5 layer 20 all: 4000 points, 0.5s
14:03:35 DEBUG        umap_2d: 0.1s
14:03:35 DEBUG        umap_3d: 0.1s
14:03:35 DEBUG        tsne_2d: 0.0s
14:03:35 INFO       L5 layer 20 correct: 239 points, 0.2s
14:03:35 DEBUG        umap_2d: 0.1s
14:03:35 DEBUG        umap_3d: 0.2s
14:03:35 DEBUG        tsne_2d: 0.1s
14:03:35 INFO       L5 layer 20 wrong: 3761 points, 0.5s
14:03:35 DEBUG        umap_2d: 0.1s
14:03:35 DEBUG        umap_3d: 0.2s
14:03:36 DEBUG        tsne_2d: 0.1s
14:03:36 INFO       L5 layer 24 all: 4000 points, 0.5s
14:03:36 DEBUG        umap_2d: 0.1s
14:03:36 DEBUG        umap_3d: 0.1s
14:03:36 DEBUG        tsne_2d: 0.0s
14:03:36 INFO       L5 layer 24 correct: 239 points, 0.2s
14:03:36 DEBUG        umap_2d: 0.1s
14:03:36 DEBUG        umap_3d: 0.2s
14:03:36 DEBUG        tsne_2d: 0.1s
14:03:36 INFO       L5 layer 24 wrong: 3761 points, 0.5s
14:03:36 DEBUG        umap_2d: 0.1s
14:03:37 DEBUG        umap_3d: 0.2s
14:03:37 DEBUG        tsne_2d: 0.1s
14:03:37 INFO       L5 layer 28 all: 4000 points, 0.5s
14:03:37 DEBUG        umap_2d: 0.1s
14:03:37 DEBUG        umap_3d: 0.1s
14:03:37 DEBUG        tsne_2d: 0.0s
14:03:37 INFO       L5 layer 28 correct: 239 points, 0.2s
14:03:37 DEBUG        umap_2d: 0.1s
14:03:37 DEBUG        umap_3d: 0.2s
14:03:37 DEBUG        tsne_2d: 0.1s
14:03:37 INFO       L5 layer 28 wrong: 3761 points, 0.5s
14:03:38 DEBUG        umap_2d: 0.4s
14:03:38 DEBUG        umap_3d: 0.3s
14:03:38 DEBUG        tsne_2d: 0.1s
14:03:38 INFO       L5 layer 31 all: 4000 points, 0.8s
14:03:38 DEBUG        umap_2d: 0.2s
14:03:39 DEBUG        umap_3d: 0.3s
14:03:39 DEBUG        tsne_2d: 0.1s
14:03:39 INFO       L5 layer 31 correct: 239 points, 0.6s
14:03:39 DEBUG        umap_2d: 0.3s
14:03:39 DEBUG        umap_3d: 0.2s
14:03:40 DEBUG        tsne_2d: 0.1s
14:03:40 INFO       L5 layer 31 wrong: 3761 points, 0.8s
14:03:40 INFO     Steps 2-3 done: 351 embeddings, 117 CSVs
14:03:40 INFO     Step 4: Computing interestingness scores...
14:03:40 INFO     Scoring 117 CSVs...
14:09:05 INFO     Step 4 done: 10242 scores (9162 valid)
14:09:05 INFO     Step 5: Generating summaries...
14:09:13 INFO     Generated 16 interestingness heatmaps
14:09:13 INFO     Top 50 findings saved to /data/user_data/anshulk/arithmetic-geometry/phase_a/scores/top_50_findings.md
14:09:13 INFO     Correct/wrong comparison: 792 variable pairs, top |Δ| = 0.6951
14:09:13 INFO     Step 5 done
14:09:13 INFO     Step 6: Generating plots (tiered)...
14:09:42 INFO     Tier 1 mandatory: 108 plots
14:10:05 INFO     Tier 2 score-driven: 90 plots
14:10:13 INFO     Tier 3 t-SNE validation: 30 plots
14:10:15 INFO     Tier 4 3D exploration: 15 plots
14:10:15 INFO     Step 6 done: 243 total plots
14:10:15 INFO     Phase A embeddings pipeline complete in 484.5s (8.1m)
