11:35:13 INFO     ============================================================
11:35:13 INFO     K&T REPLICATION PILOT
11:35:13 INFO     ============================================================
11:35:13 INFO     Integer range: [0, 360]
11:35:13 INFO     Target periods: {2, 10, 5}
11:35:13 INFO     Candidate periods: T=2 to T=30
11:35:13 INFO     Gate: each target in top-10 at any layer
11:35:13 INFO     Layers: [0, 1, 4, 8]
11:35:13 INFO     Model: /data/user_data/anshulk/arithmetic-geometry/model
11:35:13 INFO     N = 361 integers
11:35:23 INFO     Loading tokenizer from /data/user_data/anshulk/arithmetic-geometry/model
11:35:24 INFO     Tokenizer loaded: vocab_size=128000
11:35:24 INFO     Loading model from /data/user_data/anshulk/arithmetic-geometry/model (device_map=auto)
11:36:02 INFO     Model loaded in 37.5s, device=cuda:0
11:36:02 INFO     Extracting activations: 361 integers, 4 layers, hidden_dim=4096
11:36:02 INFO     Verifying single-token assumption for all 361 integers...
11:36:02 INFO       All integers verified as single-token
11:36:02 INFO     Processing 6 batches of size 64
11:36:02 DEBUG      Batch 1/6: ints 0-63, input_ids shape=torch.Size([64, 2])
11:36:03 INFO       Batch 1/6 (1.2s elapsed)
11:36:03 DEBUG      Batch 2/6: ints 64-127, input_ids shape=torch.Size([64, 2])
11:36:03 INFO       Batch 2/6 (1.3s elapsed)
11:36:03 DEBUG      Batch 3/6: ints 128-191, input_ids shape=torch.Size([64, 2])
11:36:03 INFO       Batch 3/6 (1.4s elapsed)
11:36:03 DEBUG      Batch 4/6: ints 192-255, input_ids shape=torch.Size([64, 2])
11:36:03 INFO       Batch 4/6 (1.4s elapsed)
11:36:03 DEBUG      Batch 5/6: ints 256-319, input_ids shape=torch.Size([64, 2])
11:36:03 INFO       Batch 5/6 (1.5s elapsed)
11:36:03 DEBUG      Batch 6/6: ints 320-360, input_ids shape=torch.Size([41, 2])
11:36:03 INFO       Batch 6/6 (1.5s elapsed)
11:36:03 INFO     Extraction complete: 1.5s (0.004s/integer)
11:36:03 INFO     Model and tokenizer freed from memory
11:36:03 INFO     --- Layer 0 ---
11:36:03 INFO       Activations shape: (361, 4096)
11:36:03 INFO     Computing magnitude spectrum: N=361, hidden_dim=4096, 29 candidate periods
11:36:04 DEBUG      Magnitude spectrum computed in 1.13s
11:36:04 INFO       Top-10 periods by power: [2, 5, 10, 25, 20, 26, 3, 24, 30, 29]
11:36:04 INFO         T=2: power=482.2, rank=1, in_top_10=YES
11:36:04 INFO         T=5: power=454.8, rank=2, in_top_10=YES
11:36:04 INFO         T=10: power=445.0, rank=3, in_top_10=YES
11:36:05 DEBUG      Saved /home/anshulk/arithmetic-geometry/plots/phase_g/kt_pilot/kt_magnitude_spectrum_layer0.png
11:36:05 INFO     --- Layer 1 ---
11:36:05 INFO       Activations shape: (361, 4096)
11:36:05 INFO     Computing magnitude spectrum: N=361, hidden_dim=4096, 29 candidate periods
11:36:05 DEBUG      Magnitude spectrum computed in 0.74s
11:36:05 INFO       Top-10 periods by power: [10, 2, 5, 25, 20, 26, 24, 30, 28, 29]
11:36:05 INFO         T=2: power=2297.9, rank=2, in_top_10=YES
11:36:05 INFO         T=5: power=2285.7, rank=3, in_top_10=YES
11:36:05 INFO         T=10: power=2391.2, rank=1, in_top_10=YES
11:36:06 DEBUG      Saved /home/anshulk/arithmetic-geometry/plots/phase_g/kt_pilot/kt_magnitude_spectrum_layer1.png
11:36:06 INFO     --- Layer 4 ---
11:36:06 INFO       Activations shape: (361, 4096)
11:36:06 INFO     Computing magnitude spectrum: N=361, hidden_dim=4096, 29 candidate periods
11:36:06 DEBUG      Magnitude spectrum computed in 0.45s
11:36:06 INFO       Top-10 periods by power: [10, 5, 2, 25, 20, 26, 24, 30, 29, 28]
11:36:06 INFO         T=2: power=9426.7, rank=3, in_top_10=YES
11:36:06 INFO         T=5: power=9892.1, rank=2, in_top_10=YES
11:36:06 INFO         T=10: power=10185.2, rank=1, in_top_10=YES
11:36:06 DEBUG      Saved /home/anshulk/arithmetic-geometry/plots/phase_g/kt_pilot/kt_magnitude_spectrum_layer4.png
11:36:06 INFO     --- Layer 8 ---
11:36:06 INFO       Activations shape: (361, 4096)
11:36:06 INFO     Computing magnitude spectrum: N=361, hidden_dim=4096, 29 candidate periods
11:36:07 DEBUG      Magnitude spectrum computed in 0.45s
11:36:07 INFO       Top-10 periods by power: [10, 5, 2, 25, 20, 26, 24, 30, 29, 28]
11:36:07 INFO         T=2: power=21052.4, rank=3, in_top_10=YES
11:36:07 INFO         T=5: power=23101.1, rank=2, in_top_10=YES
11:36:07 INFO         T=10: power=23906.7, rank=1, in_top_10=YES
11:36:07 DEBUG      Saved /home/anshulk/arithmetic-geometry/plots/phase_g/kt_pilot/kt_magnitude_spectrum_layer8.png
11:36:07 INFO     Target periods found across all layers: [2, 5, 10]
11:36:07 INFO     ============================================================
11:36:07 INFO     K&T PILOT: GATE PASSED — Fourier code validated
11:36:07 INFO     Proceed with main Phase G experiment.
11:36:07 INFO     Total time: 0.9 minutes
11:36:07 INFO     Results saved to /data/user_data/anshulk/arithmetic-geometry/phase_g/kt_pilot
11:36:07 INFO     ============================================================
15:49:59 INFO     ============================================================
15:49:59 INFO     K&T REPLICATION PILOT
15:49:59 INFO     ============================================================
15:49:59 INFO     Integer range: [0, 360]
15:49:59 INFO     Target periods: {2, 10, 5}
15:49:59 INFO     Candidate periods: T=2 to T=30
15:49:59 INFO     Gate: each target in top-10 at any layer
15:49:59 INFO     Layers: [0, 1, 4, 8]
15:49:59 INFO     Model: /data/user_data/anshulk/arithmetic-geometry/model
15:49:59 INFO     N = 361 integers
15:50:04 INFO     Loading tokenizer from /data/user_data/anshulk/arithmetic-geometry/model
15:50:05 INFO     Tokenizer loaded: vocab_size=128000
15:50:05 INFO     Loading model from /data/user_data/anshulk/arithmetic-geometry/model (device_map=auto)
15:50:19 INFO     Model loaded in 14.0s, device=cuda:0
15:50:19 INFO     Extracting activations: 361 integers, 4 layers, hidden_dim=4096
15:50:19 INFO     Verifying single-token assumption for all 361 integers...
15:50:19 INFO       All integers verified as single-token
15:50:19 INFO     Processing 6 batches of size 64
15:50:19 DEBUG      Batch 1/6: ints 0-63, input_ids shape=torch.Size([64, 2])
15:50:20 INFO       Batch 1/6 (0.7s elapsed)
15:50:20 DEBUG      Batch 2/6: ints 64-127, input_ids shape=torch.Size([64, 2])
15:50:20 INFO       Batch 2/6 (0.8s elapsed)
15:50:20 DEBUG      Batch 3/6: ints 128-191, input_ids shape=torch.Size([64, 2])
15:50:20 INFO       Batch 3/6 (0.8s elapsed)
15:50:20 DEBUG      Batch 4/6: ints 192-255, input_ids shape=torch.Size([64, 2])
15:50:20 INFO       Batch 4/6 (0.9s elapsed)
15:50:20 DEBUG      Batch 5/6: ints 256-319, input_ids shape=torch.Size([64, 2])
15:50:20 INFO       Batch 5/6 (0.9s elapsed)
15:50:20 DEBUG      Batch 6/6: ints 320-360, input_ids shape=torch.Size([41, 2])
15:50:20 INFO       Batch 6/6 (1.0s elapsed)
15:50:20 INFO     Extraction complete: 1.0s (0.003s/integer)
15:50:20 INFO     Model and tokenizer freed from memory
15:50:20 INFO     --- Layer 0 ---
15:50:20 INFO       Activations shape: (361, 4096)
15:50:20 INFO     Computing magnitude spectrum: N=361, hidden_dim=4096, 29 candidate periods
15:50:21 DEBUG      Magnitude spectrum computed in 0.74s
15:50:21 INFO       Top-10 periods by power: [2, 5, 10, 25, 20, 26, 3, 24, 30, 29]
15:50:21 INFO         T=2: power=482.2, rank=1, in_top_10=YES
15:50:21 INFO         T=5: power=454.8, rank=2, in_top_10=YES
15:50:21 INFO         T=10: power=445.0, rank=3, in_top_10=YES
15:50:21 DEBUG      Saved /home/anshulk/arithmetic-geometry/plots/phase_g/kt_pilot/kt_magnitude_spectrum_layer0.png
15:50:21 INFO     --- Layer 1 ---
15:50:21 INFO       Activations shape: (361, 4096)
15:50:21 INFO     Computing magnitude spectrum: N=361, hidden_dim=4096, 29 candidate periods
15:50:21 DEBUG      Magnitude spectrum computed in 0.29s
15:50:21 INFO       Top-10 periods by power: [10, 2, 5, 25, 20, 26, 24, 30, 28, 29]
15:50:21 INFO         T=2: power=2297.9, rank=2, in_top_10=YES
15:50:21 INFO         T=5: power=2285.7, rank=3, in_top_10=YES
15:50:21 INFO         T=10: power=2391.2, rank=1, in_top_10=YES
15:50:21 DEBUG      Saved /home/anshulk/arithmetic-geometry/plots/phase_g/kt_pilot/kt_magnitude_spectrum_layer1.png
15:50:21 INFO     --- Layer 4 ---
15:50:21 INFO       Activations shape: (361, 4096)
15:50:21 INFO     Computing magnitude spectrum: N=361, hidden_dim=4096, 29 candidate periods
15:50:22 DEBUG      Magnitude spectrum computed in 0.16s
15:50:22 INFO       Top-10 periods by power: [10, 5, 2, 25, 20, 26, 24, 30, 29, 28]
15:50:22 INFO         T=2: power=9426.7, rank=3, in_top_10=YES
15:50:22 INFO         T=5: power=9892.1, rank=2, in_top_10=YES
15:50:22 INFO         T=10: power=10185.2, rank=1, in_top_10=YES
15:50:22 DEBUG      Saved /home/anshulk/arithmetic-geometry/plots/phase_g/kt_pilot/kt_magnitude_spectrum_layer4.png
15:50:22 INFO     --- Layer 8 ---
15:50:22 INFO       Activations shape: (361, 4096)
15:50:22 INFO     Computing magnitude spectrum: N=361, hidden_dim=4096, 29 candidate periods
15:50:22 DEBUG      Magnitude spectrum computed in 0.32s
15:50:22 INFO       Top-10 periods by power: [10, 5, 2, 25, 20, 26, 24, 30, 29, 28]
15:50:22 INFO         T=2: power=21052.4, rank=3, in_top_10=YES
15:50:22 INFO         T=5: power=23101.1, rank=2, in_top_10=YES
15:50:22 INFO         T=10: power=23906.7, rank=1, in_top_10=YES
15:50:22 DEBUG      Saved /home/anshulk/arithmetic-geometry/plots/phase_g/kt_pilot/kt_magnitude_spectrum_layer8.png
15:50:22 INFO     Target periods found across all layers: [2, 5, 10]
15:50:22 INFO     ============================================================
15:50:22 INFO     K&T PILOT: GATE PASSED — Fourier code validated
15:50:22 INFO     Proceed with main Phase G experiment.
15:50:22 INFO     Total time: 0.4 minutes
15:50:22 INFO     Results saved to /data/user_data/anshulk/arithmetic-geometry/phase_g/kt_pilot
15:50:22 INFO     ============================================================
19:14:46 INFO     ============================================================
19:14:46 INFO     K&T REPLICATION PILOT
19:14:46 INFO     ============================================================
19:14:46 INFO     Integer range: [0, 360]
19:14:46 INFO     Target periods: {2, 10, 5}
19:14:46 INFO     Candidate periods: T=2 to T=30
19:14:46 INFO     Gate: each target in top-10 at any layer
19:14:46 INFO     Layers: [0, 1, 4, 8]
19:14:46 INFO     Model: /data/user_data/anshulk/arithmetic-geometry/model
19:14:46 INFO     N = 361 integers
19:14:50 INFO     Loading tokenizer from /data/user_data/anshulk/arithmetic-geometry/model
19:14:51 INFO     Tokenizer loaded: vocab_size=128000
19:14:51 INFO     Loading model from /data/user_data/anshulk/arithmetic-geometry/model (device_map=auto)
19:14:54 INFO     Model loaded in 3.6s, device=cuda:0
19:14:54 INFO     Extracting activations: 361 integers, 4 layers, hidden_dim=4096
19:14:54 INFO     Verifying single-token assumption for all 361 integers...
19:14:54 INFO       All integers verified as single-token
19:14:54 INFO     Processing 6 batches of size 64
19:14:54 DEBUG      Batch 1/6: ints 0-63, input_ids shape=torch.Size([64, 2])
19:14:54 INFO       Batch 1/6 (0.3s elapsed)
19:14:54 DEBUG      Batch 2/6: ints 64-127, input_ids shape=torch.Size([64, 2])
19:14:55 INFO       Batch 2/6 (0.4s elapsed)
19:14:55 DEBUG      Batch 3/6: ints 128-191, input_ids shape=torch.Size([64, 2])
19:14:55 INFO       Batch 3/6 (0.4s elapsed)
19:14:55 DEBUG      Batch 4/6: ints 192-255, input_ids shape=torch.Size([64, 2])
19:14:55 INFO       Batch 4/6 (0.5s elapsed)
19:14:55 DEBUG      Batch 5/6: ints 256-319, input_ids shape=torch.Size([64, 2])
19:14:55 INFO       Batch 5/6 (0.5s elapsed)
19:14:55 DEBUG      Batch 6/6: ints 320-360, input_ids shape=torch.Size([41, 2])
19:14:55 INFO       Batch 6/6 (0.6s elapsed)
19:14:55 INFO     Extraction complete: 0.6s (0.002s/integer)
19:14:55 INFO     Model and tokenizer freed from memory
19:14:55 INFO     --- Layer 0 ---
19:14:55 INFO       Activations shape: (361, 4096)
19:14:55 INFO     Computing magnitude spectrum: N=361, hidden_dim=4096, 29 candidate periods
19:14:55 DEBUG      Magnitude spectrum computed in 0.23s
19:14:55 INFO       Top-10 periods by power: [2, 5, 10, 25, 20, 26, 3, 24, 30, 29]
19:14:55 INFO         T=2: power=482.2, rank=1, in_top_10=YES
19:14:55 INFO         T=5: power=454.8, rank=2, in_top_10=YES
19:14:55 INFO         T=10: power=445.0, rank=3, in_top_10=YES
19:14:55 DEBUG      Saved /home/anshulk/arithmetic-geometry/plots/phase_g/kt_pilot/kt_magnitude_spectrum_layer0.png
19:14:55 INFO     --- Layer 1 ---
19:14:55 INFO       Activations shape: (361, 4096)
19:14:55 INFO     Computing magnitude spectrum: N=361, hidden_dim=4096, 29 candidate periods
19:14:55 DEBUG      Magnitude spectrum computed in 0.15s
19:14:55 INFO       Top-10 periods by power: [10, 2, 5, 25, 20, 26, 24, 30, 28, 29]
19:14:55 INFO         T=2: power=2297.9, rank=2, in_top_10=YES
19:14:55 INFO         T=5: power=2285.7, rank=3, in_top_10=YES
19:14:55 INFO         T=10: power=2391.2, rank=1, in_top_10=YES
19:14:56 DEBUG      Saved /home/anshulk/arithmetic-geometry/plots/phase_g/kt_pilot/kt_magnitude_spectrum_layer1.png
19:14:56 INFO     --- Layer 4 ---
19:14:56 INFO       Activations shape: (361, 4096)
19:14:56 INFO     Computing magnitude spectrum: N=361, hidden_dim=4096, 29 candidate periods
19:14:56 DEBUG      Magnitude spectrum computed in 0.14s
19:14:56 INFO       Top-10 periods by power: [10, 5, 2, 25, 20, 26, 24, 30, 29, 28]
19:14:56 INFO         T=2: power=9426.7, rank=3, in_top_10=YES
19:14:56 INFO         T=5: power=9892.1, rank=2, in_top_10=YES
19:14:56 INFO         T=10: power=10185.2, rank=1, in_top_10=YES
19:14:56 DEBUG      Saved /home/anshulk/arithmetic-geometry/plots/phase_g/kt_pilot/kt_magnitude_spectrum_layer4.png
19:14:56 INFO     --- Layer 8 ---
19:14:56 INFO       Activations shape: (361, 4096)
19:14:56 INFO     Computing magnitude spectrum: N=361, hidden_dim=4096, 29 candidate periods
19:14:56 DEBUG      Magnitude spectrum computed in 0.14s
19:14:56 INFO       Top-10 periods by power: [10, 5, 2, 25, 20, 26, 24, 30, 29, 28]
19:14:56 INFO         T=2: power=21052.4, rank=3, in_top_10=YES
19:14:56 INFO         T=5: power=23101.1, rank=2, in_top_10=YES
19:14:56 INFO         T=10: power=23906.7, rank=1, in_top_10=YES
19:14:56 DEBUG      Saved /home/anshulk/arithmetic-geometry/plots/phase_g/kt_pilot/kt_magnitude_spectrum_layer8.png
19:14:56 INFO     Target periods found across all layers: [2, 5, 10]
19:14:56 INFO     ============================================================
19:14:56 INFO     K&T PILOT: GATE PASSED — Fourier code validated
19:14:56 INFO     Proceed with main Phase G experiment.
19:14:56 INFO     Total time: 0.2 minutes
19:14:56 INFO     Results saved to /data/user_data/anshulk/arithmetic-geometry/phase_g/kt_pilot
19:14:56 INFO     ============================================================
19:23:27 INFO     ============================================================
19:23:27 INFO     K&T REPLICATION PILOT
19:23:27 INFO     ============================================================
19:23:27 INFO     Integer range: [0, 360]
19:23:27 INFO     Target periods: {2, 10, 5}
19:23:27 INFO     Candidate periods: T=2 to T=30
19:23:27 INFO     Gate: each target in top-10 at any layer
19:23:27 INFO     Layers: [0, 1, 4, 8]
19:23:27 INFO     Model: /data/user_data/anshulk/arithmetic-geometry/model
19:23:27 INFO     N = 361 integers
19:23:31 INFO     Loading tokenizer from /data/user_data/anshulk/arithmetic-geometry/model
19:23:32 INFO     Tokenizer loaded: vocab_size=128000
19:23:32 INFO     Loading model from /data/user_data/anshulk/arithmetic-geometry/model (device_map=auto)
19:23:37 INFO     Model loaded in 5.0s, device=cuda:0
19:23:37 INFO     Extracting activations: 361 integers, 4 layers, hidden_dim=4096
19:23:37 INFO     Verifying single-token assumption for all 361 integers...
19:23:37 INFO       All integers verified as single-token
19:23:37 INFO     Processing 6 batches of size 64
19:23:37 DEBUG      Batch 1/6: ints 0-63, input_ids shape=torch.Size([64, 2])
19:23:37 INFO       Batch 1/6 (0.3s elapsed)
19:23:37 DEBUG      Batch 2/6: ints 64-127, input_ids shape=torch.Size([64, 2])
19:23:37 INFO       Batch 2/6 (0.3s elapsed)
19:23:37 DEBUG      Batch 3/6: ints 128-191, input_ids shape=torch.Size([64, 2])
19:23:37 INFO       Batch 3/6 (0.4s elapsed)
19:23:37 DEBUG      Batch 4/6: ints 192-255, input_ids shape=torch.Size([64, 2])
19:23:37 INFO       Batch 4/6 (0.4s elapsed)
19:23:37 DEBUG      Batch 5/6: ints 256-319, input_ids shape=torch.Size([64, 2])
19:23:37 INFO       Batch 5/6 (0.5s elapsed)
19:23:37 DEBUG      Batch 6/6: ints 320-360, input_ids shape=torch.Size([41, 2])
19:23:37 INFO       Batch 6/6 (0.5s elapsed)
19:23:37 INFO     Extraction complete: 0.5s (0.001s/integer)
19:23:37 INFO     Model and tokenizer freed from memory
19:23:37 INFO     --- Layer 0 ---
19:23:37 INFO       Activations shape: (361, 4096)
19:23:37 INFO     Computing magnitude spectrum: N=361, hidden_dim=4096, 29 candidate periods
19:23:38 DEBUG      Magnitude spectrum computed in 0.93s
19:23:38 INFO       Top-10 periods by power: [2, 5, 10, 25, 20, 26, 3, 24, 30, 29]
19:23:38 INFO         T=2: power=482.2, rank=1, in_top_10=YES
19:23:38 INFO         T=5: power=454.8, rank=2, in_top_10=YES
19:23:38 INFO         T=10: power=445.0, rank=3, in_top_10=YES
19:23:38 DEBUG      Saved /home/anshulk/arithmetic-geometry/plots/phase_g/kt_pilot/kt_magnitude_spectrum_layer0.png
19:23:38 INFO     --- Layer 1 ---
19:23:38 INFO       Activations shape: (361, 4096)
19:23:38 INFO     Computing magnitude spectrum: N=361, hidden_dim=4096, 29 candidate periods
19:23:39 DEBUG      Magnitude spectrum computed in 0.16s
19:23:39 INFO       Top-10 periods by power: [10, 2, 5, 25, 20, 26, 24, 30, 28, 29]
19:23:39 INFO         T=2: power=2297.9, rank=2, in_top_10=YES
19:23:39 INFO         T=5: power=2285.7, rank=3, in_top_10=YES
19:23:39 INFO         T=10: power=2391.2, rank=1, in_top_10=YES
19:23:39 DEBUG      Saved /home/anshulk/arithmetic-geometry/plots/phase_g/kt_pilot/kt_magnitude_spectrum_layer1.png
19:23:39 INFO     --- Layer 4 ---
19:23:39 INFO       Activations shape: (361, 4096)
19:23:39 INFO     Computing magnitude spectrum: N=361, hidden_dim=4096, 29 candidate periods
19:23:39 DEBUG      Magnitude spectrum computed in 0.16s
19:23:39 INFO       Top-10 periods by power: [10, 5, 2, 25, 20, 26, 24, 30, 29, 28]
19:23:39 INFO         T=2: power=9426.7, rank=3, in_top_10=YES
19:23:39 INFO         T=5: power=9892.1, rank=2, in_top_10=YES
19:23:39 INFO         T=10: power=10185.2, rank=1, in_top_10=YES
19:23:39 DEBUG      Saved /home/anshulk/arithmetic-geometry/plots/phase_g/kt_pilot/kt_magnitude_spectrum_layer4.png
19:23:39 INFO     --- Layer 8 ---
19:23:39 INFO       Activations shape: (361, 4096)
19:23:39 INFO     Computing magnitude spectrum: N=361, hidden_dim=4096, 29 candidate periods
19:23:39 DEBUG      Magnitude spectrum computed in 0.16s
19:23:39 INFO       Top-10 periods by power: [10, 5, 2, 25, 20, 26, 24, 30, 29, 28]
19:23:39 INFO         T=2: power=21052.4, rank=3, in_top_10=YES
19:23:39 INFO         T=5: power=23101.1, rank=2, in_top_10=YES
19:23:39 INFO         T=10: power=23906.7, rank=1, in_top_10=YES
19:23:39 DEBUG      Saved /home/anshulk/arithmetic-geometry/plots/phase_g/kt_pilot/kt_magnitude_spectrum_layer8.png
19:23:39 INFO     Target periods found across all layers: [2, 5, 10]
19:23:39 INFO     ============================================================
19:23:39 INFO     K&T PILOT: GATE PASSED — Fourier code validated
19:23:39 INFO     Proceed with main Phase G experiment.
19:23:39 INFO     Total time: 0.2 minutes
19:23:39 INFO     Results saved to /data/user_data/anshulk/arithmetic-geometry/phase_g/kt_pilot
19:23:39 INFO     ============================================================
19:28:35 INFO     ============================================================
19:28:35 INFO     K&T REPLICATION PILOT
19:28:35 INFO     ============================================================
19:28:35 INFO     Integer range: [0, 360]
19:28:35 INFO     Target periods: {2, 10, 5}
19:28:35 INFO     Candidate periods: T=2 to T=30
19:28:35 INFO     Gate: each target in top-10 at any layer
19:28:35 INFO     Layers: [0, 1, 4, 8]
19:28:35 INFO     Model: /data/user_data/anshulk/arithmetic-geometry/model
19:28:35 INFO     N = 361 integers
19:28:39 INFO     Loading tokenizer from /data/user_data/anshulk/arithmetic-geometry/model
19:28:39 INFO     Tokenizer loaded: vocab_size=128000
19:28:39 INFO     Loading model from /data/user_data/anshulk/arithmetic-geometry/model (device_map=auto)
19:28:49 INFO     Model loaded in 9.4s, device=cuda:0
19:28:49 INFO     Extracting activations: 361 integers, 4 layers, hidden_dim=4096
19:28:49 INFO     Verifying single-token assumption for all 361 integers...
19:28:49 INFO       All integers verified as single-token
19:28:49 INFO     Processing 6 batches of size 64
19:28:49 DEBUG      Batch 1/6: ints 0-63, input_ids shape=torch.Size([64, 2])
19:28:49 INFO       Batch 1/6 (0.4s elapsed)
19:28:49 DEBUG      Batch 2/6: ints 64-127, input_ids shape=torch.Size([64, 2])
19:28:49 INFO       Batch 2/6 (0.5s elapsed)
19:28:49 DEBUG      Batch 3/6: ints 128-191, input_ids shape=torch.Size([64, 2])
19:28:49 INFO       Batch 3/6 (0.5s elapsed)
19:28:49 DEBUG      Batch 4/6: ints 192-255, input_ids shape=torch.Size([64, 2])
19:28:49 INFO       Batch 4/6 (0.5s elapsed)
19:28:49 DEBUG      Batch 5/6: ints 256-319, input_ids shape=torch.Size([64, 2])
19:28:49 INFO       Batch 5/6 (0.6s elapsed)
19:28:49 DEBUG      Batch 6/6: ints 320-360, input_ids shape=torch.Size([41, 2])
19:28:49 INFO       Batch 6/6 (0.6s elapsed)
19:28:49 INFO     Extraction complete: 0.6s (0.002s/integer)
19:28:49 INFO     Model and tokenizer freed from memory
19:28:49 INFO     --- Layer 0 ---
19:28:49 INFO       Activations shape: (361, 4096)
19:28:49 INFO     Computing magnitude spectrum: N=361, hidden_dim=4096, 29 candidate periods
19:28:50 DEBUG      Magnitude spectrum computed in 1.21s
19:28:50 INFO       Top-10 periods by power: [2, 5, 10, 25, 20, 26, 3, 24, 30, 29]
19:28:50 INFO         T=2: power=482.2, rank=1, in_top_10=YES
19:28:50 INFO         T=5: power=454.8, rank=2, in_top_10=YES
19:28:50 INFO         T=10: power=445.0, rank=3, in_top_10=YES
19:28:51 DEBUG      Saved /home/anshulk/arithmetic-geometry/plots/phase_g/kt_pilot/kt_magnitude_spectrum_layer0.png
19:28:51 INFO     --- Layer 1 ---
19:28:51 INFO       Activations shape: (361, 4096)
19:28:51 INFO     Computing magnitude spectrum: N=361, hidden_dim=4096, 29 candidate periods
19:28:51 DEBUG      Magnitude spectrum computed in 0.78s
19:28:51 INFO       Top-10 periods by power: [10, 2, 5, 25, 20, 26, 24, 30, 28, 29]
19:28:51 INFO         T=2: power=2297.9, rank=2, in_top_10=YES
19:28:51 INFO         T=5: power=2285.7, rank=3, in_top_10=YES
19:28:51 INFO         T=10: power=2391.2, rank=1, in_top_10=YES
19:28:51 DEBUG      Saved /home/anshulk/arithmetic-geometry/plots/phase_g/kt_pilot/kt_magnitude_spectrum_layer1.png
19:28:51 INFO     --- Layer 4 ---
19:28:51 INFO       Activations shape: (361, 4096)
19:28:51 INFO     Computing magnitude spectrum: N=361, hidden_dim=4096, 29 candidate periods
19:28:52 DEBUG      Magnitude spectrum computed in 0.77s
19:28:52 INFO       Top-10 periods by power: [10, 5, 2, 25, 20, 26, 24, 30, 29, 28]
19:28:52 INFO         T=2: power=9426.7, rank=3, in_top_10=YES
19:28:52 INFO         T=5: power=9892.1, rank=2, in_top_10=YES
19:28:52 INFO         T=10: power=10185.2, rank=1, in_top_10=YES
19:28:52 DEBUG      Saved /home/anshulk/arithmetic-geometry/plots/phase_g/kt_pilot/kt_magnitude_spectrum_layer4.png
19:28:52 INFO     --- Layer 8 ---
19:28:52 INFO       Activations shape: (361, 4096)
19:28:52 INFO     Computing magnitude spectrum: N=361, hidden_dim=4096, 29 candidate periods
19:28:53 DEBUG      Magnitude spectrum computed in 0.73s
19:28:53 INFO       Top-10 periods by power: [10, 5, 2, 25, 20, 26, 24, 30, 29, 28]
19:28:53 INFO         T=2: power=21052.4, rank=3, in_top_10=YES
19:28:53 INFO         T=5: power=23101.1, rank=2, in_top_10=YES
19:28:53 INFO         T=10: power=23906.7, rank=1, in_top_10=YES
19:28:53 DEBUG      Saved /home/anshulk/arithmetic-geometry/plots/phase_g/kt_pilot/kt_magnitude_spectrum_layer8.png
19:28:53 INFO     Target periods found across all layers: [2, 5, 10]
19:28:53 INFO     ============================================================
19:28:53 INFO     K&T PILOT: GATE PASSED — Fourier code validated
19:28:53 INFO     Proceed with main Phase G experiment.
19:28:53 INFO     Total time: 0.3 minutes
19:28:53 INFO     Results saved to /data/user_data/anshulk/arithmetic-geometry/phase_g/kt_pilot
19:28:53 INFO     ============================================================
06:00:07 INFO     ============================================================
06:00:07 INFO     K&T REPLICATION PILOT
06:00:07 INFO     ============================================================
06:00:07 INFO     Integer range: [0, 360]
06:00:07 INFO     Target periods: {2, 10, 5}
06:00:07 INFO     Candidate periods: T=2 to T=30
06:00:07 INFO     Gate: each target in top-10 at any layer
06:00:07 INFO     Layers: [0, 1, 4, 8]
06:00:07 INFO     Model: /data/user_data/anshulk/arithmetic-geometry/model
06:00:07 INFO     N = 361 integers
06:00:11 INFO     Loading tokenizer from /data/user_data/anshulk/arithmetic-geometry/model
06:00:11 INFO     Tokenizer loaded: vocab_size=128000
06:00:11 INFO     Loading model from /data/user_data/anshulk/arithmetic-geometry/model (device_map=auto)
06:00:14 INFO     Model loaded in 2.6s, device=cuda:0
06:00:14 INFO     Extracting activations: 361 integers, 4 layers, hidden_dim=4096
06:00:14 INFO     Verifying single-token assumption for all 361 integers...
06:00:14 INFO       All integers verified as single-token
06:00:14 INFO     Processing 6 batches of size 64
06:00:14 DEBUG      Batch 1/6: ints 0-63, input_ids shape=torch.Size([64, 2])
06:00:14 INFO       Batch 1/6 (0.2s elapsed)
06:00:14 DEBUG      Batch 2/6: ints 64-127, input_ids shape=torch.Size([64, 2])
06:00:14 INFO       Batch 2/6 (0.3s elapsed)
06:00:14 DEBUG      Batch 3/6: ints 128-191, input_ids shape=torch.Size([64, 2])
06:00:14 INFO       Batch 3/6 (0.3s elapsed)
06:00:14 DEBUG      Batch 4/6: ints 192-255, input_ids shape=torch.Size([64, 2])
06:00:14 INFO       Batch 4/6 (0.3s elapsed)
06:00:14 DEBUG      Batch 5/6: ints 256-319, input_ids shape=torch.Size([64, 2])
06:00:14 INFO       Batch 5/6 (0.4s elapsed)
06:00:14 DEBUG      Batch 6/6: ints 320-360, input_ids shape=torch.Size([41, 2])
06:00:14 INFO       Batch 6/6 (0.4s elapsed)
06:00:14 INFO     Extraction complete: 0.4s (0.001s/integer)
06:00:14 INFO     Model and tokenizer freed from memory
06:00:14 INFO     --- Layer 0 ---
06:00:14 INFO       Activations shape: (361, 4096)
06:00:14 INFO     Computing magnitude spectrum: N=361, hidden_dim=4096, 29 candidate periods
06:00:15 DEBUG      Magnitude spectrum computed in 1.03s
06:00:15 INFO       Top-10 periods by power: [2, 5, 10, 25, 20, 26, 3, 24, 30, 29]
06:00:15 INFO         T=2: power=482.2, rank=1, in_top_10=YES
06:00:15 INFO         T=5: power=454.8, rank=2, in_top_10=YES
06:00:15 INFO         T=10: power=445.0, rank=3, in_top_10=YES
06:00:16 DEBUG      Saved /home/anshulk/arithmetic-geometry/plots/phase_g/kt_pilot/kt_magnitude_spectrum_layer0.png
06:00:16 INFO     --- Layer 1 ---
06:00:16 INFO       Activations shape: (361, 4096)
06:00:16 INFO     Computing magnitude spectrum: N=361, hidden_dim=4096, 29 candidate periods
06:00:16 DEBUG      Magnitude spectrum computed in 0.72s
06:00:16 INFO       Top-10 periods by power: [10, 2, 5, 25, 20, 26, 24, 30, 28, 29]
06:00:16 INFO         T=2: power=2297.9, rank=2, in_top_10=YES
06:00:16 INFO         T=5: power=2285.7, rank=3, in_top_10=YES
06:00:16 INFO         T=10: power=2391.2, rank=1, in_top_10=YES
06:00:16 DEBUG      Saved /home/anshulk/arithmetic-geometry/plots/phase_g/kt_pilot/kt_magnitude_spectrum_layer1.png
06:00:16 INFO     --- Layer 4 ---
06:00:16 INFO       Activations shape: (361, 4096)
06:00:16 INFO     Computing magnitude spectrum: N=361, hidden_dim=4096, 29 candidate periods
06:00:17 DEBUG      Magnitude spectrum computed in 0.81s
06:00:17 INFO       Top-10 periods by power: [10, 5, 2, 25, 20, 26, 24, 30, 29, 28]
06:00:17 INFO         T=2: power=9426.7, rank=3, in_top_10=YES
06:00:17 INFO         T=5: power=9892.1, rank=2, in_top_10=YES
06:00:17 INFO         T=10: power=10185.2, rank=1, in_top_10=YES
06:00:17 DEBUG      Saved /home/anshulk/arithmetic-geometry/plots/phase_g/kt_pilot/kt_magnitude_spectrum_layer4.png
06:00:17 INFO     --- Layer 8 ---
06:00:17 INFO       Activations shape: (361, 4096)
06:00:17 INFO     Computing magnitude spectrum: N=361, hidden_dim=4096, 29 candidate periods
06:00:18 DEBUG      Magnitude spectrum computed in 0.79s
06:00:18 INFO       Top-10 periods by power: [10, 5, 2, 25, 20, 26, 24, 30, 29, 28]
06:00:18 INFO         T=2: power=21052.4, rank=3, in_top_10=YES
06:00:18 INFO         T=5: power=23101.1, rank=2, in_top_10=YES
06:00:18 INFO         T=10: power=23906.7, rank=1, in_top_10=YES
06:00:18 DEBUG      Saved /home/anshulk/arithmetic-geometry/plots/phase_g/kt_pilot/kt_magnitude_spectrum_layer8.png
06:00:18 INFO     Target periods found across all layers: [2, 5, 10]
06:00:18 INFO     ============================================================
06:00:18 INFO     K&T PILOT: GATE PASSED — Fourier code validated
06:00:18 INFO     Proceed with main Phase G experiment.
06:00:18 INFO     Total time: 0.2 minutes
06:00:18 INFO     Results saved to /data/user_data/anshulk/arithmetic-geometry/phase_g/kt_pilot
06:00:18 INFO     ============================================================
06:17:28 INFO     ============================================================
06:17:28 INFO     K&T REPLICATION PILOT
06:17:28 INFO     ============================================================
06:17:28 INFO     Integer range: [0, 360]
06:17:28 INFO     Target periods: {2, 10, 5}
06:17:28 INFO     Candidate periods: T=2 to T=30
06:17:28 INFO     Gate: each target in top-10 at any layer
06:17:28 INFO     Layers: [0, 1, 4, 8]
06:17:28 INFO     Model: /data/user_data/anshulk/arithmetic-geometry/model
06:17:28 INFO     N = 361 integers
06:17:33 INFO     Loading tokenizer from /data/user_data/anshulk/arithmetic-geometry/model
06:17:34 INFO     Tokenizer loaded: vocab_size=128000
06:17:34 INFO     Loading model from /data/user_data/anshulk/arithmetic-geometry/model (device_map=auto)
06:17:45 INFO     Model loaded in 11.8s, device=cuda:0
06:17:45 INFO     Extracting activations: 361 integers, 4 layers, hidden_dim=4096
06:17:45 INFO     Verifying single-token assumption for all 361 integers...
06:17:45 INFO       All integers verified as single-token
06:17:45 INFO     Processing 6 batches of size 64
06:17:45 DEBUG      Batch 1/6: ints 0-63, input_ids shape=torch.Size([64, 2])
06:17:46 INFO       Batch 1/6 (0.4s elapsed)
06:17:46 DEBUG      Batch 2/6: ints 64-127, input_ids shape=torch.Size([64, 2])
06:17:46 INFO       Batch 2/6 (0.5s elapsed)
06:17:46 DEBUG      Batch 3/6: ints 128-191, input_ids shape=torch.Size([64, 2])
06:17:46 INFO       Batch 3/6 (0.5s elapsed)
06:17:46 DEBUG      Batch 4/6: ints 192-255, input_ids shape=torch.Size([64, 2])
06:17:46 INFO       Batch 4/6 (0.6s elapsed)
06:17:46 DEBUG      Batch 5/6: ints 256-319, input_ids shape=torch.Size([64, 2])
06:17:46 INFO       Batch 5/6 (0.6s elapsed)
06:17:46 DEBUG      Batch 6/6: ints 320-360, input_ids shape=torch.Size([41, 2])
06:17:46 INFO       Batch 6/6 (0.7s elapsed)
06:17:46 INFO     Extraction complete: 0.7s (0.002s/integer)
06:17:47 INFO     Model and tokenizer freed from memory
06:17:47 INFO     --- Layer 0 ---
06:17:47 INFO       Activations shape: (361, 4096)
06:17:47 INFO     Computing magnitude spectrum: N=361, hidden_dim=4096, 29 candidate periods
06:17:47 DEBUG      Magnitude spectrum computed in 0.37s
06:17:47 INFO       Top-10 periods by power: [2, 5, 10, 25, 20, 26, 3, 24, 30, 29]
06:17:47 INFO         T=2: power=482.2, rank=1, in_top_10=YES
06:17:47 INFO         T=5: power=454.8, rank=2, in_top_10=YES
06:17:47 INFO         T=10: power=445.0, rank=3, in_top_10=YES
06:17:47 DEBUG      Saved /home/anshulk/arithmetic-geometry/plots/phase_g/kt_pilot/kt_magnitude_spectrum_layer0.png
06:17:47 INFO     --- Layer 1 ---
06:17:47 INFO       Activations shape: (361, 4096)
06:17:47 INFO     Computing magnitude spectrum: N=361, hidden_dim=4096, 29 candidate periods
06:17:47 DEBUG      Magnitude spectrum computed in 0.26s
06:17:47 INFO       Top-10 periods by power: [10, 2, 5, 25, 20, 26, 24, 30, 28, 29]
06:17:47 INFO         T=2: power=2297.9, rank=2, in_top_10=YES
06:17:47 INFO         T=5: power=2285.7, rank=3, in_top_10=YES
06:17:47 INFO         T=10: power=2391.2, rank=1, in_top_10=YES
06:17:48 DEBUG      Saved /home/anshulk/arithmetic-geometry/plots/phase_g/kt_pilot/kt_magnitude_spectrum_layer1.png
06:17:48 INFO     --- Layer 4 ---
06:17:48 INFO       Activations shape: (361, 4096)
06:17:48 INFO     Computing magnitude spectrum: N=361, hidden_dim=4096, 29 candidate periods
06:17:48 DEBUG      Magnitude spectrum computed in 0.26s
06:17:48 INFO       Top-10 periods by power: [10, 5, 2, 25, 20, 26, 24, 30, 29, 28]
06:17:48 INFO         T=2: power=9426.7, rank=3, in_top_10=YES
06:17:48 INFO         T=5: power=9892.1, rank=2, in_top_10=YES
06:17:48 INFO         T=10: power=10185.2, rank=1, in_top_10=YES
06:17:48 DEBUG      Saved /home/anshulk/arithmetic-geometry/plots/phase_g/kt_pilot/kt_magnitude_spectrum_layer4.png
06:17:48 INFO     --- Layer 8 ---
06:17:48 INFO       Activations shape: (361, 4096)
06:17:48 INFO     Computing magnitude spectrum: N=361, hidden_dim=4096, 29 candidate periods
06:17:48 DEBUG      Magnitude spectrum computed in 0.24s
06:17:48 INFO       Top-10 periods by power: [10, 5, 2, 25, 20, 26, 24, 30, 29, 28]
06:17:48 INFO         T=2: power=21052.4, rank=3, in_top_10=YES
06:17:48 INFO         T=5: power=23101.1, rank=2, in_top_10=YES
06:17:48 INFO         T=10: power=23906.7, rank=1, in_top_10=YES
06:17:48 DEBUG      Saved /home/anshulk/arithmetic-geometry/plots/phase_g/kt_pilot/kt_magnitude_spectrum_layer8.png
06:17:48 INFO     Target periods found across all layers: [2, 5, 10]
06:17:48 INFO     ============================================================
06:17:48 INFO     K&T PILOT: GATE PASSED — Fourier code validated
06:17:48 INFO     Proceed with main Phase G experiment.
06:17:48 INFO     Total time: 0.3 minutes
06:17:48 INFO     Results saved to /data/user_data/anshulk/arithmetic-geometry/phase_g/kt_pilot
06:17:48 INFO     ============================================================
09:24:52 INFO     ============================================================
09:24:52 INFO     K&T REPLICATION PILOT
09:24:52 INFO     ============================================================
09:24:52 INFO     Integer range: [0, 360]
09:24:52 INFO     Target periods: {2, 10, 5}
09:24:52 INFO     Candidate periods: T=2 to T=30
09:24:52 INFO     Gate: each target in top-10 at any layer
09:24:52 INFO     Layers: [0, 1, 4, 8]
09:24:52 INFO     Model: /data/user_data/anshulk/arithmetic-geometry/model
09:24:52 INFO     N = 361 integers
09:24:56 INFO     Loading tokenizer from /data/user_data/anshulk/arithmetic-geometry/model
09:24:57 INFO     Tokenizer loaded: vocab_size=128000
09:24:57 INFO     Loading model from /data/user_data/anshulk/arithmetic-geometry/model (device_map=auto)
09:25:08 INFO     Model loaded in 10.7s, device=cuda:0
09:25:08 INFO     Extracting activations: 361 integers, 4 layers, hidden_dim=4096
09:25:08 INFO     Verifying single-token assumption for all 361 integers...
09:25:08 INFO       All integers verified as single-token
09:25:08 INFO     Processing 6 batches of size 64
09:25:08 DEBUG      Batch 1/6: ints 0-63, input_ids shape=torch.Size([64, 2])
09:25:09 INFO       Batch 1/6 (1.1s elapsed)
09:25:09 DEBUG      Batch 2/6: ints 64-127, input_ids shape=torch.Size([64, 2])
09:25:09 INFO       Batch 2/6 (1.6s elapsed)
09:25:09 DEBUG      Batch 3/6: ints 128-191, input_ids shape=torch.Size([64, 2])
09:25:09 INFO       Batch 3/6 (1.6s elapsed)
09:25:09 DEBUG      Batch 4/6: ints 192-255, input_ids shape=torch.Size([64, 2])
09:25:09 INFO       Batch 4/6 (1.7s elapsed)
09:25:09 DEBUG      Batch 5/6: ints 256-319, input_ids shape=torch.Size([64, 2])
09:25:10 INFO       Batch 5/6 (1.7s elapsed)
09:25:10 DEBUG      Batch 6/6: ints 320-360, input_ids shape=torch.Size([41, 2])
09:25:10 INFO       Batch 6/6 (1.8s elapsed)
09:25:10 INFO     Extraction complete: 1.8s (0.005s/integer)
09:25:10 INFO     Model and tokenizer freed from memory
09:25:10 INFO     --- Layer 0 ---
09:25:10 INFO       Activations shape: (361, 4096)
09:25:10 INFO     Computing magnitude spectrum: N=361, hidden_dim=4096, 29 candidate periods
09:25:10 DEBUG      Magnitude spectrum computed in 0.27s
09:25:10 INFO       Top-10 periods by power: [2, 5, 10, 25, 20, 26, 3, 24, 30, 29]
09:25:10 INFO         T=2: power=482.2, rank=1, in_top_10=YES
09:25:10 INFO         T=5: power=454.8, rank=2, in_top_10=YES
09:25:10 INFO         T=10: power=445.0, rank=3, in_top_10=YES
09:25:10 DEBUG      Saved /home/anshulk/arithmetic-geometry/plots/phase_g/kt_pilot/kt_magnitude_spectrum_layer0.png
09:25:10 INFO     --- Layer 1 ---
09:25:10 INFO       Activations shape: (361, 4096)
09:25:10 INFO     Computing magnitude spectrum: N=361, hidden_dim=4096, 29 candidate periods
09:25:11 DEBUG      Magnitude spectrum computed in 0.33s
09:25:11 INFO       Top-10 periods by power: [10, 2, 5, 25, 20, 26, 24, 30, 28, 29]
09:25:11 INFO         T=2: power=2297.9, rank=2, in_top_10=YES
09:25:11 INFO         T=5: power=2285.7, rank=3, in_top_10=YES
09:25:11 INFO         T=10: power=2391.2, rank=1, in_top_10=YES
09:25:11 DEBUG      Saved /home/anshulk/arithmetic-geometry/plots/phase_g/kt_pilot/kt_magnitude_spectrum_layer1.png
09:25:11 INFO     --- Layer 4 ---
09:25:11 INFO       Activations shape: (361, 4096)
09:25:11 INFO     Computing magnitude spectrum: N=361, hidden_dim=4096, 29 candidate periods
09:25:11 DEBUG      Magnitude spectrum computed in 0.33s
09:25:11 INFO       Top-10 periods by power: [10, 5, 2, 25, 20, 26, 24, 30, 29, 28]
09:25:11 INFO         T=2: power=9426.7, rank=3, in_top_10=YES
09:25:11 INFO         T=5: power=9892.1, rank=2, in_top_10=YES
09:25:11 INFO         T=10: power=10185.2, rank=1, in_top_10=YES
09:25:12 DEBUG      Saved /home/anshulk/arithmetic-geometry/plots/phase_g/kt_pilot/kt_magnitude_spectrum_layer4.png
09:25:12 INFO     --- Layer 8 ---
09:25:12 INFO       Activations shape: (361, 4096)
09:25:12 INFO     Computing magnitude spectrum: N=361, hidden_dim=4096, 29 candidate periods
09:25:12 DEBUG      Magnitude spectrum computed in 0.33s
09:25:12 INFO       Top-10 periods by power: [10, 5, 2, 25, 20, 26, 24, 30, 29, 28]
09:25:12 INFO         T=2: power=21052.4, rank=3, in_top_10=YES
09:25:12 INFO         T=5: power=23101.1, rank=2, in_top_10=YES
09:25:12 INFO         T=10: power=23906.7, rank=1, in_top_10=YES
09:25:12 DEBUG      Saved /home/anshulk/arithmetic-geometry/plots/phase_g/kt_pilot/kt_magnitude_spectrum_layer8.png
09:25:12 INFO     Target periods found across all layers: [2, 5, 10]
09:25:12 INFO     ============================================================
09:25:12 INFO     K&T PILOT: GATE PASSED — Fourier code validated
09:25:12 INFO     Proceed with main Phase G experiment.
09:25:12 INFO     Total time: 0.3 minutes
09:25:12 INFO     Results saved to /data/user_data/anshulk/arithmetic-geometry/phase_g/kt_pilot
09:25:12 INFO     ============================================================
10:07:22 INFO     ============================================================
10:07:22 INFO     K&T REPLICATION PILOT
10:07:22 INFO     ============================================================
10:07:22 INFO     Integer range: [0, 360]
10:07:22 INFO     Target periods: {2, 10, 5}
10:07:22 INFO     Candidate periods: T=2 to T=30
10:07:22 INFO     Gate: each target in top-10 at any layer
10:07:22 INFO     Layers: [0, 1, 4, 8]
10:07:22 INFO     Model: /data/user_data/anshulk/arithmetic-geometry/model
10:07:22 INFO     N = 361 integers
10:07:25 INFO     Loading tokenizer from /data/user_data/anshulk/arithmetic-geometry/model
10:07:26 INFO     Tokenizer loaded: vocab_size=128000
10:07:26 INFO     Loading model from /data/user_data/anshulk/arithmetic-geometry/model (device_map=auto)
10:07:29 INFO     Model loaded in 2.9s, device=cuda:0
10:07:29 INFO     Extracting activations: 361 integers, 4 layers, hidden_dim=4096
10:07:29 INFO     Verifying single-token assumption for all 361 integers...
10:07:29 INFO       All integers verified as single-token
10:07:29 INFO     Processing 6 batches of size 64
10:07:29 DEBUG      Batch 1/6: ints 0-63, input_ids shape=torch.Size([64, 2])
10:07:30 INFO       Batch 1/6 (0.3s elapsed)
10:07:30 DEBUG      Batch 2/6: ints 64-127, input_ids shape=torch.Size([64, 2])
10:07:30 INFO       Batch 2/6 (0.4s elapsed)
10:07:30 DEBUG      Batch 3/6: ints 128-191, input_ids shape=torch.Size([64, 2])
10:07:30 INFO       Batch 3/6 (0.5s elapsed)
10:07:30 DEBUG      Batch 4/6: ints 192-255, input_ids shape=torch.Size([64, 2])
10:07:30 INFO       Batch 4/6 (0.5s elapsed)
10:07:30 DEBUG      Batch 5/6: ints 256-319, input_ids shape=torch.Size([64, 2])
10:07:30 INFO       Batch 5/6 (0.6s elapsed)
10:07:30 DEBUG      Batch 6/6: ints 320-360, input_ids shape=torch.Size([41, 2])
10:07:30 INFO       Batch 6/6 (0.6s elapsed)
10:07:30 INFO     Extraction complete: 0.6s (0.002s/integer)
10:07:30 INFO     Model and tokenizer freed from memory
10:07:30 INFO     --- Layer 0 ---
10:07:30 INFO       Activations shape: (361, 4096)
10:07:30 INFO     Computing magnitude spectrum: N=361, hidden_dim=4096, 29 candidate periods
10:07:32 DEBUG      Magnitude spectrum computed in 1.53s
10:07:32 INFO       Top-10 periods by power: [2, 5, 10, 25, 20, 26, 3, 24, 30, 29]
10:07:32 INFO         T=2: power=482.2, rank=1, in_top_10=YES
10:07:32 INFO         T=5: power=454.8, rank=2, in_top_10=YES
10:07:32 INFO         T=10: power=445.0, rank=3, in_top_10=YES
10:07:32 DEBUG      Saved /home/anshulk/arithmetic-geometry/plots/phase_g/kt_pilot/kt_magnitude_spectrum_layer0.png
10:07:32 INFO     --- Layer 1 ---
10:07:32 INFO       Activations shape: (361, 4096)
10:07:32 INFO     Computing magnitude spectrum: N=361, hidden_dim=4096, 29 candidate periods
10:07:33 DEBUG      Magnitude spectrum computed in 0.99s
10:07:33 INFO       Top-10 periods by power: [10, 2, 5, 25, 20, 26, 24, 30, 28, 29]
10:07:33 INFO         T=2: power=2297.9, rank=2, in_top_10=YES
10:07:33 INFO         T=5: power=2285.7, rank=3, in_top_10=YES
10:07:33 INFO         T=10: power=2391.2, rank=1, in_top_10=YES
10:07:33 DEBUG      Saved /home/anshulk/arithmetic-geometry/plots/phase_g/kt_pilot/kt_magnitude_spectrum_layer1.png
10:07:33 INFO     --- Layer 4 ---
10:07:33 INFO       Activations shape: (361, 4096)
10:07:33 INFO     Computing magnitude spectrum: N=361, hidden_dim=4096, 29 candidate periods
10:07:34 DEBUG      Magnitude spectrum computed in 0.77s
10:07:34 INFO       Top-10 periods by power: [10, 5, 2, 25, 20, 26, 24, 30, 29, 28]
10:07:34 INFO         T=2: power=9426.7, rank=3, in_top_10=YES
10:07:34 INFO         T=5: power=9892.1, rank=2, in_top_10=YES
10:07:34 INFO         T=10: power=10185.2, rank=1, in_top_10=YES
10:07:34 DEBUG      Saved /home/anshulk/arithmetic-geometry/plots/phase_g/kt_pilot/kt_magnitude_spectrum_layer4.png
10:07:34 INFO     --- Layer 8 ---
10:07:34 INFO       Activations shape: (361, 4096)
10:07:34 INFO     Computing magnitude spectrum: N=361, hidden_dim=4096, 29 candidate periods
10:07:34 DEBUG      Magnitude spectrum computed in 0.30s
10:07:34 INFO       Top-10 periods by power: [10, 5, 2, 25, 20, 26, 24, 30, 29, 28]
10:07:34 INFO         T=2: power=21052.4, rank=3, in_top_10=YES
10:07:34 INFO         T=5: power=23101.1, rank=2, in_top_10=YES
10:07:34 INFO         T=10: power=23906.7, rank=1, in_top_10=YES
10:07:35 DEBUG      Saved /home/anshulk/arithmetic-geometry/plots/phase_g/kt_pilot/kt_magnitude_spectrum_layer8.png
10:07:35 INFO     Target periods found across all layers: [2, 5, 10]
10:07:35 INFO     ============================================================
10:07:35 INFO     K&T PILOT: GATE PASSED — Fourier code validated
10:07:35 INFO     Proceed with main Phase G experiment.
10:07:35 INFO     Total time: 0.2 minutes
10:07:35 INFO     Results saved to /data/user_data/anshulk/arithmetic-geometry/phase_g/kt_pilot
10:07:35 INFO     ============================================================
10:17:44 INFO     ============================================================
10:17:44 INFO     K&T REPLICATION PILOT
10:17:44 INFO     ============================================================
10:17:44 INFO     Integer range: [0, 360]
10:17:44 INFO     Target periods: {2, 10, 5}
10:17:44 INFO     Candidate periods: T=2 to T=30
10:17:44 INFO     Gate: each target in top-10 at any layer
10:17:44 INFO     Layers: [0, 1, 4, 8]
10:17:44 INFO     Model: /data/user_data/anshulk/arithmetic-geometry/model
10:17:44 INFO     N = 361 integers
10:17:47 INFO     Loading tokenizer from /data/user_data/anshulk/arithmetic-geometry/model
10:17:48 INFO     Tokenizer loaded: vocab_size=128000
10:17:48 INFO     Loading model from /data/user_data/anshulk/arithmetic-geometry/model (device_map=auto)
10:17:51 INFO     Model loaded in 3.0s, device=cuda:0
10:17:51 INFO     Extracting activations: 361 integers, 4 layers, hidden_dim=4096
10:17:51 INFO     Verifying single-token assumption for all 361 integers...
10:17:51 INFO       All integers verified as single-token
10:17:51 INFO     Processing 6 batches of size 64
10:17:51 DEBUG      Batch 1/6: ints 0-63, input_ids shape=torch.Size([64, 2])
10:17:51 INFO       Batch 1/6 (0.2s elapsed)
10:17:51 DEBUG      Batch 2/6: ints 64-127, input_ids shape=torch.Size([64, 2])
10:17:51 INFO       Batch 2/6 (0.3s elapsed)
10:17:51 DEBUG      Batch 3/6: ints 128-191, input_ids shape=torch.Size([64, 2])
10:17:51 INFO       Batch 3/6 (0.3s elapsed)
10:17:51 DEBUG      Batch 4/6: ints 192-255, input_ids shape=torch.Size([64, 2])
10:17:51 INFO       Batch 4/6 (0.3s elapsed)
10:17:51 DEBUG      Batch 5/6: ints 256-319, input_ids shape=torch.Size([64, 2])
10:17:51 INFO       Batch 5/6 (0.4s elapsed)
10:17:51 DEBUG      Batch 6/6: ints 320-360, input_ids shape=torch.Size([41, 2])
10:17:51 INFO       Batch 6/6 (0.4s elapsed)
10:17:51 INFO     Extraction complete: 0.4s (0.001s/integer)
10:17:51 INFO     Model and tokenizer freed from memory
10:17:51 INFO     --- Layer 0 ---
10:17:51 INFO       Activations shape: (361, 4096)
10:17:51 INFO     Computing magnitude spectrum: N=361, hidden_dim=4096, 29 candidate periods
10:17:52 DEBUG      Magnitude spectrum computed in 1.06s
10:17:52 INFO       Top-10 periods by power: [2, 5, 10, 25, 20, 26, 3, 24, 30, 29]
10:17:52 INFO         T=2: power=482.2, rank=1, in_top_10=YES
10:17:52 INFO         T=5: power=454.8, rank=2, in_top_10=YES
10:17:52 INFO         T=10: power=445.0, rank=3, in_top_10=YES
10:17:53 DEBUG      Saved /home/anshulk/arithmetic-geometry/plots/phase_g/kt_pilot/kt_magnitude_spectrum_layer0.png
10:17:53 INFO     --- Layer 1 ---
10:17:53 INFO       Activations shape: (361, 4096)
10:17:53 INFO     Computing magnitude spectrum: N=361, hidden_dim=4096, 29 candidate periods
10:17:54 DEBUG      Magnitude spectrum computed in 1.16s
10:17:54 INFO       Top-10 periods by power: [10, 2, 5, 25, 20, 26, 24, 30, 28, 29]
10:17:54 INFO         T=2: power=2297.9, rank=2, in_top_10=YES
10:17:54 INFO         T=5: power=2285.7, rank=3, in_top_10=YES
10:17:54 INFO         T=10: power=2391.2, rank=1, in_top_10=YES
10:17:54 DEBUG      Saved /home/anshulk/arithmetic-geometry/plots/phase_g/kt_pilot/kt_magnitude_spectrum_layer1.png
10:17:54 INFO     --- Layer 4 ---
10:17:54 INFO       Activations shape: (361, 4096)
10:17:54 INFO     Computing magnitude spectrum: N=361, hidden_dim=4096, 29 candidate periods
10:17:55 DEBUG      Magnitude spectrum computed in 0.85s
10:17:55 INFO       Top-10 periods by power: [10, 5, 2, 25, 20, 26, 24, 30, 29, 28]
10:17:55 INFO         T=2: power=9426.7, rank=3, in_top_10=YES
10:17:55 INFO         T=5: power=9892.1, rank=2, in_top_10=YES
10:17:55 INFO         T=10: power=10185.2, rank=1, in_top_10=YES
10:17:55 DEBUG      Saved /home/anshulk/arithmetic-geometry/plots/phase_g/kt_pilot/kt_magnitude_spectrum_layer4.png
10:17:55 INFO     --- Layer 8 ---
10:17:55 INFO       Activations shape: (361, 4096)
10:17:55 INFO     Computing magnitude spectrum: N=361, hidden_dim=4096, 29 candidate periods
10:17:55 DEBUG      Magnitude spectrum computed in 0.49s
10:17:55 INFO       Top-10 periods by power: [10, 5, 2, 25, 20, 26, 24, 30, 29, 28]
10:17:55 INFO         T=2: power=21052.4, rank=3, in_top_10=YES
10:17:55 INFO         T=5: power=23101.1, rank=2, in_top_10=YES
10:17:55 INFO         T=10: power=23906.7, rank=1, in_top_10=YES
10:17:56 DEBUG      Saved /home/anshulk/arithmetic-geometry/plots/phase_g/kt_pilot/kt_magnitude_spectrum_layer8.png
10:17:56 INFO     Target periods found across all layers: [2, 5, 10]
10:17:56 INFO     ============================================================
10:17:56 INFO     K&T PILOT: GATE PASSED — Fourier code validated
10:17:56 INFO     Proceed with main Phase G experiment.
10:17:56 INFO     Total time: 0.2 minutes
10:17:56 INFO     Results saved to /data/user_data/anshulk/arithmetic-geometry/phase_g/kt_pilot
10:17:56 INFO     ============================================================
10:57:11 INFO     ============================================================
10:57:11 INFO     K&T REPLICATION PILOT
10:57:11 INFO     ============================================================
10:57:11 INFO     Integer range: [0, 360]
10:57:11 INFO     Target periods: {2, 10, 5}
10:57:11 INFO     Candidate periods: T=2 to T=30
10:57:11 INFO     Gate: each target in top-10 at any layer
10:57:11 INFO     Layers: [0, 1, 4, 8]
10:57:11 INFO     Model: /data/user_data/anshulk/arithmetic-geometry/model
10:57:11 INFO     N = 361 integers
10:57:14 INFO     Loading tokenizer from /data/user_data/anshulk/arithmetic-geometry/model
10:57:14 INFO     Tokenizer loaded: vocab_size=128000
10:57:14 INFO     Loading model from /data/user_data/anshulk/arithmetic-geometry/model (device_map=auto)
10:57:17 INFO     Model loaded in 3.2s, device=cuda:0
10:57:17 INFO     Extracting activations: 361 integers, 4 layers, hidden_dim=4096
10:57:17 INFO     Verifying single-token assumption for all 361 integers...
10:57:18 INFO       All integers verified as single-token
10:57:18 INFO     Processing 6 batches of size 64
10:57:18 DEBUG      Batch 1/6: ints 0-63, input_ids shape=torch.Size([64, 2])
10:57:18 INFO       Batch 1/6 (0.6s elapsed)
10:57:18 DEBUG      Batch 2/6: ints 64-127, input_ids shape=torch.Size([64, 2])
10:57:18 INFO       Batch 2/6 (0.6s elapsed)
10:57:18 DEBUG      Batch 3/6: ints 128-191, input_ids shape=torch.Size([64, 2])
10:57:18 INFO       Batch 3/6 (0.7s elapsed)
10:57:18 DEBUG      Batch 4/6: ints 192-255, input_ids shape=torch.Size([64, 2])
10:57:18 INFO       Batch 4/6 (0.7s elapsed)
10:57:18 DEBUG      Batch 5/6: ints 256-319, input_ids shape=torch.Size([64, 2])
10:57:18 INFO       Batch 5/6 (0.8s elapsed)
10:57:18 DEBUG      Batch 6/6: ints 320-360, input_ids shape=torch.Size([41, 2])
10:57:18 INFO       Batch 6/6 (0.8s elapsed)
10:57:18 INFO     Extraction complete: 0.8s (0.002s/integer)
10:57:18 INFO     Model and tokenizer freed from memory
10:57:18 INFO     --- Layer 0 ---
10:57:18 INFO       Activations shape: (361, 4096)
10:57:18 INFO     Computing magnitude spectrum: N=361, hidden_dim=4096, 29 candidate periods
10:57:19 DEBUG      Magnitude spectrum computed in 0.96s
10:57:19 INFO       Top-10 periods by power: [2, 5, 10, 25, 20, 26, 3, 24, 30, 29]
10:57:19 INFO         T=2: power=482.2, rank=1, in_top_10=YES
10:57:19 INFO         T=5: power=454.8, rank=2, in_top_10=YES
10:57:19 INFO         T=10: power=445.0, rank=3, in_top_10=YES
10:57:20 DEBUG      Saved /home/anshulk/arithmetic-geometry/plots/phase_g/kt_pilot/kt_magnitude_spectrum_layer0.png
10:57:20 INFO     --- Layer 1 ---
10:57:20 INFO       Activations shape: (361, 4096)
10:57:20 INFO     Computing magnitude spectrum: N=361, hidden_dim=4096, 29 candidate periods
10:57:20 DEBUG      Magnitude spectrum computed in 0.52s
10:57:20 INFO       Top-10 periods by power: [10, 2, 5, 25, 20, 26, 24, 30, 28, 29]
10:57:20 INFO         T=2: power=2297.9, rank=2, in_top_10=YES
10:57:20 INFO         T=5: power=2285.7, rank=3, in_top_10=YES
10:57:20 INFO         T=10: power=2391.2, rank=1, in_top_10=YES
10:57:20 DEBUG      Saved /home/anshulk/arithmetic-geometry/plots/phase_g/kt_pilot/kt_magnitude_spectrum_layer1.png
10:57:20 INFO     --- Layer 4 ---
10:57:20 INFO       Activations shape: (361, 4096)
10:57:20 INFO     Computing magnitude spectrum: N=361, hidden_dim=4096, 29 candidate periods
10:57:21 DEBUG      Magnitude spectrum computed in 0.53s
10:57:21 INFO       Top-10 periods by power: [10, 5, 2, 25, 20, 26, 24, 30, 29, 28]
10:57:21 INFO         T=2: power=9426.7, rank=3, in_top_10=YES
10:57:21 INFO         T=5: power=9892.1, rank=2, in_top_10=YES
10:57:21 INFO         T=10: power=10185.2, rank=1, in_top_10=YES
10:57:21 DEBUG      Saved /home/anshulk/arithmetic-geometry/plots/phase_g/kt_pilot/kt_magnitude_spectrum_layer4.png
10:57:21 INFO     --- Layer 8 ---
10:57:21 INFO       Activations shape: (361, 4096)
10:57:21 INFO     Computing magnitude spectrum: N=361, hidden_dim=4096, 29 candidate periods
10:57:21 DEBUG      Magnitude spectrum computed in 0.53s
10:57:21 INFO       Top-10 periods by power: [10, 5, 2, 25, 20, 26, 24, 30, 29, 28]
10:57:21 INFO         T=2: power=21052.4, rank=3, in_top_10=YES
10:57:21 INFO         T=5: power=23101.1, rank=2, in_top_10=YES
10:57:21 INFO         T=10: power=23906.7, rank=1, in_top_10=YES
10:57:21 DEBUG      Saved /home/anshulk/arithmetic-geometry/plots/phase_g/kt_pilot/kt_magnitude_spectrum_layer8.png
10:57:21 INFO     Target periods found across all layers: [2, 5, 10]
10:57:21 INFO     ============================================================
10:57:21 INFO     K&T PILOT: GATE PASSED — Fourier code validated
10:57:21 INFO     Proceed with main Phase G experiment.
10:57:21 INFO     Total time: 0.2 minutes
10:57:21 INFO     Results saved to /data/user_data/anshulk/arithmetic-geometry/phase_g/kt_pilot
10:57:21 INFO     ============================================================
12:39:16 INFO     ============================================================
12:39:16 INFO     K&T REPLICATION PILOT
12:39:16 INFO     ============================================================
12:39:16 INFO     Integer range: [0, 360]
12:39:16 INFO     Target periods: {2, 10, 5}
12:39:16 INFO     Candidate periods: T=2 to T=30
12:39:16 INFO     Gate: each target in top-10 at any layer
12:39:16 INFO     Layers: [0, 1, 4, 8]
12:39:16 INFO     Model: /data/user_data/anshulk/arithmetic-geometry/model
12:39:16 INFO     N = 361 integers
12:39:20 INFO     Loading tokenizer from /data/user_data/anshulk/arithmetic-geometry/model
12:39:21 INFO     Tokenizer loaded: vocab_size=128000
12:39:21 INFO     Loading model from /data/user_data/anshulk/arithmetic-geometry/model (device_map=auto)
12:39:27 INFO     Model loaded in 5.7s, device=cuda:0
12:39:27 INFO     Extracting activations: 361 integers, 4 layers, hidden_dim=4096
12:39:27 INFO     Verifying single-token assumption for all 361 integers...
12:39:27 INFO       All integers verified as single-token
12:39:27 INFO     Processing 6 batches of size 64
12:39:27 DEBUG      Batch 1/6: ints 0-63, input_ids shape=torch.Size([64, 2])
12:39:28 INFO       Batch 1/6 (0.8s elapsed)
12:39:28 DEBUG      Batch 2/6: ints 64-127, input_ids shape=torch.Size([64, 2])
12:39:28 INFO       Batch 2/6 (1.1s elapsed)
12:39:28 DEBUG      Batch 3/6: ints 128-191, input_ids shape=torch.Size([64, 2])
12:39:28 INFO       Batch 3/6 (1.2s elapsed)
12:39:28 DEBUG      Batch 4/6: ints 192-255, input_ids shape=torch.Size([64, 2])
12:39:28 INFO       Batch 4/6 (1.2s elapsed)
12:39:28 DEBUG      Batch 5/6: ints 256-319, input_ids shape=torch.Size([64, 2])
12:39:28 INFO       Batch 5/6 (1.3s elapsed)
12:39:28 DEBUG      Batch 6/6: ints 320-360, input_ids shape=torch.Size([41, 2])
12:39:28 INFO       Batch 6/6 (1.3s elapsed)
12:39:28 INFO     Extraction complete: 1.3s (0.004s/integer)
12:39:29 INFO     Model and tokenizer freed from memory
12:39:29 INFO     --- Layer 0 ---
12:39:29 INFO       Activations shape: (361, 4096)
12:39:29 INFO     Computing magnitude spectrum: N=361, hidden_dim=4096, 29 candidate periods
12:39:29 DEBUG      Magnitude spectrum computed in 0.28s
12:39:29 INFO       Top-10 periods by power: [2, 5, 10, 25, 20, 26, 3, 24, 30, 29]
12:39:29 INFO         T=2: power=482.2, rank=1, in_top_10=YES
12:39:29 INFO         T=5: power=454.8, rank=2, in_top_10=YES
12:39:29 INFO         T=10: power=445.0, rank=3, in_top_10=YES
12:39:29 DEBUG      Saved /home/anshulk/arithmetic-geometry/plots/phase_g/kt_pilot/kt_magnitude_spectrum_layer0.png
12:39:29 INFO     --- Layer 1 ---
12:39:29 INFO       Activations shape: (361, 4096)
12:39:29 INFO     Computing magnitude spectrum: N=361, hidden_dim=4096, 29 candidate periods
12:39:30 DEBUG      Magnitude spectrum computed in 0.27s
12:39:30 INFO       Top-10 periods by power: [10, 2, 5, 25, 20, 26, 24, 30, 28, 29]
12:39:30 INFO         T=2: power=2297.9, rank=2, in_top_10=YES
12:39:30 INFO         T=5: power=2285.7, rank=3, in_top_10=YES
12:39:30 INFO         T=10: power=2391.2, rank=1, in_top_10=YES
12:39:30 DEBUG      Saved /home/anshulk/arithmetic-geometry/plots/phase_g/kt_pilot/kt_magnitude_spectrum_layer1.png
12:39:30 INFO     --- Layer 4 ---
12:39:30 INFO       Activations shape: (361, 4096)
12:39:30 INFO     Computing magnitude spectrum: N=361, hidden_dim=4096, 29 candidate periods
12:39:30 DEBUG      Magnitude spectrum computed in 0.28s
12:39:30 INFO       Top-10 periods by power: [10, 5, 2, 25, 20, 26, 24, 30, 29, 28]
12:39:30 INFO         T=2: power=9426.7, rank=3, in_top_10=YES
12:39:30 INFO         T=5: power=9892.1, rank=2, in_top_10=YES
12:39:30 INFO         T=10: power=10185.2, rank=1, in_top_10=YES
12:39:30 DEBUG      Saved /home/anshulk/arithmetic-geometry/plots/phase_g/kt_pilot/kt_magnitude_spectrum_layer4.png
12:39:30 INFO     --- Layer 8 ---
12:39:30 INFO       Activations shape: (361, 4096)
12:39:30 INFO     Computing magnitude spectrum: N=361, hidden_dim=4096, 29 candidate periods
12:39:31 DEBUG      Magnitude spectrum computed in 0.23s
12:39:31 INFO       Top-10 periods by power: [10, 5, 2, 25, 20, 26, 24, 30, 29, 28]
12:39:31 INFO         T=2: power=21052.4, rank=3, in_top_10=YES
12:39:31 INFO         T=5: power=23101.1, rank=2, in_top_10=YES
12:39:31 INFO         T=10: power=23906.7, rank=1, in_top_10=YES
12:39:31 DEBUG      Saved /home/anshulk/arithmetic-geometry/plots/phase_g/kt_pilot/kt_magnitude_spectrum_layer8.png
12:39:31 INFO     Target periods found across all layers: [2, 5, 10]
12:39:31 INFO     ============================================================
12:39:31 INFO     K&T PILOT: GATE PASSED — Fourier code validated
12:39:31 INFO     Proceed with main Phase G experiment.
12:39:31 INFO     Total time: 0.2 minutes
12:39:31 INFO     Results saved to /data/user_data/anshulk/arithmetic-geometry/phase_g/kt_pilot
12:39:31 INFO     ============================================================
22:55:27 INFO     ============================================================
22:55:27 INFO     K&T REPLICATION PILOT
22:55:27 INFO     ============================================================
22:55:27 INFO     Integer range: [0, 360]
22:55:27 INFO     Target periods: {2, 10, 5}
22:55:27 INFO     Candidate periods: T=2 to T=30
22:55:27 INFO     Gate: each target in top-10 at any layer
22:55:27 INFO     Layers: [0, 1, 4, 8]
22:55:27 INFO     Model: /data/user_data/anshulk/arithmetic-geometry/model
22:55:27 INFO     N = 361 integers
22:55:35 INFO     Loading tokenizer from /data/user_data/anshulk/arithmetic-geometry/model
22:55:36 INFO     Tokenizer loaded: vocab_size=128000
22:55:36 INFO     Loading model from /data/user_data/anshulk/arithmetic-geometry/model (device_map=auto)
22:55:41 INFO     Model loaded in 4.2s, device=cuda:0
22:55:41 INFO     Extracting activations: 361 integers, 4 layers, hidden_dim=4096
22:55:41 INFO     Verifying single-token assumption for all 361 integers...
22:55:41 INFO       All integers verified as single-token
22:55:41 INFO     Processing 6 batches of size 64
22:55:41 DEBUG      Batch 1/6: ints 0-63, input_ids shape=torch.Size([64, 2])
22:55:42 INFO       Batch 1/6 (1.2s elapsed)
22:55:42 DEBUG      Batch 2/6: ints 64-127, input_ids shape=torch.Size([64, 2])
22:55:42 INFO       Batch 2/6 (1.4s elapsed)
22:55:42 DEBUG      Batch 3/6: ints 128-191, input_ids shape=torch.Size([64, 2])
22:55:42 INFO       Batch 3/6 (1.5s elapsed)
22:55:42 DEBUG      Batch 4/6: ints 192-255, input_ids shape=torch.Size([64, 2])
22:55:42 INFO       Batch 4/6 (1.5s elapsed)
22:55:42 DEBUG      Batch 5/6: ints 256-319, input_ids shape=torch.Size([64, 2])
22:55:42 INFO       Batch 5/6 (1.6s elapsed)
22:55:42 DEBUG      Batch 6/6: ints 320-360, input_ids shape=torch.Size([41, 2])
22:55:42 INFO       Batch 6/6 (1.6s elapsed)
22:55:42 INFO     Extraction complete: 1.6s (0.004s/integer)
22:55:42 INFO     Model and tokenizer freed from memory
22:55:42 INFO     --- Layer 0 ---
22:55:42 INFO       Activations shape: (361, 4096)
22:55:42 INFO     Computing magnitude spectrum: N=361, hidden_dim=4096, 29 candidate periods
22:55:43 DEBUG      Magnitude spectrum computed in 0.91s
22:55:43 INFO       Top-10 periods by power: [2, 5, 10, 25, 20, 26, 3, 24, 30, 29]
22:55:43 INFO         T=2: power=482.2, rank=1, in_top_10=YES
22:55:43 INFO         T=5: power=454.8, rank=2, in_top_10=YES
22:55:43 INFO         T=10: power=445.0, rank=3, in_top_10=YES
22:55:43 DEBUG      Saved /home/anshulk/arithmetic-geometry/plots/phase_g/kt_pilot/kt_magnitude_spectrum_layer0.png
22:55:43 INFO     --- Layer 1 ---
22:55:43 INFO       Activations shape: (361, 4096)
22:55:43 INFO     Computing magnitude spectrum: N=361, hidden_dim=4096, 29 candidate periods
22:55:44 DEBUG      Magnitude spectrum computed in 0.67s
22:55:44 INFO       Top-10 periods by power: [10, 2, 5, 25, 20, 26, 24, 30, 28, 29]
22:55:44 INFO         T=2: power=2297.9, rank=2, in_top_10=YES
22:55:44 INFO         T=5: power=2285.7, rank=3, in_top_10=YES
22:55:44 INFO         T=10: power=2391.2, rank=1, in_top_10=YES
22:55:44 DEBUG      Saved /home/anshulk/arithmetic-geometry/plots/phase_g/kt_pilot/kt_magnitude_spectrum_layer1.png
22:55:44 INFO     --- Layer 4 ---
22:55:44 INFO       Activations shape: (361, 4096)
22:55:44 INFO     Computing magnitude spectrum: N=361, hidden_dim=4096, 29 candidate periods
22:55:45 DEBUG      Magnitude spectrum computed in 0.73s
22:55:45 INFO       Top-10 periods by power: [10, 5, 2, 25, 20, 26, 24, 30, 29, 28]
22:55:45 INFO         T=2: power=9426.7, rank=3, in_top_10=YES
22:55:45 INFO         T=5: power=9892.1, rank=2, in_top_10=YES
22:55:45 INFO         T=10: power=10185.2, rank=1, in_top_10=YES
22:55:45 DEBUG      Saved /home/anshulk/arithmetic-geometry/plots/phase_g/kt_pilot/kt_magnitude_spectrum_layer4.png
22:55:45 INFO     --- Layer 8 ---
22:55:45 INFO       Activations shape: (361, 4096)
22:55:45 INFO     Computing magnitude spectrum: N=361, hidden_dim=4096, 29 candidate periods
22:55:46 DEBUG      Magnitude spectrum computed in 0.86s
22:55:46 INFO       Top-10 periods by power: [10, 5, 2, 25, 20, 26, 24, 30, 29, 28]
22:55:46 INFO         T=2: power=21052.4, rank=3, in_top_10=YES
22:55:46 INFO         T=5: power=23101.1, rank=2, in_top_10=YES
22:55:46 INFO         T=10: power=23906.7, rank=1, in_top_10=YES
22:55:46 DEBUG      Saved /home/anshulk/arithmetic-geometry/plots/phase_g/kt_pilot/kt_magnitude_spectrum_layer8.png
22:55:46 INFO     Target periods found across all layers: [2, 5, 10]
22:55:46 INFO     ============================================================
22:55:46 INFO     K&T PILOT: GATE PASSED — Fourier code validated
22:55:46 INFO     Proceed with main Phase G experiment.
22:55:46 INFO     Total time: 0.3 minutes
22:55:46 INFO     Results saved to /data/user_data/anshulk/arithmetic-geometry/phase_g/kt_pilot
22:55:46 INFO     ============================================================
02:15:32 INFO     ============================================================
02:15:32 INFO     K&T REPLICATION PILOT
02:15:32 INFO     ============================================================
02:15:32 INFO     Integer range: [0, 360]
02:15:32 INFO     Target periods: {2, 10, 5}
02:15:32 INFO     Candidate periods: T=2 to T=30
02:15:32 INFO     Gate: each target in top-10 at any layer
02:15:32 INFO     Layers: [0, 1, 4, 8]
02:15:32 INFO     Model: /data/user_data/anshulk/arithmetic-geometry/model
02:15:32 INFO     N = 361 integers
02:15:38 INFO     Loading tokenizer from /data/user_data/anshulk/arithmetic-geometry/model
02:15:39 INFO     Tokenizer loaded: vocab_size=128000
02:15:39 INFO     Loading model from /data/user_data/anshulk/arithmetic-geometry/model (device_map=auto)
02:15:44 INFO     Model loaded in 5.0s, device=cuda:0
02:15:44 INFO     Extracting activations: 361 integers, 4 layers, hidden_dim=4096
02:15:44 INFO     Verifying single-token assumption for all 361 integers...
02:15:44 INFO       All integers verified as single-token
02:15:44 INFO     Processing 6 batches of size 64
02:15:44 DEBUG      Batch 1/6: ints 0-63, input_ids shape=torch.Size([64, 2])
02:15:44 INFO       Batch 1/6 (0.4s elapsed)
02:15:44 DEBUG      Batch 2/6: ints 64-127, input_ids shape=torch.Size([64, 2])
02:15:44 INFO       Batch 2/6 (0.4s elapsed)
02:15:44 DEBUG      Batch 3/6: ints 128-191, input_ids shape=torch.Size([64, 2])
02:15:44 INFO       Batch 3/6 (0.5s elapsed)
02:15:44 DEBUG      Batch 4/6: ints 192-255, input_ids shape=torch.Size([64, 2])
02:15:44 INFO       Batch 4/6 (0.5s elapsed)
02:15:44 DEBUG      Batch 5/6: ints 256-319, input_ids shape=torch.Size([64, 2])
02:15:44 INFO       Batch 5/6 (0.6s elapsed)
02:15:44 DEBUG      Batch 6/6: ints 320-360, input_ids shape=torch.Size([41, 2])
02:15:44 INFO       Batch 6/6 (0.6s elapsed)
02:15:44 INFO     Extraction complete: 0.6s (0.002s/integer)
02:15:44 INFO     Model and tokenizer freed from memory
02:15:44 INFO     --- Layer 0 ---
02:15:44 INFO       Activations shape: (361, 4096)
02:15:44 INFO     Computing magnitude spectrum: N=361, hidden_dim=4096, 29 candidate periods
02:15:45 DEBUG      Magnitude spectrum computed in 0.83s
02:15:45 INFO       Top-10 periods by power: [2, 5, 10, 25, 20, 26, 3, 24, 30, 29]
02:15:45 INFO         T=2: power=482.2, rank=1, in_top_10=YES
02:15:45 INFO         T=5: power=454.8, rank=2, in_top_10=YES
02:15:45 INFO         T=10: power=445.0, rank=3, in_top_10=YES
02:15:46 DEBUG      Saved /home/anshulk/arithmetic-geometry/plots/phase_g/kt_pilot/kt_magnitude_spectrum_layer0.png
02:15:46 INFO     --- Layer 1 ---
02:15:46 INFO       Activations shape: (361, 4096)
02:15:46 INFO     Computing magnitude spectrum: N=361, hidden_dim=4096, 29 candidate periods
02:15:46 DEBUG      Magnitude spectrum computed in 0.75s
02:15:46 INFO       Top-10 periods by power: [10, 2, 5, 25, 20, 26, 24, 30, 28, 29]
02:15:46 INFO         T=2: power=2297.9, rank=2, in_top_10=YES
02:15:46 INFO         T=5: power=2285.7, rank=3, in_top_10=YES
02:15:46 INFO         T=10: power=2391.2, rank=1, in_top_10=YES
02:15:46 DEBUG      Saved /home/anshulk/arithmetic-geometry/plots/phase_g/kt_pilot/kt_magnitude_spectrum_layer1.png
02:15:46 INFO     --- Layer 4 ---
02:15:46 INFO       Activations shape: (361, 4096)
02:15:46 INFO     Computing magnitude spectrum: N=361, hidden_dim=4096, 29 candidate periods
02:15:47 DEBUG      Magnitude spectrum computed in 0.26s
02:15:47 INFO       Top-10 periods by power: [10, 5, 2, 25, 20, 26, 24, 30, 29, 28]
02:15:47 INFO         T=2: power=9426.7, rank=3, in_top_10=YES
02:15:47 INFO         T=5: power=9892.1, rank=2, in_top_10=YES
02:15:47 INFO         T=10: power=10185.2, rank=1, in_top_10=YES
02:15:47 DEBUG      Saved /home/anshulk/arithmetic-geometry/plots/phase_g/kt_pilot/kt_magnitude_spectrum_layer4.png
02:15:47 INFO     --- Layer 8 ---
02:15:47 INFO       Activations shape: (361, 4096)
02:15:47 INFO     Computing magnitude spectrum: N=361, hidden_dim=4096, 29 candidate periods
02:15:47 DEBUG      Magnitude spectrum computed in 0.30s
02:15:47 INFO       Top-10 periods by power: [10, 5, 2, 25, 20, 26, 24, 30, 29, 28]
02:15:47 INFO         T=2: power=21052.4, rank=3, in_top_10=YES
02:15:47 INFO         T=5: power=23101.1, rank=2, in_top_10=YES
02:15:47 INFO         T=10: power=23906.7, rank=1, in_top_10=YES
02:15:47 DEBUG      Saved /home/anshulk/arithmetic-geometry/plots/phase_g/kt_pilot/kt_magnitude_spectrum_layer8.png
02:15:47 INFO     Target periods found across all layers: [2, 5, 10]
02:15:47 INFO     ============================================================
02:15:47 INFO     K&T PILOT: GATE PASSED — Fourier code validated
02:15:47 INFO     Proceed with main Phase G experiment.
02:15:47 INFO     Total time: 0.2 minutes
02:15:47 INFO     Results saved to /data/user_data/anshulk/arithmetic-geometry/phase_g/kt_pilot
02:15:47 INFO     ============================================================
