2026-03-18 20:15:28,740 | INFO    | ============================================================
2026-03-18 20:15:28,740 | INFO    | Arithmetic Geometry Pipeline
2026-03-18 20:15:28,740 | INFO    | ============================================================
2026-03-18 20:15:28,740 | INFO    | --- Generating problems ---
2026-03-18 20:15:28,826 | INFO    | Level 1: 64 problems (64 unique), a in [2,9], b in [2,9]
2026-03-18 20:15:28,829 | DEBUG   | Level 2 digit coverage: a_leading={6: 446, 2: 469, 8: 384, 7: 431, 3: 466, 9: 449, 1: 455, 4: 462, 5: 438}, b_leading={2: 486, 3: 482, 6: 500, 5: 477, 4: 508, 8: 529, 7: 510, 9: 508}
2026-03-18 20:15:28,829 | INFO    | Level 2: 4000 problems (718 unique), a in [10,99], b in [2,9]
2026-03-18 20:15:28,835 | DEBUG   | Level 3 digit coverage: a_leading={6: 1118, 7: 1078, 1: 1071, 8: 1164, 9: 1139, 4: 1082, 3: 1122, 5: 1083, 2: 1143}, b_leading={4: 1068, 9: 1129, 8: 1101, 7: 1112, 3: 1051, 6: 1147, 1: 1131, 2: 1149, 5: 1112}
2026-03-18 20:15:28,835 | INFO    | Level 3: 10000 problems (5733 unique), a in [10,99], b in [10,99]
2026-03-18 20:15:28,842 | DEBUG   | Level 4 digit coverage: a_leading={2: 1065, 3: 1108, 5: 1092, 9: 1112, 7: 1096, 8: 1086, 6: 1170, 1: 1105, 4: 1166}, b_leading={9: 1105, 8: 1113, 3: 1164, 2: 1079, 7: 1139, 4: 1055, 5: 1108, 1: 1091, 6: 1146}
2026-03-18 20:15:28,842 | INFO    | Level 4: 10000 problems (9414 unique), a in [100,999], b in [10,99]
2026-03-18 20:15:28,920 | INFO    | Level 5: loaded 122223 problems from l5_selected_problems.json
2026-03-18 20:15:29,007 | DEBUG   | Level 5 digit coverage: a_leading={1: 13631, 2: 13646, 3: 13616, 4: 13509, 5: 13554, 6: 13536, 7: 13589, 8: 13582, 9: 13560}, b_leading={1: 13700, 2: 13418, 3: 13497, 4: 13548, 5: 13672, 6: 13650, 8: 13585, 9: 13486, 7: 13667}
2026-03-18 20:15:29,007 | INFO    | Level 5: 122223 problems (122223 unique), a in [100,999], b in [100,999]
2026-03-18 20:15:29,007 | INFO    | Total problems across all levels: 146287
2026-03-18 20:15:29,007 | INFO    | --- Computing labels ---
2026-03-18 20:15:29,008 | INFO    | Level 1: computed 64 label sets
2026-03-18 20:15:29,048 | INFO    | Level 2: computed 4000 label sets
2026-03-18 20:15:29,204 | INFO    | Level 3: computed 10000 label sets
2026-03-18 20:15:29,444 | INFO    | Level 4: computed 10000 label sets
2026-03-18 20:15:33,691 | INFO    | Level 5: computed 122223 label sets
2026-03-18 20:15:33,692 | INFO    | --- Verifying labels ---
2026-03-18 20:15:33,692 | INFO    | Level 1: max carry bounds = [8]
2026-03-18 20:15:33,692 | INFO    | Level 1: all 64 labels verified
2026-03-18 20:15:33,692 | INFO    | Level 2: max carry bounds = [8, 8]
2026-03-18 20:15:33,698 | INFO    | Level 2: all 4000 labels verified
2026-03-18 20:15:33,698 | INFO    | Level 3: max carry bounds = [8, 17, 9]
2026-03-18 20:15:33,713 | INFO    | Level 3: all 10000 labels verified
2026-03-18 20:15:33,714 | INFO    | Level 4: max carry bounds = [8, 17, 17, 9]
2026-03-18 20:15:33,731 | INFO    | Level 4: all 10000 labels verified
2026-03-18 20:15:33,732 | INFO    | Level 5: max carry bounds = [8, 17, 26, 18, 9]
2026-03-18 20:15:33,988 | INFO    | Level 5: all 122223 labels verified
2026-03-18 20:15:34,038 | INFO    | --- Saving datasets ---
2026-03-18 20:15:34,042 | INFO    | Level 1: saved level_1.json (0.0 MB)
2026-03-18 20:15:34,289 | INFO    | Level 2: saved level_2.json (2.9 MB)
2026-03-18 20:15:35,014 | INFO    | Level 3: saved level_3.json (9.1 MB)
2026-03-18 20:15:35,862 | INFO    | Level 4: saved level_4.json (11.0 MB)
2026-03-18 20:15:47,873 | INFO    | Level 5: saved level_5.json (160.0 MB)
2026-03-18 20:15:47,918 | INFO    | --- Loading tokenizer ---
2026-03-18 20:15:58,607 | INFO    | Loading tokenizer: /data/user_data/anshulk/arithmetic-geometry/model
2026-03-18 20:15:59,733 | INFO    | Tokenizer ready (vocab=128000, pad=eos=128001)
2026-03-18 20:15:59,736 | INFO    | Level 1: token lengths={6}, last tokens={' ='}
2026-03-18 20:15:59,737 | INFO    | Level 2: token lengths={6}, last tokens={' ='}
2026-03-18 20:15:59,738 | INFO    | Level 3: token lengths={6}, last tokens={' ='}
2026-03-18 20:15:59,739 | INFO    | Level 4: token lengths={6}, last tokens={' ='}
2026-03-18 20:15:59,740 | INFO    | Level 5: token lengths={6}, last tokens={' ='}
2026-03-18 20:15:59,740 | INFO    | Tokenization verification: PASS
2026-03-18 20:15:59,740 | INFO    | --- Loading model ---
2026-03-18 20:15:59,768 | INFO    | Loading model: /data/user_data/anshulk/arithmetic-geometry/model (dtype=bfloat16)
2026-03-18 20:16:47,713 | INFO    | Model loaded in 47.9s on cuda:0
2026-03-18 20:16:47,713 | INFO    | --- Extracting activations ---
2026-03-18 20:16:47,715 | INFO    | Level 1: extracting 64 prompts x 9 layers
2026-03-18 20:16:50,477 | INFO    |   Level 1: 64/64
2026-03-18 20:16:50,491 | INFO    | Level 1: extraction done in 2.8s
2026-03-18 20:16:50,491 | INFO    | Level 2: extracting 4000 prompts x 9 layers
2026-03-18 20:16:53,306 | INFO    |   Level 2: 2560/4000
2026-03-18 20:16:54,785 | INFO    |   Level 2: 4000/4000
2026-03-18 20:16:55,395 | INFO    | Level 2: extraction done in 4.9s
2026-03-18 20:16:55,396 | INFO    | Level 3: extracting 10000 prompts x 9 layers
2026-03-18 20:16:57,970 | INFO    |   Level 3: 2560/10000
2026-03-18 20:17:00,580 | INFO    |   Level 3: 5120/10000
2026-03-18 20:17:03,189 | INFO    |   Level 3: 7680/10000
2026-03-18 20:17:05,612 | INFO    |   Level 3: 10000/10000
2026-03-18 20:17:06,952 | INFO    | Level 3: extraction done in 11.6s
2026-03-18 20:17:06,952 | INFO    | Level 4: extracting 10000 prompts x 9 layers
2026-03-18 20:17:09,514 | INFO    |   Level 4: 2560/10000
2026-03-18 20:17:12,080 | INFO    |   Level 4: 5120/10000
2026-03-18 20:17:14,647 | INFO    |   Level 4: 7680/10000
2026-03-18 20:17:16,996 | INFO    |   Level 4: 10000/10000
2026-03-18 20:17:18,332 | INFO    | Level 4: extraction done in 11.4s
2026-03-18 20:17:18,332 | INFO    | Level 5: extracting 122223 prompts x 9 layers
2026-03-18 20:17:20,892 | INFO    |   Level 5: 2560/122223
2026-03-18 20:17:23,462 | INFO    |   Level 5: 5120/122223
2026-03-18 20:17:26,033 | INFO    |   Level 5: 7680/122223
2026-03-18 20:17:28,611 | INFO    |   Level 5: 10240/122223
2026-03-18 20:17:31,189 | INFO    |   Level 5: 12800/122223
2026-03-18 20:17:33,769 | INFO    |   Level 5: 15360/122223
2026-03-18 20:17:36,347 | INFO    |   Level 5: 17920/122223
2026-03-18 20:17:38,928 | INFO    |   Level 5: 20480/122223
2026-03-18 20:17:41,510 | INFO    |   Level 5: 23040/122223
2026-03-18 20:17:44,096 | INFO    |   Level 5: 25600/122223
2026-03-18 20:17:46,676 | INFO    |   Level 5: 28160/122223
2026-03-18 20:17:49,271 | INFO    |   Level 5: 30720/122223
2026-03-18 20:17:51,885 | INFO    |   Level 5: 33280/122223
2026-03-18 20:17:54,495 | INFO    |   Level 5: 35840/122223
2026-03-18 20:17:57,109 | INFO    |   Level 5: 38400/122223
2026-03-18 20:17:59,724 | INFO    |   Level 5: 40960/122223
2026-03-18 20:18:02,339 | INFO    |   Level 5: 43520/122223
2026-03-18 20:18:04,960 | INFO    |   Level 5: 46080/122223
2026-03-18 20:18:07,582 | INFO    |   Level 5: 48640/122223
2026-03-18 20:18:10,201 | INFO    |   Level 5: 51200/122223
2026-03-18 20:18:12,822 | INFO    |   Level 5: 53760/122223
2026-03-18 20:18:15,442 | INFO    |   Level 5: 56320/122223
2026-03-18 20:18:18,066 | INFO    |   Level 5: 58880/122223
2026-03-18 20:18:20,695 | INFO    |   Level 5: 61440/122223
2026-03-18 20:18:23,324 | INFO    |   Level 5: 64000/122223
2026-03-18 20:18:25,955 | INFO    |   Level 5: 66560/122223
2026-03-18 20:18:28,584 | INFO    |   Level 5: 69120/122223
2026-03-18 20:18:31,218 | INFO    |   Level 5: 71680/122223
2026-03-18 20:18:33,850 | INFO    |   Level 5: 74240/122223
2026-03-18 20:18:36,485 | INFO    |   Level 5: 76800/122223
2026-03-18 20:18:39,118 | INFO    |   Level 5: 79360/122223
2026-03-18 20:18:41,751 | INFO    |   Level 5: 81920/122223
2026-03-18 20:18:44,385 | INFO    |   Level 5: 84480/122223
2026-03-18 20:18:47,021 | INFO    |   Level 5: 87040/122223
2026-03-18 20:18:49,656 | INFO    |   Level 5: 89600/122223
2026-03-18 20:18:52,291 | INFO    |   Level 5: 92160/122223
2026-03-18 20:18:54,928 | INFO    |   Level 5: 94720/122223
2026-03-18 20:18:57,564 | INFO    |   Level 5: 97280/122223
2026-03-18 20:19:00,199 | INFO    |   Level 5: 99840/122223
2026-03-18 20:19:02,836 | INFO    |   Level 5: 102400/122223
2026-03-18 20:19:05,473 | INFO    |   Level 5: 104960/122223
2026-03-18 20:19:08,110 | INFO    |   Level 5: 107520/122223
2026-03-18 20:19:10,746 | INFO    |   Level 5: 110080/122223
2026-03-18 20:19:13,381 | INFO    |   Level 5: 112640/122223
2026-03-18 20:19:16,021 | INFO    |   Level 5: 115200/122223
2026-03-18 20:19:18,660 | INFO    |   Level 5: 117760/122223
2026-03-18 20:19:21,299 | INFO    |   Level 5: 120320/122223
2026-03-18 20:19:23,274 | INFO    |   Level 5: 122223/122223
2026-03-18 20:19:41,199 | INFO    | Level 5: extraction done in 142.9s
2026-03-18 20:19:41,200 | INFO    | Activation extraction complete
2026-03-18 20:19:41,207 | INFO    | --- Post-extraction sanity checks ---
2026-03-18 20:19:41,209 | DEBUG   | L1 layer 4: norms min=3.7 mean=3.8 max=3.8
2026-03-18 20:19:41,211 | DEBUG   | L1 layer 6: norms min=5.2 mean=5.3 max=5.5
2026-03-18 20:19:41,280 | DEBUG   | L1 layer 8: norms min=6.2 mean=6.5 max=6.6
2026-03-18 20:19:41,281 | DEBUG   | L1 layer 12: norms min=7.8 mean=8.0 max=8.2
2026-03-18 20:19:41,282 | DEBUG   | L1 layer 16: norms min=10.2 mean=10.6 max=11.3
2026-03-18 20:19:41,283 | DEBUG   | L1 layer 20: norms min=14.9 mean=16.0 max=16.9
2026-03-18 20:19:41,284 | DEBUG   | L1 layer 24: norms min=22.0 mean=23.9 max=25.8
2026-03-18 20:19:41,301 | DEBUG   | L1 layer 28: norms min=33.1 mean=35.4 max=37.8
2026-03-18 20:19:41,302 | DEBUG   | L1 layer 31: norms min=68.5 mean=74.8 max=78.0
2026-03-18 20:19:41,302 | INFO    | Level 1: sanity checks done
2026-03-18 20:19:41,358 | DEBUG   | L2 layer 4: norms min=3.6 mean=3.7 max=3.8
2026-03-18 20:19:41,408 | DEBUG   | L2 layer 6: norms min=5.0 mean=5.1 max=5.3
2026-03-18 20:19:41,462 | DEBUG   | L2 layer 8: norms min=5.9 mean=6.3 max=6.5
2026-03-18 20:19:41,512 | DEBUG   | L2 layer 12: norms min=7.3 mean=8.1 max=8.4
2026-03-18 20:19:41,566 | DEBUG   | L2 layer 16: norms min=10.2 mean=11.1 max=11.7
2026-03-18 20:19:41,616 | DEBUG   | L2 layer 20: norms min=15.6 mean=17.1 max=18.2
2026-03-18 20:19:41,670 | DEBUG   | L2 layer 24: norms min=22.4 mean=25.6 max=27.2
2026-03-18 20:19:41,720 | DEBUG   | L2 layer 28: norms min=33.8 mean=37.4 max=39.4
2026-03-18 20:19:41,774 | DEBUG   | L2 layer 31: norms min=69.7 mean=76.1 max=81.6
2026-03-18 20:19:41,774 | INFO    | Level 2: sanity checks done
2026-03-18 20:19:41,919 | DEBUG   | L3 layer 4: norms min=3.6 mean=3.7 max=3.8
2026-03-18 20:19:42,064 | DEBUG   | L3 layer 6: norms min=4.9 mean=5.1 max=5.3
2026-03-18 20:19:42,209 | DEBUG   | L3 layer 8: norms min=5.9 mean=6.3 max=6.7
2026-03-18 20:19:42,353 | DEBUG   | L3 layer 12: norms min=7.7 mean=8.4 max=8.8
2026-03-18 20:19:43,286 | DEBUG   | L3 layer 16: norms min=9.8 mean=11.0 max=12.0
2026-03-18 20:19:44,435 | DEBUG   | L3 layer 20: norms min=14.1 mean=16.6 max=18.0
2026-03-18 20:19:45,314 | DEBUG   | L3 layer 24: norms min=20.4 mean=24.9 max=27.7
2026-03-18 20:19:45,460 | DEBUG   | L3 layer 28: norms min=32.1 mean=36.7 max=40.1
2026-03-18 20:19:46,472 | DEBUG   | L3 layer 31: norms min=71.2 mean=77.5 max=85.1
2026-03-18 20:19:46,473 | INFO    | Level 3: sanity checks done
2026-03-18 20:19:46,619 | DEBUG   | L4 layer 4: norms min=3.5 mean=3.6 max=3.8
2026-03-18 20:19:46,765 | DEBUG   | L4 layer 6: norms min=4.8 mean=5.0 max=5.4
2026-03-18 20:19:46,912 | DEBUG   | L4 layer 8: norms min=5.9 mean=6.5 max=7.3
2026-03-18 20:19:47,059 | DEBUG   | L4 layer 12: norms min=7.8 mean=8.4 max=9.1
2026-03-18 20:19:47,205 | DEBUG   | L4 layer 16: norms min=9.0 mean=10.7 max=12.0
2026-03-18 20:19:48,102 | DEBUG   | L4 layer 20: norms min=13.0 mean=16.0 max=17.9
2026-03-18 20:19:48,246 | DEBUG   | L4 layer 24: norms min=19.2 mean=23.9 max=27.4
2026-03-18 20:19:48,635 | DEBUG   | L4 layer 28: norms min=30.8 mean=35.9 max=39.7
2026-03-18 20:19:48,780 | DEBUG   | L4 layer 31: norms min=66.3 mean=76.6 max=87.2
2026-03-18 20:19:48,780 | INFO    | Level 4: sanity checks done
2026-03-18 20:19:50,702 | DEBUG   | L5 layer 4: norms min=3.4 mean=3.6 max=3.7
2026-03-18 20:19:52,630 | DEBUG   | L5 layer 6: norms min=4.6 mean=5.1 max=5.5
2026-03-18 20:19:54,549 | DEBUG   | L5 layer 8: norms min=5.9 mean=6.6 max=7.4
2026-03-18 20:19:56,472 | DEBUG   | L5 layer 12: norms min=7.7 mean=8.3 max=9.6
2026-03-18 20:19:58,395 | DEBUG   | L5 layer 16: norms min=8.8 mean=10.4 max=12.2
2026-03-18 20:20:00,313 | DEBUG   | L5 layer 20: norms min=12.8 mean=15.4 max=17.8
2026-03-18 20:20:09,501 | DEBUG   | L5 layer 24: norms min=18.9 mean=23.2 max=27.5
2026-03-18 20:20:11,451 | DEBUG   | L5 layer 28: norms min=29.5 mean=35.0 max=40.5
2026-03-18 20:20:21,352 | DEBUG   | L5 layer 31: norms min=55.6 mean=74.4 max=89.6
2026-03-18 20:20:21,352 | INFO    | Level 5: sanity checks done
2026-03-18 20:20:21,352 | INFO    | All post-extraction sanity checks PASSED
2026-03-18 20:20:21,356 | INFO    | --- Generating answers ---
2026-03-18 20:20:21,356 | INFO    | Level 1: generating answers for 64 problems
2026-03-18 20:20:22,530 | INFO    |   Level 1: 64/64
2026-03-18 20:20:22,530 | INFO    | Level 1: generation done in 1.2s
2026-03-18 20:20:22,530 | INFO    | Level 2: generating answers for 4000 problems
2026-03-18 20:20:31,675 | INFO    |   Level 2: 2560/4000
2026-03-18 20:20:36,784 | INFO    |   Level 2: 4000/4000
2026-03-18 20:20:36,784 | INFO    | Level 2: generation done in 14.3s
2026-03-18 20:20:36,784 | INFO    | Level 3: generating answers for 10000 problems
2026-03-18 20:20:45,774 | INFO    |   Level 3: 2560/10000
2026-03-18 20:20:54,782 | INFO    |   Level 3: 5120/10000
2026-03-18 20:21:03,777 | INFO    |   Level 3: 7680/10000
2026-03-18 20:21:12,280 | INFO    |   Level 3: 10000/10000
2026-03-18 20:21:12,280 | INFO    | Level 3: generation done in 35.5s
2026-03-18 20:21:12,281 | INFO    | Level 4: generating answers for 10000 problems
2026-03-18 20:21:21,310 | INFO    |   Level 4: 2560/10000
2026-03-18 20:21:30,376 | INFO    |   Level 4: 5120/10000
2026-03-18 20:21:39,459 | INFO    |   Level 4: 7680/10000
2026-03-18 20:21:47,986 | INFO    |   Level 4: 10000/10000
2026-03-18 20:21:47,986 | INFO    | Level 4: generation done in 35.7s
2026-03-18 20:21:47,986 | INFO    | Level 5: generating answers for 122223 problems
2026-03-18 20:21:57,072 | INFO    |   Level 5: 2560/122223
2026-03-18 20:22:06,158 | INFO    |   Level 5: 5120/122223
2026-03-18 20:22:15,252 | INFO    |   Level 5: 7680/122223
2026-03-18 20:22:24,353 | INFO    |   Level 5: 10240/122223
2026-03-18 20:22:33,450 | INFO    |   Level 5: 12800/122223
2026-03-18 20:22:42,557 | INFO    |   Level 5: 15360/122223
2026-03-18 20:22:51,657 | INFO    |   Level 5: 17920/122223
2026-03-18 20:23:00,759 | INFO    |   Level 5: 20480/122223
2026-03-18 20:23:09,876 | INFO    |   Level 5: 23040/122223
2026-03-18 20:23:19,000 | INFO    |   Level 5: 25600/122223
2026-03-18 20:23:28,131 | INFO    |   Level 5: 28160/122223
2026-03-18 20:23:37,259 | INFO    |   Level 5: 30720/122223
2026-03-18 20:23:46,395 | INFO    |   Level 5: 33280/122223
2026-03-18 20:23:55,534 | INFO    |   Level 5: 35840/122223
2026-03-18 20:24:04,675 | INFO    |   Level 5: 38400/122223
2026-03-18 20:24:13,817 | INFO    |   Level 5: 40960/122223
2026-03-18 20:24:22,954 | INFO    |   Level 5: 43520/122223
2026-03-18 20:24:32,095 | INFO    |   Level 5: 46080/122223
2026-03-18 20:24:41,238 | INFO    |   Level 5: 48640/122223
2026-03-18 20:24:50,368 | INFO    |   Level 5: 51200/122223
2026-03-18 20:24:59,502 | INFO    |   Level 5: 53760/122223
2026-03-18 20:25:08,641 | INFO    |   Level 5: 56320/122223
2026-03-18 20:25:17,789 | INFO    |   Level 5: 58880/122223
2026-03-18 20:25:27,053 | INFO    |   Level 5: 61440/122223
2026-03-18 20:25:36,195 | INFO    |   Level 5: 64000/122223
2026-03-18 20:25:45,342 | INFO    |   Level 5: 66560/122223
2026-03-18 20:25:54,470 | INFO    |   Level 5: 69120/122223
2026-03-18 20:26:03,594 | INFO    |   Level 5: 71680/122223
2026-03-18 20:26:12,734 | INFO    |   Level 5: 74240/122223
2026-03-18 20:26:21,858 | INFO    |   Level 5: 76800/122223
2026-03-18 20:26:30,995 | INFO    |   Level 5: 79360/122223
2026-03-18 20:26:40,118 | INFO    |   Level 5: 81920/122223
2026-03-18 20:26:49,248 | INFO    |   Level 5: 84480/122223
2026-03-18 20:26:58,383 | INFO    |   Level 5: 87040/122223
2026-03-18 20:27:07,525 | INFO    |   Level 5: 89600/122223
2026-03-18 20:27:16,645 | INFO    |   Level 5: 92160/122223
2026-03-18 20:27:25,768 | INFO    |   Level 5: 94720/122223
2026-03-18 20:27:34,891 | INFO    |   Level 5: 97280/122223
2026-03-18 20:27:44,032 | INFO    |   Level 5: 99840/122223
2026-03-18 20:27:53,154 | INFO    |   Level 5: 102400/122223
2026-03-18 20:28:02,279 | INFO    |   Level 5: 104960/122223
2026-03-18 20:28:11,413 | INFO    |   Level 5: 107520/122223
2026-03-18 20:28:20,540 | INFO    |   Level 5: 110080/122223
2026-03-18 20:28:29,657 | INFO    |   Level 5: 112640/122223
2026-03-18 20:28:38,776 | INFO    |   Level 5: 115200/122223
2026-03-18 20:28:47,912 | INFO    |   Level 5: 117760/122223
2026-03-18 20:28:57,053 | INFO    |   Level 5: 120320/122223
2026-03-18 20:29:03,932 | INFO    |   Level 5: 122223/122223
2026-03-18 20:29:03,932 | INFO    | Level 5: generation done in 435.9s
2026-03-18 20:29:03,932 | INFO    | --- Saving answers ---
2026-03-18 20:29:04,041 | INFO    | Level 1: accuracy 100.0% (64/64)
2026-03-18 20:29:04,072 | INFO    | Level 2: accuracy 99.8% (3993/4000)
2026-03-18 20:29:04,151 | INFO    | Level 3: accuracy 67.2% (6720/10000)
2026-03-18 20:29:04,233 | INFO    | Level 4: accuracy 29.0% (2897/10000)
2026-03-18 20:29:05,236 | INFO    | Level 5: accuracy 3.4% (4197/122223)
2026-03-18 20:29:05,294 | INFO    | --- Generating diagnostic plots ---
2026-03-18 20:29:06,286 | INFO    | Saved accuracy_by_level.png
2026-03-18 20:29:43,500 | INFO    | Saved activation_norm_profile.png
2026-03-18 20:29:44,148 | INFO    | Saved digit_coverage.png
2026-03-18 20:29:44,178 | INFO    | ============================================================
2026-03-18 20:29:44,178 | INFO    | Pipeline complete in 14.3 min
2026-03-18 20:29:44,179 | INFO    | Activation storage: 20.09 GB
2026-03-18 20:29:44,180 | INFO    | Answer storage: 20.7 MB
2026-03-18 20:29:44,180 | INFO    |   Level 1 accuracy: 100.0%
2026-03-18 20:29:44,180 | INFO    |   Level 2 accuracy: 99.8%
2026-03-18 20:29:44,180 | INFO    |   Level 3 accuracy: 67.2%
2026-03-18 20:29:44,180 | INFO    |   Level 4 accuracy: 29.0%
2026-03-18 20:29:44,180 | INFO    |   Level 5 accuracy: 3.4%
2026-03-18 20:29:44,180 | INFO    | ============================================================
