============================================================
Phase C — Concept Subspace Identification
============================================================
Job ID: 6626413
Node: babel-t9-28
Start time: Tue Mar 17 10:47:36 PM EDT 2026
============================================================
Activating conda environment...

Running pre-flight checks...
  Checking Python packages...
  All packages available
  Checking config...
  Checking input data...
  Activations: 45 .npy files
  Coloring DFs: 5 .pkl files
  Creating output directories...
  Output directories ready

Pre-flight checks passed!

============================================================
Running Phase C
  Expected runtime: ~35-40 min (8 cores)
============================================================


============================================================
Post-Run Validation
============================================================
--- Data outputs ---
  Subspace metadata.json: 2835
  Basis .npy files: 2835
  Residualized .npy files: 45 / 45

--- Summary files ---
  phase_c_results.csv: 2836 rows
  correct_wrong_divergence.csv: 775 rows
  alignment_results.csv: 2521 rows

--- Plots ---
  eigenvalue_spectra: 543 plots
  dimensionality_heatmaps: 11 plots
  cross_layer_trajectories: 315 plots
  correct_wrong_comparison: 86 plots

============================================================
Job Complete
============================================================
End time: Tue Mar 17 11:45:54 PM EDT 2026
Exit code: 0
Total runtime: 3498 seconds (58 minutes)

Phase C completed successfully
