============================================================
Phase D — LDA Refinement
============================================================
Job ID: 6893354
Node: babel-u9-28
Start time: Mon Mar 30 21:52:11 EDT 2026
============================================================
Activating conda environment...

Running pre-flight checks...
  Checking Python packages...
  All packages available
  Checking config...
  Checking Phase C outputs...
  Residualized activations: 45 / 45
  Phase C subspace metadata: 2844
  Phase C basis files: 2844
  Phase C results CSV: 2845 rows
  Raw activations: 45 .npy files
  Coloring DFs: 5 .pkl files
  Creating Phase D output directories...
  Output directories ready

Pre-flight checks passed!

============================================================
Running Phase D — LDA Refinement
  S_T denominator (invariant to label permutation)
  Layers: [4, 6, 8, 12, 16, 20, 24, 28, 31]
  Populations: all, correct, wrong
  Expected runtime: ~2-4 hours (GPU-accelerated)
============================================================

